TN:
SF:src/App.tsx
FN:19,InnerApp
FN:21,(anonymous_1)
FN:26,(anonymous_2)
FN:36,App
FNF:4
FNH:4
FNDA:2,InnerApp
FNDA:1,(anonymous_1)
FNDA:1,(anonymous_2)
FNDA:2,App
DA:9,1
DA:20,2
DA:21,2
DA:26,2
DA:27,1
DA:30,1
DA:33,2
DA:37,2
LF:8
LH:8
BRF:0
BRH:0
end_of_record
TN:
SF:src/routes.tsx
FN:16,(anonymous_0)
FN:17,(anonymous_1)
FN:19,(anonymous_2)
FN:20,(anonymous_3)
FN:22,(anonymous_4)
FN:23,(anonymous_5)
FN:25,(anonymous_6)
FN:26,(anonymous_7)
FN:32,(anonymous_8)
FN:33,(anonymous_9)
FN:35,(anonymous_10)
FN:36,(anonymous_11)
FN:40,(anonymous_12)
FN:41,(anonymous_13)
FN:43,(anonymous_14)
FN:44,(anonymous_15)
FN:46,(anonymous_16)
FN:47,(anonymous_17)
FN:49,(anonymous_18)
FN:50,(anonymous_19)
FN:52,(anonymous_20)
FN:53,(anonymous_21)
FN:71,(anonymous_22)
FN:83,(anonymous_23)
FN:89,(anonymous_24)
FN:95,(anonymous_25)
FN:101,(anonymous_26)
FN:109,(anonymous_27)
FN:111,(anonymous_28)
FN:118,(anonymous_29)
FN:128,(anonymous_30)
FN:130,(anonymous_31)
FN:136,(anonymous_32)
FN:142,(anonymous_33)
FN:148,(anonymous_34)
FN:154,(anonymous_35)
FN:160,(anonymous_36)
FN:163,(anonymous_37)
FN:169,(anonymous_38)
FN:172,(anonymous_39)
FN:175,(anonymous_40)
FN:184,(anonymous_41)
FN:192,(anonymous_42)
FN:194,(anonymous_43)
FN:221,createAppRouter
FNF:45
FNH:45
FNDA:1,(anonymous_0)
FNDA:1,(anonymous_1)
FNDA:1,(anonymous_2)
FNDA:1,(anonymous_3)
FNDA:1,(anonymous_4)
FNDA:1,(anonymous_5)
FNDA:1,(anonymous_6)
FNDA:1,(anonymous_7)
FNDA:1,(anonymous_8)
FNDA:1,(anonymous_9)
FNDA:1,(anonymous_10)
FNDA:1,(anonymous_11)
FNDA:1,(anonymous_12)
FNDA:1,(anonymous_13)
FNDA:1,(anonymous_14)
FNDA:1,(anonymous_15)
FNDA:1,(anonymous_16)
FNDA:1,(anonymous_17)
FNDA:1,(anonymous_18)
FNDA:1,(anonymous_19)
FNDA:1,(anonymous_20)
FNDA:1,(anonymous_21)
FNDA:14,(anonymous_22)
FNDA:19,(anonymous_23)
FNDA:19,(anonymous_24)
FNDA:19,(anonymous_25)
FNDA:19,(anonymous_26)
FNDA:19,(anonymous_27)
FNDA:26,(anonymous_28)
FNDA:14,(anonymous_29)
FNDA:19,(anonymous_30)
FNDA:3,(anonymous_31)
FNDA:19,(anonymous_32)
FNDA:19,(anonymous_33)
FNDA:19,(anonymous_34)
FNDA:19,(anonymous_35)
FNDA:19,(anonymous_36)
FNDA:7,(anonymous_37)
FNDA:19,(anonymous_38)
FNDA:10,(anonymous_39)
FNDA:7,(anonymous_40)
FNDA:19,(anonymous_41)
FNDA:19,(anonymous_42)
FNDA:1,(anonymous_43)
FNDA:19,createAppRouter
DA:16,2
DA:17,1
DA:19,2
DA:20,1
DA:22,2
DA:23,1
DA:25,2
DA:26,1
DA:27,1
DA:32,2
DA:33,1
DA:35,2
DA:36,1
DA:37,1
DA:40,2
DA:41,1
DA:43,2
DA:44,1
DA:46,2
DA:47,1
DA:49,2
DA:50,1
DA:52,2
DA:53,1
DA:70,2
DA:72,14
DA:82,2
DA:83,19
DA:88,2
DA:89,19
DA:94,2
DA:95,19
DA:100,2
DA:101,19
DA:108,2
DA:109,19
DA:112,26
DA:113,21
DA:114,1
DA:119,14
DA:127,2
DA:128,19
DA:131,3
DA:135,2
DA:136,19
DA:141,2
DA:142,19
DA:147,2
DA:148,19
DA:153,2
DA:154,19
DA:159,2
DA:160,19
DA:163,7
DA:168,2
DA:169,19
DA:172,10
DA:176,7
DA:177,6
DA:178,2
DA:183,2
DA:184,19
DA:191,2
DA:192,19
DA:195,1
DA:201,2
DA:222,19
LF:67
LH:67
BRDA:112,0,0,5
BRDA:112,0,1,21
BRDA:113,1,0,1
BRDA:113,1,1,20
BRDA:164,2,0,1
BRDA:164,2,1,6
BRDA:173,3,0,1
BRDA:173,3,1,9
BRDA:176,4,0,1
BRDA:176,4,1,6
BRDA:177,5,0,2
BRDA:177,5,1,4
BRF:12
BRH:12
end_of_record
TN:
SF:src/components/AppLogo.tsx
FN:7,BrandMark
FN:41,LogoIcon
FN:52,LogoWithName
FNF:3
FNH:3
FNDA:3,BrandMark
FNDA:2,LogoIcon
FNDA:1,LogoWithName
DA:18,3
DA:42,2
DA:53,1
LF:3
LH:3
BRF:0
BRH:0
end_of_record
TN:
SF:src/components/AppMetadata.tsx
FN:4,setMeta
FN:29,AppMetadata
FN:32,(anonymous_2)
FNF:3
FNH:3
FNDA:98,setMeta
FNDA:14,AppMetadata
FNDA:14,(anonymous_2)
DA:5,98
DA:6,98
DA:7,89
DA:8,89
DA:11,9
DA:13,9
DA:14,6
DA:15,6
DA:16,3
DA:17,3
DA:18,3
DA:25,9
DA:26,9
DA:30,14
DA:32,14
DA:33,14
DA:34,14
DA:37,14
DA:42,14
DA:43,14
DA:45,14
DA:46,14
DA:47,14
DA:48,14
DA:49,14
DA:50,14
DA:51,14
DA:54,14
LF:28
LH:28
BRDA:6,0,0,89
BRDA:6,0,1,9
BRDA:13,1,0,6
BRDA:13,1,1,3
BRDA:16,2,0,3
BRDA:42,3,0,14
BRDA:42,3,1,2
BRDA:42,3,2,1
BRF:8
BRH:8
end_of_record
TN:
SF:src/components/AppTheme.tsx
FN:7,AppTheme
FN:10,(anonymous_1)
FNF:2
FNH:2
FNDA:10,AppTheme
FNDA:10,(anonymous_1)
DA:8,10
DA:10,10
DA:11,10
DA:12,10
DA:14,10
DA:15,1
DA:16,9
DA:17,1
DA:19,8
DA:20,8
DA:24,10
DA:25,2
DA:26,2
DA:27,2
DA:28,2
DA:29,1
DA:30,1
DA:31,1
DA:33,2
DA:37,10
DA:38,10
DA:39,2
DA:40,1
DA:41,1
DA:42,1
DA:44,2
DA:45,8
DA:46,1
DA:50,10
LF:29
LH:29
BRDA:14,0,0,1
BRDA:14,0,1,9
BRDA:16,1,0,1
BRDA:16,1,1,8
BRDA:24,2,0,2
BRDA:24,2,1,8
BRDA:28,3,0,1
BRDA:28,3,1,1
BRDA:38,4,0,2
BRDA:38,4,1,8
BRDA:39,5,0,1
BRDA:39,5,1,1
BRDA:45,6,0,1
BRDA:45,6,1,7
BRF:14
BRH:14
end_of_record
TN:
SF:src/components/ErrorBoundary.tsx
FN:19,(anonymous_0)
FN:23,(anonymous_1)
FN:27,(anonymous_2)
FN:29,(anonymous_3)
FNF:4
FNH:4
FNDA:7,(anonymous_0)
FNDA:4,(anonymous_1)
FNDA:1,(anonymous_2)
FNDA:17,(anonymous_3)
DA:17,7
DA:20,8
DA:24,4
DA:27,1
DA:30,17
DA:32,17
DA:33,8
DA:35,6
DA:55,9
LF:9
LH:9
BRDA:32,0,0,8
BRDA:32,0,1,9
BRDA:33,1,0,2
BRDA:33,1,1,6
BRF:4
BRH:4
end_of_record
TN:
SF:src/components/Layout.tsx
FN:39,Layout
FN:42,(anonymous_1)
FN:48,(anonymous_2)
FN:63,(anonymous_3)
FN:91,(anonymous_4)
FN:99,(anonymous_5)
FN:113,(anonymous_6)
FN:120,(anonymous_7)
FN:147,(anonymous_8)
FN:161,(anonymous_9)
FN:256,(anonymous_10)
FN:272,(anonymous_11)
FNF:12
FNH:12
FNDA:36,Layout
FNDA:36,(anonymous_1)
FNDA:1,(anonymous_2)
FNDA:1,(anonymous_3)
FNDA:1,(anonymous_4)
FNDA:3,(anonymous_5)
FNDA:214,(anonymous_6)
FNDA:1,(anonymous_7)
FNDA:34,(anonymous_8)
FNDA:1,(anonymous_9)
FNDA:4,(anonymous_10)
FNDA:135,(anonymous_11)
DA:29,1
DA:37,1
DA:40,36
DA:41,36
DA:42,36
DA:43,36
DA:44,36
DA:46,36
DA:48,1
DA:53,36
DA:57,36
DA:63,1
DA:91,1
DA:99,3
DA:114,214
DA:115,214
DA:120,1
DA:148,34
DA:149,34
DA:161,1
DA:256,4
DA:273,135
DA:274,135
LF:23
LH:23
BRDA:47,0,0,36
BRDA:47,0,1,1
BRDA:53,1,0,34
BRDA:53,1,1,2
BRDA:60,2,0,36
BRDA:60,2,1,4
BRDA:71,3,0,4
BRDA:71,3,1,32
BRDA:72,4,0,3
BRDA:72,4,1,33
BRDA:78,5,0,3
BRDA:78,5,1,33
BRDA:83,6,0,3
BRDA:83,6,1,33
BRDA:102,7,0,3
BRDA:102,7,1,33
BRDA:108,8,0,36
BRDA:108,8,1,33
BRDA:123,9,0,35
BRDA:123,9,1,179
BRDA:126,10,0,18
BRDA:126,10,1,196
BRDA:132,11,0,35
BRDA:132,11,1,179
BRDA:135,12,0,214
BRDA:135,12,1,196
BRDA:138,13,0,214
BRDA:138,13,1,18
BRDA:147,14,0,36
BRDA:147,14,1,34
BRDA:152,15,0,34
BRDA:152,15,1,31
BRDA:164,16,0,1
BRDA:164,16,1,33
BRDA:167,17,0,3
BRDA:167,17,1,31
BRDA:173,18,0,1
BRDA:173,18,1,33
BRDA:176,19,0,34
BRDA:176,19,1,31
BRDA:179,20,0,34
BRDA:179,20,1,3
BRDA:193,21,0,3
BRDA:193,21,1,33
BRDA:194,22,0,36
BRDA:194,22,1,3
BRDA:195,23,0,29
BRDA:195,23,1,7
BRDA:197,24,0,29
BRDA:197,24,1,1
BRDA:198,25,0,29
BRDA:198,25,1,1
BRDA:203,26,0,7
BRDA:203,26,1,5
BRDA:203,26,2,2
BRDA:208,27,0,36
BRDA:208,27,1,33
BRDA:211,28,0,33
BRDA:211,28,1,6
BRDA:224,29,0,3
BRDA:224,29,1,33
BRDA:225,30,0,36
BRDA:225,30,1,33
BRDA:228,31,0,36
BRDA:228,31,1,33
BRDA:229,32,0,36
BRDA:229,32,1,33
BRDA:232,33,0,36
BRDA:232,33,1,3
BRDA:270,34,0,36
BRDA:270,34,1,27
BRDA:280,35,0,26
BRDA:280,35,1,109
BRDA:283,36,0,135
BRDA:283,36,1,26
BRF:75
BRH:75
end_of_record
TN:
SF:src/components/PaymentMethodIcon.tsx
FN:28,getPaymentIconSrc
FN:34,PaymentMethodIcon
FN:44,(anonymous_2)
FN:48,(anonymous_3)
FNF:4
FNH:4
FNDA:8,getPaymentIconSrc
FNDA:4,PaymentMethodIcon
FNDA:1,(anonymous_2)
FNDA:3,(anonymous_3)
DA:6,1
DA:29,8
DA:30,7
DA:31,7
DA:35,4
DA:36,4
DA:37,4
DA:38,2
DA:44,1
DA:48,3
DA:49,2
LF:11
LH:11
BRDA:29,0,0,1
BRDA:29,0,1,7
BRDA:31,1,0,5
BRDA:31,1,1,2
BRDA:37,2,0,2
BRDA:37,2,1,2
BRDA:37,3,0,4
BRDA:37,3,1,3
BRF:8
BRH:8
end_of_record
TN:
SF:src/components/SubscriptionFormModal.tsx
FN:51,SubscriptionFormModal
FN:79,(anonymous_1)
FN:127,(anonymous_2)
FN:183,(anonymous_3)
FN:203,(anonymous_4)
FN:209,(anonymous_5)
FN:242,(anonymous_6)
FN:248,(anonymous_7)
FN:289,(anonymous_8)
FN:295,(anonymous_9)
FN:310,(anonymous_10)
FN:316,(anonymous_11)
FN:334,(anonymous_12)
FN:340,(anonymous_13)
FN:368,(anonymous_14)
FN:381,(anonymous_15)
FN:394,(anonymous_16)
FN:408,(anonymous_17)
FNF:18
FNH:18
FNDA:224,SubscriptionFormModal
FNDA:9,(anonymous_1)
FNDA:57,(anonymous_2)
FNDA:225,(anonymous_3)
FNDA:223,(anonymous_4)
FNDA:221,(anonymous_5)
FNDA:223,(anonymous_6)
FNDA:436,(anonymous_7)
FNDA:223,(anonymous_8)
FNDA:217,(anonymous_9)
FNDA:223,(anonymous_10)
FNDA:217,(anonymous_11)
FNDA:223,(anonymous_12)
FNDA:217,(anonymous_13)
FNDA:223,(anonymous_14)
FNDA:223,(anonymous_15)
FNDA:223,(anonymous_16)
FNDA:220,(anonymous_17)
DA:61,224
DA:62,224
DA:64,224
DA:72,224
DA:75,224
DA:76,224
DA:79,224
DA:80,9
DA:81,9
DA:104,9
DA:106,9
DA:107,2
DA:108,2
DA:109,2
DA:110,1
DA:115,2
DA:119,1
DA:120,1
DA:124,8
DA:125,3
DA:126,3
DA:127,3
DA:128,57
DA:130,3
DA:131,3
DA:132,1
DA:134,2
DA:137,5
DA:138,1
DA:140,4
DA:144,6
DA:145,6
DA:146,6
DA:148,2
DA:149,2
DA:154,224
DA:184,225
DA:204,223
DA:210,221
DA:243,223
DA:249,436
DA:290,223
DA:296,217
DA:311,223
DA:317,217
DA:335,223
DA:341,217
DA:369,223
DA:382,223
DA:395,223
DA:409,220
LF:51
LH:51
BRDA:89,0,0,9
BRDA:89,0,1,7
BRDA:90,1,0,9
BRDA:90,1,1,1
BRDA:91,2,0,9
BRDA:91,2,1,7
BRDA:99,3,0,9
BRDA:99,3,1,9
BRDA:106,4,0,2
BRDA:106,4,1,7
BRDA:106,5,0,9
BRDA:106,5,1,7
BRDA:109,6,0,1
BRDA:109,6,1,1
BRDA:124,7,0,3
BRDA:124,7,1,5
BRDA:128,8,0,50
BRDA:128,8,1,7
BRDA:128,9,0,57
BRDA:128,9,1,50
BRDA:131,10,0,1
BRDA:131,10,1,2
BRDA:137,11,0,1
BRDA:137,11,1,4
BRDA:148,12,0,1
BRDA:148,12,1,1
BRDA:159,13,0,16
BRDA:159,13,1,207
BRDA:168,14,0,224
BRDA:168,14,1,1
BRDA:192,15,0,224
BRDA:192,15,1,1
BRDA:218,16,0,224
BRDA:218,16,1,1
BRDA:231,17,0,224
BRDA:231,17,1,1
BRDA:257,18,0,224
BRDA:257,18,1,1
BRDA:270,19,0,224
BRDA:270,19,1,1
BRDA:402,20,0,224
BRDA:402,20,1,220
BRDA:419,21,0,224
BRDA:419,21,1,19
BRDA:430,22,0,224
BRDA:430,22,1,4
BRDA:442,23,0,22
BRDA:442,23,1,201
BRF:48
BRH:48
end_of_record
TN:
SF:src/components/SubscriptionLogoSection.tsx
FN:25,SubscriptionLogoSection
FN:52,(anonymous_1)
FN:53,(anonymous_2)
FN:67,(anonymous_3)
FN:77,(anonymous_4)
FN:78,(anonymous_5)
FN:85,(anonymous_6)
FNF:7
FNH:7
FNDA:223,SubscriptionLogoSection
FNDA:19,(anonymous_1)
FNDA:2,(anonymous_2)
FNDA:42,(anonymous_3)
FNDA:1,(anonymous_4)
FNDA:7,(anonymous_5)
FNDA:1,(anonymous_6)
DA:39,223
DA:44,223
DA:52,19
DA:54,2
DA:73,42
DA:77,1
DA:78,7
DA:86,1
LF:8
LH:8
BRDA:54,0,0,1
BRDA:54,0,1,1
BRDA:58,1,0,223
BRDA:58,1,1,43
BRDA:60,2,0,27
BRDA:60,2,1,16
BRDA:64,3,0,10
BRDA:64,3,1,6
BRDA:120,4,0,223
BRDA:120,4,1,196
BRDA:120,4,2,27
BRDA:130,5,0,223
BRDA:130,5,1,19
BRF:13
BRH:13
end_of_record
TN:
SF:src/components/admin/backup/BackupTab.tsx
FN:10,BackupTab
FN:14,(anonymous_1)
FN:26,(anonymous_2)
FN:62,(anonymous_3)
FN:63,(anonymous_4)
FNF:5
FNH:5
FNDA:6,BackupTab
FNDA:2,(anonymous_1)
FNDA:2,(anonymous_2)
FNDA:3,(anonymous_3)
FNDA:1,(anonymous_4)
DA:11,6
DA:12,6
DA:14,6
DA:15,2
DA:16,2
DA:17,1
DA:18,1
DA:19,1
DA:20,1
DA:21,1
DA:22,1
DA:23,1
DA:26,6
DA:27,2
DA:28,2
DA:29,2
DA:30,2
DA:31,1
DA:32,1
DA:35,6
DA:62,3
DA:63,1
LF:22
LH:22
BRDA:16,0,0,1
BRDA:16,0,1,1
BRDA:62,1,0,3
BRDA:62,1,1,2
BRF:4
BRH:4
end_of_record
TN:
SF:src/components/admin/cronjobs/CronjobsTab.tsx
FN:11,CronjobsTab
FN:24,(anonymous_1)
FN:51,(anonymous_2)
FN:57,(anonymous_3)
FNF:4
FNH:4
FNDA:10,CronjobsTab
FNDA:3,(anonymous_1)
FNDA:50,(anonymous_2)
FNDA:3,(anonymous_3)
DA:12,10
DA:13,10
DA:14,10
DA:16,10
DA:24,10
DA:25,3
DA:26,3
DA:27,3
DA:28,3
DA:29,1
DA:31,2
DA:33,3
DA:37,10
DA:52,50
DA:57,3
LF:15
LH:15
BRDA:31,0,0,1
BRDA:31,0,1,1
BRDA:58,1,0,3
BRDA:58,1,1,47
BRDA:64,2,0,10
BRDA:64,2,1,3
BRF:6
BRH:6
end_of_record
TN:
SF:src/components/admin/maintenance/MaintenanceTab.tsx
FN:9,MaintenanceTab
FN:12,(anonymous_1)
FNF:2
FNH:2
FNDA:2,MaintenanceTab
FNDA:1,(anonymous_1)
DA:10,2
DA:12,2
DA:13,1
DA:14,1
DA:17,2
LF:5
LH:5
BRF:0
BRH:0
end_of_record
TN:
SF:src/components/admin/oidc/OIDCSecretField.tsx
FN:16,OIDCSecretField
FN:46,(anonymous_1)
FN:47,(anonymous_2)
FNF:3
FNH:3
FNDA:32,OIDCSecretField
FNDA:10,(anonymous_1)
FNDA:3,(anonymous_2)
DA:23,32
DA:25,32
DA:46,10
DA:48,3
DA:49,3
DA:50,2
LF:6
LH:6
BRDA:29,0,0,32
BRDA:29,0,1,5
BRDA:49,1,0,1
BRDA:49,1,1,2
BRDA:53,2,0,5
BRDA:53,2,1,27
BRF:6
BRH:6
end_of_record
TN:
SF:src/components/admin/oidc/OIDCTab.tsx
FN:17,OIDCTab
FN:25,(anonymous_1)
FN:29,(anonymous_2)
FN:30,(anonymous_3)
FN:36,(anonymous_4)
FN:58,(anonymous_5)
FN:69,(anonymous_6)
FN:75,(anonymous_7)
FN:82,(anonymous_8)
FN:87,(anonymous_9)
FNF:10
FNH:10
FNDA:28,OIDCTab
FNDA:10,(anonymous_1)
FNDA:4,(anonymous_2)
FNDA:4,(anonymous_3)
FNDA:11,(anonymous_4)
FNDA:1,(anonymous_5)
FNDA:1,(anonymous_6)
FNDA:1,(anonymous_7)
FNDA:140,(anonymous_8)
FNDA:1,(anonymous_9)
DA:18,28
DA:19,28
DA:20,28
DA:21,28
DA:23,28
DA:25,10
DA:28,28
DA:29,4
DA:31,4
DA:32,4
DA:36,28
DA:37,11
DA:38,11
DA:41,28
DA:58,1
DA:70,1
DA:76,1
DA:83,140
DA:87,1
LF:19
LH:19
BRDA:86,0,0,140
BRDA:86,0,1,138
BRDA:89,1,0,56
BRDA:89,1,1,84
BRDA:89,2,0,56
BRDA:89,2,1,28
BRF:6
BRH:6
end_of_record
TN:
SF:src/components/admin/registration/RegistrationTab.tsx
FN:14,RegistrationTab
FN:20,(anonymous_1)
FN:24,(anonymous_2)
FN:25,(anonymous_3)
FN:52,(anonymous_4)
FN:63,(anonymous_5)
FN:79,(anonymous_6)
FN:87,(anonymous_7)
FNF:8
FNH:8
FNDA:7,RegistrationTab
FNDA:7,(anonymous_1)
FNDA:3,(anonymous_2)
FNDA:3,(anonymous_3)
FNDA:28,(anonymous_4)
FNDA:1,(anonymous_5)
FNDA:1,(anonymous_6)
FNDA:1,(anonymous_7)
DA:15,7
DA:16,7
DA:18,7
DA:20,7
DA:23,7
DA:24,3
DA:26,3
DA:27,3
DA:31,7
DA:38,7
DA:53,28
DA:63,1
DA:79,1
DA:87,1
LF:14
LH:14
BRDA:59,0,0,28
BRDA:59,0,1,28
BRDA:78,1,0,7
BRDA:78,1,1,5
BRDA:86,2,0,7
BRDA:86,2,1,5
BRF:6
BRH:6
end_of_record
TN:
SF:src/components/admin/smtp/SMTPAuthSection.tsx
FN:16,SMTPAuthSection
FN:34,(anonymous_1)
FN:48,(anonymous_2)
FNF:3
FNH:3
FNDA:57,SMTPAuthSection
FNDA:8,(anonymous_1)
FNDA:10,(anonymous_2)
DA:21,57
DA:23,57
DA:34,8
DA:48,10
LF:4
LH:4
BRDA:45,0,0,3
BRDA:45,0,1,54
BRF:2
BRH:2
end_of_record
TN:
SF:src/components/admin/smtp/SMTPSenderSection.tsx
FN:15,SMTPSenderSection
FN:32,(anonymous_1)
FN:43,(anonymous_2)
FNF:3
FNH:3
FNDA:56,SMTPSenderSection
FNDA:16,(anonymous_1)
FNDA:9,(anonymous_2)
DA:19,56
DA:21,56
DA:32,16
DA:43,9
LF:4
LH:4
BRF:0
BRH:0
end_of_record
TN:
SF:src/components/admin/smtp/SMTPServerSection.tsx
FN:16,SMTPServerSection
FN:33,(anonymous_1)
FN:45,(anonymous_2)
FN:57,(anonymous_3)
FNF:4
FNH:4
FNDA:57,SMTPServerSection
FNDA:16,(anonymous_1)
FNDA:8,(anonymous_2)
FNDA:1,(anonymous_3)
DA:20,57
DA:22,57
DA:33,16
DA:45,8
DA:57,1
LF:5
LH:5
BRF:0
BRH:0
end_of_record
TN:
SF:src/components/admin/smtp/SMTPStatusCard.tsx
FN:11,SMTPStatusCard
FNF:1
FNH:1
FNDA:55,SMTPStatusCard
DA:15,55
DA:17,55
LF:2
LH:2
BRF:0
BRH:0
end_of_record
TN:
SF:src/components/admin/smtp/SMTPTab.tsx
FN:17,SMTPTab
FN:29,(anonymous_1)
FN:42,(anonymous_2)
FN:43,(anonymous_3)
FN:45,(anonymous_4)
FN:53,(anonymous_5)
FN:61,(anonymous_6)
FN:88,(anonymous_7)
FNF:8
FNH:8
FNDA:53,SMTPTab
FNDA:10,(anonymous_1)
FNDA:12,(anonymous_2)
FNDA:12,(anonymous_3)
FNDA:4,(anonymous_4)
FNDA:2,(anonymous_5)
FNDA:3,(anonymous_6)
FNDA:1,(anonymous_7)
DA:18,53
DA:19,53
DA:20,53
DA:21,53
DA:25,53
DA:27,53
DA:30,10
DA:31,10
DA:37,10
DA:38,10
DA:42,53
DA:43,12
DA:45,53
DA:46,4
DA:47,4
DA:48,4
DA:49,4
DA:50,4
DA:51,2
DA:52,2
DA:53,2
DA:55,2
DA:57,4
DA:61,53
DA:62,3
DA:63,3
DA:64,3
DA:65,1
DA:67,2
DA:69,3
DA:73,53
DA:88,1
LF:32
LH:32
BRDA:32,0,0,10
BRDA:32,0,1,8
BRDA:32,1,0,10
BRDA:32,1,1,9
BRDA:33,2,0,10
BRDA:33,2,1,9
BRDA:34,3,0,10
BRDA:34,3,1,9
BRDA:35,4,0,10
BRDA:35,4,1,9
BRDA:35,5,0,10
BRDA:35,5,1,9
BRDA:49,6,0,3
BRDA:49,6,1,1
BRDA:52,7,0,1
BRDA:52,7,1,1
BRDA:55,8,0,1
BRDA:55,8,1,1
BRDA:67,9,0,1
BRDA:67,9,1,1
BRDA:107,10,0,4
BRDA:107,10,1,49
BRDA:109,11,0,53
BRDA:109,11,1,50
BRDA:110,12,0,3
BRDA:110,12,1,50
BRF:26
BRH:26
end_of_record
TN:
SF:src/components/admin/users/AddUserModal.tsx
FN:19,AddUserModal
FN:34,(anonymous_1)
FN:54,(anonymous_2)
FN:59,(anonymous_3)
FN:96,(anonymous_4)
FN:109,(anonymous_5)
FN:119,(anonymous_6)
FN:125,(anonymous_7)
FNF:8
FNH:8
FNDA:187,AddUserModal
FNDA:5,(anonymous_1)
FNDA:3,(anonymous_2)
FNDA:4,(anonymous_3)
FNDA:1,(anonymous_4)
FNDA:1,(anonymous_5)
FNDA:4,(anonymous_6)
FNDA:1,(anonymous_7)
DA:20,187
DA:21,187
DA:22,187
DA:23,187
DA:24,187
DA:26,187
DA:34,5
DA:45,187
DA:51,187
DA:52,187
DA:54,187
DA:55,3
DA:56,3
DA:59,187
DA:60,4
DA:61,4
DA:68,2
DA:69,1
DA:70,1
DA:71,1
DA:73,2
DA:74,2
DA:75,2
DA:77,2
DA:81,187
DA:96,1
DA:109,1
DA:119,4
DA:125,1
LF:29
LH:29
BRDA:52,0,0,187
BRDA:52,0,1,1
BRDA:52,1,0,187
BRDA:52,1,1,59
BRDA:52,1,2,52
BRDA:52,1,3,36
BRDA:68,2,0,1
BRDA:68,2,1,1
BRDA:77,3,0,1
BRDA:77,3,1,1
BRDA:99,4,0,6
BRDA:99,4,1,181
BRDA:119,5,0,4
BRDA:119,5,1,3
BRDA:123,6,0,187
BRDA:123,6,1,59
BRDA:123,6,2,52
BRDA:124,7,0,187
BRDA:124,7,1,97
BRDA:141,8,0,187
BRDA:141,8,1,1
BRDA:148,9,0,187
BRDA:148,9,1,1
BRDA:165,10,0,187
BRDA:165,10,1,1
BRDA:172,11,0,187
BRDA:172,11,1,1
BRDA:182,12,0,9
BRDA:182,12,1,178
BRF:29
BRH:29
end_of_record
TN:
SF:src/components/admin/users/EditUserModal.tsx
FN:20,avatarUrl
FN:25,EditUserModal
FN:40,(anonymous_2)
FN:44,(anonymous_3)
FN:67,(anonymous_4)
FN:79,(anonymous_5)
FN:84,(anonymous_6)
FN:113,(anonymous_7)
FN:133,(anonymous_8)
FN:146,(anonymous_9)
FN:156,(anonymous_10)
FN:162,(anonymous_11)
FNF:12
FNH:12
FNDA:109,avatarUrl
FNDA:86,EditUserModal
FNDA:8,(anonymous_2)
FNDA:8,(anonymous_3)
FNDA:21,(anonymous_4)
FNDA:2,(anonymous_5)
FNDA:5,(anonymous_6)
FNDA:1,(anonymous_7)
FNDA:1,(anonymous_8)
FNDA:1,(anonymous_9)
FNDA:3,(anonymous_10)
FNDA:1,(anonymous_11)
DA:21,109
DA:22,96
DA:26,86
DA:27,86
DA:28,86
DA:29,86
DA:30,86
DA:32,86
DA:41,8
DA:45,8
DA:55,86
DA:67,86
DA:68,21
DA:75,21
DA:76,21
DA:79,86
DA:80,2
DA:81,2
DA:84,86
DA:85,5
DA:86,5
DA:91,5
DA:93,5
DA:95,3
DA:96,1
DA:97,1
DA:98,1
DA:101,3
DA:102,3
DA:103,3
DA:105,2
DA:109,86
DA:110,86
DA:112,86
DA:113,1
DA:133,1
DA:146,1
DA:156,3
DA:162,1
LF:39
LH:39
BRDA:21,0,0,13
BRDA:21,0,1,96
BRDA:41,1,0,8
BRDA:41,1,1,3
BRDA:45,2,0,8
BRDA:45,2,1,3
BRDA:91,3,0,1
BRDA:91,3,1,4
BRDA:95,4,0,1
BRDA:95,4,1,2
BRDA:105,5,0,1
BRDA:105,5,1,1
BRDA:109,6,0,86
BRDA:109,6,1,3
BRDA:109,6,2,3
BRDA:110,7,0,86
BRDA:110,7,1,3
BRDA:113,8,0,1
BRDA:113,8,1,1
BRDA:119,9,0,86
BRDA:119,9,1,3
BRDA:136,10,0,77
BRDA:136,10,1,9
BRDA:156,11,0,3
BRDA:156,11,1,2
BRDA:178,12,0,86
BRDA:178,12,1,1
BRDA:185,13,0,86
BRDA:185,13,1,1
BRDA:203,14,0,86
BRDA:203,14,1,1
BRDA:210,15,0,86
BRDA:210,15,1,2
BRDA:220,16,0,13
BRDA:220,16,1,73
BRF:35
BRH:35
end_of_record
TN:
SF:src/components/admin/users/UserListItem.tsx
FN:15,UserListItem
FNF:1
FNH:1
FNDA:51,UserListItem
DA:21,51
DA:22,51
DA:23,51
DA:24,51
DA:25,51
DA:27,51
LF:6
LH:6
BRDA:23,0,0,51
BRDA:23,0,1,2
BRDA:23,0,2,2
BRDA:24,1,0,51
BRDA:24,1,1,1
BRDA:30,2,0,43
BRDA:30,2,1,8
BRDA:42,3,0,51
BRDA:42,3,1,22
BRDA:47,4,0,51
BRDA:47,4,1,23
BRDA:52,5,0,51
BRDA:52,5,1,1
BRDA:59,6,0,51
BRDA:59,6,1,49
BRDA:59,6,2,49
BRDA:79,7,0,23
BRDA:79,7,1,28
BRF:18
BRH:18
end_of_record
TN:
SF:src/components/admin/users/UsersTab.tsx
FN:19,UsersTab
FN:30,(anonymous_1)
FN:34,(anonymous_2)
FN:35,(anonymous_3)
FN:39,(anonymous_4)
FN:44,(anonymous_5)
FN:48,(anonymous_6)
FN:71,(anonymous_7)
FN:80,(anonymous_8)
FN:89,(anonymous_9)
FN:94,(anonymous_10)
FN:95,(anonymous_11)
FN:106,(anonymous_12)
FN:109,(anonymous_13)
FNF:14
FNH:14
FNDA:29,UsersTab
FNDA:9,(anonymous_1)
FNDA:2,(anonymous_2)
FNDA:1,(anonymous_3)
FNDA:1,(anonymous_4)
FNDA:1,(anonymous_5)
FNDA:1,(anonymous_6)
FNDA:1,(anonymous_7)
FNDA:24,(anonymous_8)
FNDA:42,(anonymous_9)
FNDA:1,(anonymous_10)
FNDA:4,(anonymous_11)
FNDA:4,(anonymous_12)
FNDA:2,(anonymous_13)
DA:20,29
DA:21,29
DA:22,29
DA:24,29
DA:25,29
DA:26,29
DA:28,29
DA:30,9
DA:33,29
DA:34,2
DA:36,1
DA:37,1
DA:39,1
DA:42,29
DA:44,1
DA:48,1
DA:71,1
DA:81,24
DA:90,42
DA:94,1
DA:95,4
DA:106,4
DA:110,2
DA:111,2
LF:24
LH:24
BRDA:28,0,0,29
BRDA:44,1,0,29
BRDA:44,1,1,1
BRDA:45,2,0,29
BRDA:45,2,1,1
BRDA:78,3,0,8
BRDA:78,3,1,21
BRF:7
BRH:7
end_of_record
TN:
SF:src/components/calendar/CalendarMonthCard.tsx
FN:51,CalendarMonthCard
FN:130,(anonymous_1)
FN:146,(anonymous_2)
FN:170,(anonymous_3)
FN:203,(anonymous_4)
FN:216,(anonymous_5)
FN:257,(anonymous_6)
FNF:7
FNH:7
FNDA:9,CalendarMonthCard
FNDA:63,(anonymous_1)
FNDA:11,(anonymous_2)
FNDA:2,(anonymous_3)
FNDA:8,(anonymous_4)
FNDA:7,(anonymous_5)
FNDA:1,(anonymous_6)
DA:71,9
DA:72,9
DA:74,9
DA:131,63
DA:147,11
DA:148,11
DA:149,11
DA:150,11
DA:152,11
DA:157,11
DA:161,11
DA:162,11
DA:163,11
DA:165,11
DA:176,2
DA:205,8
DA:206,8
DA:217,7
DA:218,7
DA:219,7
DA:220,7
DA:223,7
DA:225,7
DA:234,7
DA:258,1
LF:25
LH:25
BRDA:109,0,0,7
BRDA:109,0,1,2
BRDA:111,1,0,4
BRDA:111,1,1,3
BRDA:114,2,0,2
BRDA:114,2,1,7
BRDA:135,3,0,18
BRDA:135,3,1,45
BRDA:135,4,0,63
BRDA:135,4,1,54
BRDA:148,5,0,1
BRDA:148,5,1,10
BRDA:148,6,0,10
BRDA:148,6,1,4
BRDA:150,7,0,11
BRDA:150,7,1,2
BRDA:152,8,0,11
BRDA:152,8,1,10
BRDA:152,8,2,2
BRDA:152,8,3,2
BRDA:157,9,0,11
BRDA:157,9,1,10
BRDA:157,9,2,8
BRDA:161,10,0,11
BRDA:161,10,1,10
BRDA:176,11,0,1
BRDA:176,11,1,1
BRDA:180,12,0,11
BRDA:180,12,1,10
BRDA:181,13,0,11
BRDA:181,13,1,1
BRDA:182,14,0,11
BRDA:182,14,1,9
BRDA:182,14,2,8
BRDA:183,15,0,11
BRDA:183,15,1,5
BRDA:184,16,0,11
BRDA:184,16,1,2
BRDA:191,17,0,11
BRDA:191,17,1,2
BRDA:193,18,0,11
BRDA:193,18,1,9
BRDA:193,18,2,8
BRDA:194,19,0,11
BRDA:194,19,1,1
BRDA:200,20,0,5
BRDA:200,20,1,6
BRDA:200,21,0,11
BRDA:200,21,1,6
BRDA:205,22,0,8
BRDA:205,22,1,8
BRDA:214,23,0,10
BRDA:214,23,1,1
BRDA:220,24,0,5
BRDA:220,24,1,2
BRDA:225,25,0,7
BRDA:225,25,1,5
BRDA:225,25,2,4
BRDA:240,26,0,7
BRDA:240,26,1,1
BRDA:243,27,0,5
BRDA:243,27,1,2
BRDA:244,28,0,1
BRDA:244,28,1,4
BRDA:246,29,0,3
BRDA:246,29,1,1
BRDA:251,30,0,7
BRDA:251,30,1,5
BRDA:251,30,2,4
BRDA:251,30,3,3
BRDA:252,31,0,2
BRDA:252,31,1,1
BRDA:271,32,0,6
BRDA:271,32,1,1
BRDA:280,33,0,1
BRDA:280,33,1,9
BRF:76
BRH:76
end_of_record
TN:
SF:src/components/calendar/CalendarOverview.tsx
FN:18,CalendarOverview
FNF:1
FNH:1
FNDA:3,CalendarOverview
DA:27,3
DA:28,3
DA:30,3
LF:3
LH:3
BRDA:28,0,0,3
BRDA:28,0,1,2
BRDA:56,1,0,1
BRDA:56,1,1,2
BRF:4
BRH:4
end_of_record
TN:
SF:src/components/calendar/CalendarPageHeader.tsx
FN:10,CalendarPageHeader
FNF:1
FNH:1
FNDA:1,CalendarPageHeader
DA:11,1
DA:13,1
LF:2
LH:2
BRF:0
BRH:0
end_of_record
TN:
SF:src/components/calendar/DayPanel.tsx
FN:40,DayPanel
FN:109,(anonymous_1)
FN:114,(anonymous_2)
FN:132,(anonymous_3)
FN:142,(anonymous_4)
FNF:5
FNH:5
FNDA:13,DayPanel
FNDA:13,(anonymous_1)
FNDA:2,(anonymous_2)
FNDA:1,(anonymous_3)
FNDA:1,(anonymous_4)
DA:55,13
DA:61,13
DA:62,13
DA:63,13
DA:65,13
DA:110,13
DA:111,13
DA:113,13
DA:114,2
DA:115,13
DA:116,13
DA:117,13
DA:120,13
DA:121,13
DA:122,13
DA:125,13
DA:126,13
DA:128,13
DA:132,1
DA:143,1
LF:20
LH:20
BRDA:73,0,0,13
BRDA:73,0,1,2
BRDA:79,1,0,11
BRDA:79,1,1,2
BRDA:79,2,0,13
BRDA:79,2,1,12
BRDA:82,3,0,10
BRDA:82,3,1,1
BRDA:107,4,0,13
BRDA:107,4,1,12
BRDA:113,5,0,13
BRDA:113,5,1,2
BRDA:122,6,0,4
BRDA:122,6,1,9
BRDA:126,7,0,13
BRDA:126,7,1,4
BRDA:126,7,2,2
BRDA:136,8,0,11
BRDA:136,8,1,2
BRDA:146,9,0,11
BRDA:146,9,1,2
BRDA:146,9,2,1
BRDA:151,10,0,11
BRDA:151,10,1,1
BRDA:165,11,0,2
BRDA:165,11,1,2
BRDA:165,11,2,1
BRDA:170,12,0,2
BRDA:170,12,1,1
BRDA:182,13,0,13
BRDA:182,13,1,11
BRDA:190,14,0,13
BRDA:190,14,1,11
BRDA:192,15,0,1
BRDA:192,15,1,10
BRDA:193,16,0,11
BRDA:193,16,1,1
BRDA:196,17,0,13
BRDA:196,17,1,4
BRDA:196,17,2,2
BRDA:201,18,0,13
BRDA:201,18,1,2
BRDA:215,19,0,13
BRDA:215,19,1,1
BRDA:217,20,0,13
BRDA:217,20,1,12
BRDA:217,20,2,11
BRDA:217,20,3,1
BRDA:226,21,0,13
BRDA:226,21,1,1
BRDA:231,22,0,13
BRDA:231,22,1,10
BRDA:231,22,2,10
BRF:53
BRH:53
end_of_record
TN:
SF:src/components/calendar/InfoRow.tsx
FN:7,InfoRow
FNF:1
FNH:1
FNDA:1,InfoRow
DA:8,1
LF:1
LH:1
BRF:0
BRH:0
end_of_record
TN:
SF:src/components/calendar/MarkAsPaidModal.tsx
FN:38,MarkAsPaidModal
FN:63,(anonymous_1)
FN:79,(anonymous_2)
FN:95,(anonymous_3)
FN:99,(anonymous_4)
FN:162,(anonymous_5)
FN:179,(anonymous_6)
FN:214,(anonymous_7)
FN:228,(anonymous_8)
FN:237,(anonymous_9)
FN:263,(anonymous_10)
FNF:11
FNH:11
FNDA:58,MarkAsPaidModal
FNDA:9,(anonymous_1)
FNDA:1,(anonymous_2)
FNDA:4,(anonymous_3)
FNDA:4,(anonymous_4)
FNDA:6,(anonymous_5)
FNDA:25,(anonymous_6)
FNDA:3,(anonymous_7)
FNDA:1,(anonymous_8)
FNDA:1,(anonymous_9)
FNDA:9,(anonymous_10)
DA:47,58
DA:48,58
DA:49,58
DA:51,58
DA:56,58
DA:57,58
DA:58,58
DA:60,58
DA:62,58
DA:64,9
DA:72,9
DA:74,9
DA:76,9
DA:77,6
DA:79,6
DA:80,1
DA:82,6
DA:85,9
DA:86,4
DA:87,4
DA:88,1
DA:89,3
DA:92,5
DA:93,2
DA:96,4
DA:97,4
DA:100,4
DA:104,58
DA:106,58
DA:162,6
DA:179,25
DA:214,3
DA:228,1
DA:237,1
DA:263,9
LF:35
LH:35
BRDA:52,0,0,25
BRDA:52,0,1,33
BRDA:56,1,0,58
BRDA:56,1,1,32
BRDA:60,2,0,28
BRDA:60,2,1,30
BRDA:69,3,0,9
BRDA:69,3,1,1
BRDA:70,4,0,9
BRDA:70,4,1,7
BRDA:72,5,0,1
BRDA:72,5,1,8
BRDA:76,6,0,6
BRDA:76,6,1,3
BRDA:85,7,0,4
BRDA:85,7,1,5
BRDA:87,8,0,1
BRDA:87,8,1,3
BRDA:93,9,0,1
BRDA:93,9,1,1
BRDA:100,10,0,3
BRDA:100,10,1,1
BRDA:111,11,0,1
BRDA:111,11,1,57
BRDA:127,12,0,2
BRDA:127,12,1,56
BRDA:142,13,0,58
BRDA:142,13,1,1
BRDA:154,14,0,58
BRDA:154,14,1,1
BRDA:166,15,0,58
BRDA:166,15,1,57
BRDA:191,16,0,27
BRDA:191,16,1,31
BRDA:207,17,0,30
BRDA:207,17,1,1
BRDA:214,18,0,3
BRDA:214,18,1,1
BRDA:217,19,0,15
BRDA:217,19,1,15
BRDA:261,20,0,58
BRDA:261,20,1,56
BRDA:268,21,0,1
BRDA:268,21,1,55
BRF:44
BRH:44
end_of_record
TN:
SF:src/components/calendar/StatCard.tsx
FN:12,StatCard
FNF:1
FNH:1
FNDA:2,StatCard
DA:13,2
LF:1
LH:1
BRDA:23,0,0,1
BRDA:23,0,1,1
BRF:2
BRH:2
end_of_record
TN:
SF:src/components/calendar/SubDetailDialog.tsx
FN:45,SubDetailDialog
FN:58,(anonymous_1)
FN:90,(anonymous_2)
FN:267,(anonymous_3)
FN:337,(anonymous_4)
FNF:5
FNH:5
FNDA:13,SubDetailDialog
FNDA:3,(anonymous_1)
FNDA:1,(anonymous_2)
FNDA:13,(anonymous_3)
FNDA:1,(anonymous_4)
DA:58,13
DA:59,13
DA:60,13
DA:61,13
DA:62,13
DA:63,13
DA:65,13
DA:71,13
DA:72,13
DA:73,13
DA:74,13
DA:75,13
DA:77,13
DA:79,13
DA:91,1
DA:268,13
DA:269,13
DA:337,1
LF:18
LH:18
BRDA:58,0,0,13
BRDA:58,0,1,3
BRDA:65,1,0,12
BRDA:65,1,1,1
BRDA:66,2,0,1
BRDA:66,2,1,11
BRDA:68,3,0,1
BRDA:68,3,1,11
BRDA:75,4,0,13
BRDA:75,4,1,6
BRDA:75,4,2,2
BRDA:77,5,0,4
BRDA:77,5,1,9
BRDA:84,6,0,12
BRDA:84,6,1,1
BRDA:106,7,0,1
BRDA:106,7,1,12
BRDA:115,8,0,13
BRDA:115,8,1,12
BRDA:125,9,0,13
BRDA:125,9,1,2
BRDA:127,10,0,13
BRDA:127,10,1,11
BRDA:127,10,2,11
BRDA:127,10,3,1
BRDA:137,11,0,13
BRDA:137,11,1,6
BRDA:141,12,0,4
BRDA:141,12,1,2
BRDA:143,13,0,1
BRDA:143,13,1,1
BRDA:148,14,0,4
BRDA:148,14,1,2
BRDA:155,15,0,4
BRDA:155,15,1,4
BRDA:158,16,0,4
BRDA:158,16,1,3
BRDA:159,17,0,3
BRDA:159,17,1,1
BRDA:163,18,0,4
BRDA:163,18,1,3
BRDA:176,19,0,1
BRDA:176,19,1,1
BRDA:206,20,0,13
BRDA:206,20,1,1
BRDA:211,21,0,13
BRDA:211,21,1,11
BRDA:216,22,0,13
BRDA:216,22,1,1
BRDA:224,23,0,13
BRDA:224,23,1,12
BRDA:233,24,0,13
BRDA:233,24,1,12
BRDA:242,25,0,13
BRDA:242,25,1,12
BRDA:258,26,0,13
BRDA:258,26,1,13
BRDA:267,27,0,13
BRDA:267,27,1,13
BRDA:274,28,0,2
BRDA:274,28,1,11
BRDA:296,29,0,12
BRDA:296,29,1,1
BRDA:302,30,0,13
BRDA:302,30,1,13
BRDA:317,31,0,13
BRDA:317,31,1,6
BRDA:317,31,2,2
BRDA:327,32,0,13
BRDA:327,32,1,6
BRDA:327,32,2,4
BRF:71
BRH:71
end_of_record
TN:
SF:src/components/calendar/constants.ts
FNF:0
FNH:0
DA:1,2
DA:16,2
LF:2
LH:2
BRF:0
BRH:0
end_of_record
TN:
SF:src/components/calendar/types.ts
FN:28,toDateStr
FN:32,toDateOnly
FN:39,getPaymentRecord
FN:44,(anonymous_3)
FN:51,(anonymous_4)
FN:52,(anonymous_5)
FN:61,getOccurrencesInMonth
FN:69,(anonymous_7)
FN:74,(anonymous_8)
FN:83,(anonymous_9)
FN:129,toMain
FN:134,getLogoUrl
FN:138,getColorForSub
FN:139,(anonymous_13)
FNF:14
FNH:14
FNDA:59,toDateStr
FNDA:11,toDateOnly
FNDA:3,getPaymentRecord
FNDA:12,(anonymous_3)
FNDA:4,(anonymous_4)
FNDA:1,(anonymous_5)
FNDA:16,getOccurrencesInMonth
FNDA:21,(anonymous_7)
FNDA:42,(anonymous_8)
FNDA:15,(anonymous_9)
FNDA:11,toMain
FNDA:59,getLogoUrl
FNDA:2,getColorForSub
FNDA:18,(anonymous_13)
DA:13,7
DA:29,59
DA:33,11
DA:34,10
DA:35,10
DA:36,1
DA:44,3
DA:45,12
DA:48,3
DA:50,2
DA:51,4
DA:55,1
DA:58,2
DA:67,16
DA:69,21
DA:70,16
DA:72,16
DA:74,16
DA:75,42
DA:76,42
DA:77,26
DA:78,21
DA:79,3
DA:80,42
DA:83,16
DA:84,15
DA:85,15
DA:86,13
DA:87,10
DA:88,2
DA:89,15
DA:92,16
DA:93,16
DA:96,16
DA:98,14
DA:99,14
DA:100,14
DA:101,13
DA:102,13
DA:104,1
DA:107,14
DA:109,13
DA:110,13
DA:111,15
DA:112,15
DA:113,14
DA:116,13
DA:117,13
DA:118,13
DA:119,42
DA:120,42
DA:121,42
DA:122,41
DA:125,13
DA:130,11
DA:131,5
DA:135,59
DA:139,18
DA:140,2
LF:59
LH:59
BRDA:33,0,0,1
BRDA:33,0,1,10
BRDA:35,1,0,9
BRDA:35,1,1,1
BRDA:45,2,0,12
BRDA:45,2,1,4
BRDA:48,3,0,1
BRDA:48,3,1,2
BRDA:55,4,0,1
BRDA:55,4,1,0
BRDA:55,5,0,1
BRDA:55,5,1,0
BRDA:58,6,0,2
BRDA:58,6,1,1
BRDA:67,7,0,1
BRDA:67,7,1,15
BRDA:69,8,0,15
BRDA:69,8,1,15
BRDA:70,9,0,16
BRDA:70,9,1,2
BRDA:72,10,0,16
BRDA:72,10,1,1
BRDA:76,11,0,16
BRDA:76,11,1,26
BRDA:77,12,0,5
BRDA:77,12,1,21
BRDA:78,13,0,18
BRDA:78,13,1,3
BRDA:79,14,0,2
BRDA:79,14,1,1
BRDA:85,15,0,2
BRDA:85,15,1,13
BRDA:86,16,0,3
BRDA:86,16,1,10
BRDA:87,17,0,8
BRDA:87,17,1,2
BRDA:88,18,0,1
BRDA:88,18,1,1
BRDA:96,19,0,1
BRDA:96,19,1,15
BRDA:100,20,0,13
BRDA:100,20,1,1
BRDA:107,21,0,1
BRDA:107,21,1,13
BRDA:110,22,0,13
BRDA:110,22,1,15
BRDA:112,23,0,1
BRDA:112,23,1,14
BRDA:118,24,0,13
BRDA:118,24,1,42
BRDA:119,25,0,31
BRDA:119,25,1,11
BRDA:121,26,0,1
BRDA:121,26,1,41
BRDA:130,27,0,6
BRDA:130,27,1,5
BRDA:130,28,0,11
BRDA:130,28,1,9
BRDA:130,28,2,9
BRF:59
BRH:57
end_of_record
TN:
SF:src/components/calendar/useCalendarMonthData.ts
FN:19,useCalendarMonthData
FN:27,(anonymous_1)
FN:28,(anonymous_2)
FN:32,(anonymous_3)
FN:33,(anonymous_4)
FN:37,(anonymous_5)
FN:50,(anonymous_6)
FN:74,(anonymous_7)
FN:76,(anonymous_8)
FN:81,(anonymous_9)
FN:86,(anonymous_10)
FN:94,(anonymous_11)
FN:102,(anonymous_12)
FN:107,(anonymous_13)
FN:109,(anonymous_14)
FNF:15
FNH:15
FNDA:5,useCalendarMonthData
FNDA:5,(anonymous_1)
FNDA:5,(anonymous_2)
FNDA:5,(anonymous_3)
FNDA:8,(anonymous_4)
FNDA:5,(anonymous_5)
FNDA:5,(anonymous_6)
FNDA:5,(anonymous_7)
FNDA:5,(anonymous_8)
FNDA:12,(anonymous_9)
FNDA:148,(anonymous_10)
FNDA:8,(anonymous_11)
FNDA:5,(anonymous_12)
FNDA:5,(anonymous_13)
FNDA:2,(anonymous_14)
DA:27,5
DA:28,5
DA:32,5
DA:33,8
DA:37,5
DA:38,5
DA:40,5
DA:41,6
DA:42,6
DA:43,6
DA:47,5
DA:50,5
DA:51,5
DA:52,5
DA:54,5
DA:55,5
DA:56,5
DA:58,5
DA:59,6
DA:60,6
DA:61,6
DA:62,6
DA:63,6
DA:65,6
DA:66,5
DA:71,5
DA:74,5
DA:76,5
DA:77,5
DA:78,5
DA:79,5
DA:81,12
DA:86,148
DA:91,5
DA:92,5
DA:94,8
DA:99,5
DA:102,5
DA:103,5
DA:107,5
DA:109,5
DA:110,2
DA:111,2
DA:116,5
LF:44
LH:44
BRDA:28,0,0,5
BRDA:28,0,1,1
BRDA:60,1,0,6
BRDA:60,1,1,6
BRDA:65,2,0,5
BRDA:65,2,1,1
BRDA:92,3,0,1
BRDA:92,3,1,4
BRDA:103,4,0,3
BRDA:103,4,1,2
BRDA:103,5,0,3
BRDA:103,5,1,1
BRDA:110,6,0,2
BRDA:110,6,1,2
BRF:14
BRH:14
end_of_record
TN:
SF:src/components/chat/ChatComposer.tsx
FN:28,ChatComposer
FN:78,(anonymous_1)
FN:89,(anonymous_2)
FNF:3
FNH:3
FNDA:5,ChatComposer
FNDA:1,(anonymous_1)
FNDA:5,(anonymous_2)
DA:41,5
DA:43,5
DA:78,1
DA:89,5
LF:4
LH:4
BRDA:45,0,0,5
BRDA:45,0,1,1
BRDA:92,1,0,1
BRDA:92,1,1,4
BRDA:103,2,0,1
BRDA:103,2,1,4
BRDA:118,3,0,4
BRDA:118,3,1,3
BRF:8
BRH:8
end_of_record
TN:
SF:src/components/chat/ChatHeader.tsx
FN:11,ChatHeader
FNF:1
FNH:1
FNDA:3,ChatHeader
DA:15,3
DA:17,3
LF:2
LH:2
BRF:0
BRH:0
end_of_record
TN:
SF:src/components/chat/ChatMessagesPanel.tsx
FN:31,ChatMessagesPanel
FN:49,(anonymous_1)
FN:122,(anonymous_2)
FN:125,(anonymous_3)
FN:130,(anonymous_4)
FN:135,(anonymous_5)
FN:138,(anonymous_6)
FN:143,(anonymous_7)
FN:146,(anonymous_8)
FN:151,(anonymous_9)
FN:156,(anonymous_10)
FN:161,(anonymous_11)
FN:166,(anonymous_12)
FN:171,(anonymous_13)
FN:178,(anonymous_14)
FN:183,(anonymous_15)
FN:188,(anonymous_16)
FN:212,(anonymous_17)
FN:252,(anonymous_18)
FN:255,(anonymous_19)
FNF:20
FNH:20
FNDA:5,ChatMessagesPanel
FNDA:6,(anonymous_1)
FNDA:4,(anonymous_2)
FNDA:1,(anonymous_3)
FNDA:1,(anonymous_4)
FNDA:2,(anonymous_5)
FNDA:1,(anonymous_6)
FNDA:1,(anonymous_7)
FNDA:2,(anonymous_8)
FNDA:1,(anonymous_9)
FNDA:1,(anonymous_10)
FNDA:1,(anonymous_11)
FNDA:1,(anonymous_12)
FNDA:1,(anonymous_13)
FNDA:1,(anonymous_14)
FNDA:1,(anonymous_15)
FNDA:1,(anonymous_16)
FNDA:1,(anonymous_17)
FNDA:2,(anonymous_18)
FNDA:2,(anonymous_19)
DA:41,5
DA:43,5
DA:51,6
DA:53,6
DA:123,4
DA:126,1
DA:131,1
DA:136,2
DA:139,1
DA:144,1
DA:147,2
DA:152,1
DA:157,1
DA:162,1
DA:167,1
DA:172,1
DA:179,1
DA:184,1
DA:189,1
DA:212,1
DA:253,2
DA:255,2
LF:22
LH:22
BRDA:51,0,0,2
BRDA:51,0,1,4
BRDA:61,1,0,2
BRDA:61,1,1,4
BRDA:67,2,0,2
BRDA:67,2,1,4
BRDA:73,3,0,2
BRDA:73,3,1,4
BRDA:74,4,0,1
BRDA:74,4,1,1
BRDA:77,5,0,1
BRDA:77,5,1,0
BRDA:92,6,0,2
BRDA:92,6,1,4
BRDA:97,7,0,2
BRDA:97,7,1,4
BRDA:98,8,0,1
BRDA:98,8,1,1
BRDA:100,9,0,1
BRDA:100,9,1,1
BRDA:202,10,0,6
BRDA:202,10,1,1
BRDA:202,10,2,1
BRDA:225,11,0,5
BRDA:225,11,1,1
BRDA:245,12,0,5
BRDA:245,12,1,1
BRDA:245,12,2,1
BRF:28
BRH:27
end_of_record
TN:
SF:src/components/chat/ChatSidebar.tsx
FN:39,ChatSidebar
FN:106,(anonymous_1)
FN:112,(anonymous_2)
FN:119,(anonymous_3)
FN:122,(anonymous_4)
FN:135,(anonymous_5)
FN:146,(anonymous_6)
FN:162,(anonymous_7)
FN:171,(anonymous_8)
FNF:9
FNH:9
FNDA:5,ChatSidebar
FNDA:2,(anonymous_1)
FNDA:3,(anonymous_2)
FNDA:1,(anonymous_3)
FNDA:2,(anonymous_4)
FNDA:1,(anonymous_5)
FNDA:1,(anonymous_6)
FNDA:1,(anonymous_7)
FNDA:1,(anonymous_8)
DA:57,5
DA:59,5
DA:107,2
DA:113,3
DA:120,1
DA:123,2
DA:124,1
DA:126,2
DA:127,1
DA:136,1
DA:137,1
DA:146,1
DA:163,1
DA:172,1
LF:14
LH:14
BRDA:63,0,0,4
BRDA:63,0,1,1
BRDA:94,1,0,5
BRDA:94,1,1,1
BRDA:94,1,2,1
BRDA:100,2,0,5
BRDA:100,2,1,4
BRDA:100,2,2,2
BRDA:114,3,0,1
BRDA:114,3,1,2
BRDA:123,4,0,1
BRDA:123,4,1,1
BRDA:126,5,0,1
BRDA:126,5,1,1
BRDA:149,6,0,1
BRDA:149,6,1,1
BRDA:159,7,0,3
BRDA:159,7,1,2
BRF:18
BRH:18
end_of_record
TN:
SF:src/components/chat/constants.ts
FNF:0
FNH:0
DA:1,3
DA:2,3
DA:3,3
DA:5,3
LF:4
LH:4
BRF:0
BRH:0
end_of_record
TN:
SF:src/components/chat/useChatPageController.ts
FN:35,useChatPageController
FN:41,(anonymous_1)
FN:56,(anonymous_2)
FN:71,(anonymous_3)
FN:73,(anonymous_4)
FN:79,(anonymous_5)
FN:85,(anonymous_6)
FN:108,(anonymous_7)
FN:114,(anonymous_8)
FN:124,(anonymous_9)
FN:129,(anonymous_10)
FN:144,(anonymous_11)
FN:145,(anonymous_12)
FN:169,(anonymous_13)
FN:180,(anonymous_14)
FN:268,(anonymous_15)
FN:287,(anonymous_16)
FN:296,(anonymous_17)
FN:308,(anonymous_18)
FN:325,(anonymous_19)
FN:337,(anonymous_20)
FN:366,(anonymous_21)
FN:374,(anonymous_22)
FN:381,(anonymous_23)
FN:382,(anonymous_24)
FN:395,(anonymous_25)
FN:408,(anonymous_26)
FN:416,(anonymous_27)
FN:417,(anonymous_28)
FN:431,(anonymous_29)
FN:481,(anonymous_30)
FN:517,(anonymous_31)
FN:530,(anonymous_32)
FN:535,(anonymous_33)
FN:541,(anonymous_34)
FN:556,(anonymous_35)
FN:566,(anonymous_36)
FN:577,(anonymous_37)
FNF:38
FNH:38
FNDA:148,useChatPageController
FNDA:148,(anonymous_1)
FNDA:36,(anonymous_2)
FNDA:164,(anonymous_3)
FNDA:61,(anonymous_4)
FNDA:42,(anonymous_5)
FNDA:49,(anonymous_6)
FNDA:36,(anonymous_7)
FNDA:13,(anonymous_8)
FNDA:10,(anonymous_9)
FNDA:1,(anonymous_10)
FNDA:3,(anonymous_11)
FNDA:2,(anonymous_12)
FNDA:2,(anonymous_13)
FNDA:13,(anonymous_14)
FNDA:16,(anonymous_15)
FNDA:13,(anonymous_16)
FNDA:1,(anonymous_17)
FNDA:2,(anonymous_18)
FNDA:2,(anonymous_19)
FNDA:9,(anonymous_20)
FNDA:3,(anonymous_21)
FNDA:4,(anonymous_22)
FNDA:2,(anonymous_23)
FNDA:2,(anonymous_24)
FNDA:2,(anonymous_25)
FNDA:3,(anonymous_26)
FNDA:1,(anonymous_27)
FNDA:2,(anonymous_28)
FNDA:7,(anonymous_29)
FNDA:16,(anonymous_30)
FNDA:14,(anonymous_31)
FNDA:1,(anonymous_32)
FNDA:3,(anonymous_33)
FNDA:2,(anonymous_34)
FNDA:3,(anonymous_35)
FNDA:148,(anonymous_36)
FNDA:148,(anonymous_37)
DA:36,148
DA:37,148
DA:38,148
DA:39,148
DA:41,148
DA:42,148
DA:49,148
DA:50,148
DA:51,148
DA:52,148
DA:53,148
DA:54,148
DA:55,148
DA:56,148
DA:57,36
DA:59,148
DA:60,148
DA:61,148
DA:65,148
DA:66,148
DA:67,148
DA:68,148
DA:69,148
DA:71,164
DA:73,148
DA:74,61
DA:75,1
DA:79,148
DA:80,42
DA:81,3
DA:85,148
DA:86,49
DA:87,1
DA:90,48
DA:92,48
DA:93,48
DA:94,47
DA:100,49
DA:102,1
DA:104,48
DA:108,148
DA:109,36
DA:110,34
DA:114,148
DA:116,13
DA:117,10
DA:118,10
DA:120,10
DA:123,10
DA:124,10
DA:125,10
DA:126,1
DA:129,9
DA:130,1
DA:133,8
DA:144,3
DA:145,3
DA:146,2
DA:149,3
DA:150,2
DA:151,2
DA:162,1
DA:167,1
DA:169,2
DA:174,13
DA:179,148
DA:181,13
DA:182,9
DA:185,4
DA:186,4
DA:187,4
DA:188,4
DA:189,4
DA:190,4
DA:192,4
DA:193,10
DA:194,10
DA:201,10
DA:202,3
DA:203,3
DA:204,2
DA:210,10
DA:211,2
DA:213,10
DA:214,1
DA:216,10
DA:217,1
DA:219,10
DA:220,1
DA:223,10
DA:224,2
DA:232,4
DA:233,3
DA:236,3
DA:240,4
DA:241,2
DA:245,4
DA:246,1
DA:250,4
DA:251,1
DA:255,4
DA:256,1
DA:259,1
DA:267,148
DA:277,16
DA:279,16
DA:280,16
DA:287,13
DA:292,13
DA:293,13
DA:295,3
DA:296,1
DA:306,2
DA:308,2
DA:318,16
DA:319,16
DA:325,148
DA:326,2
DA:327,2
DA:328,2
DA:329,2
DA:331,2
DA:332,1
DA:336,148
DA:338,9
DA:339,2
DA:340,1
DA:342,2
DA:345,7
DA:347,7
DA:348,7
DA:349,6
DA:350,9
DA:351,9
DA:352,9
DA:354,9
DA:355,2
DA:358,1
DA:360,7
DA:366,148
DA:368,3
DA:369,3
DA:374,148
DA:375,4
DA:376,1
DA:379,3
DA:380,3
DA:381,2
DA:382,2
DA:385,2
DA:386,1
DA:389,1
DA:391,3
DA:395,148
DA:401,2
DA:402,2
DA:403,2
DA:408,148
DA:409,3
DA:410,1
DA:411,1
DA:414,2
DA:415,2
DA:416,1
DA:417,1
DA:418,2
DA:424,1
DA:426,2
DA:430,148
DA:432,7
DA:433,7
DA:435,7
DA:436,1
DA:439,6
DA:440,7
DA:441,1
DA:442,1
DA:445,5
DA:446,1
DA:447,1
DA:450,4
DA:451,4
DA:452,4
DA:454,4
DA:458,7
DA:459,7
DA:463,7
DA:464,1
DA:465,1
DA:468,2
DA:474,1
DA:480,148
DA:482,16
DA:483,16
DA:484,2
DA:487,14
DA:488,14
DA:490,14
DA:491,3
DA:492,3
DA:494,3
DA:502,3
DA:503,3
DA:504,3
DA:508,3
DA:511,14
DA:517,14
DA:518,14
DA:519,14
DA:521,14
DA:530,148
DA:531,1
DA:534,148
DA:536,3
DA:537,3
DA:538,1
DA:541,2
DA:542,2
DA:544,2
DA:556,148
DA:558,3
DA:559,1
DA:560,1
DA:566,148
DA:567,148
DA:577,148
DA:582,148
LF:227
LH:227
BRDA:39,0,0,147
BRDA:39,0,1,1
BRDA:57,1,0,36
BRDA:57,1,1,36
BRDA:74,2,0,1
BRDA:74,2,1,60
BRDA:80,3,0,3
BRDA:80,3,1,39
BRDA:86,4,0,1
BRDA:86,4,1,48
BRDA:86,5,0,49
BRDA:86,5,1,48
BRDA:94,6,0,46
BRDA:94,6,1,1
BRDA:109,7,0,34
BRDA:109,7,1,2
BRDA:109,8,0,36
BRDA:109,8,1,35
BRDA:116,9,0,10
BRDA:116,9,1,3
BRDA:120,10,0,10
BRDA:120,10,1,1
BRDA:125,11,0,1
BRDA:125,11,1,9
BRDA:129,12,0,1
BRDA:129,12,1,8
BRDA:149,13,0,2
BRDA:149,13,1,1
BRDA:181,14,0,9
BRDA:181,14,1,4
BRDA:181,15,0,13
BRDA:181,15,1,4
BRDA:201,16,0,3
BRDA:201,16,1,7
BRDA:203,17,0,2
BRDA:203,17,1,1
BRDA:205,18,0,2
BRDA:205,18,1,1
BRDA:210,19,0,2
BRDA:210,19,1,8
BRDA:213,20,0,1
BRDA:213,20,1,9
BRDA:216,21,0,1
BRDA:216,21,1,9
BRDA:219,22,0,1
BRDA:219,22,1,9
BRDA:223,23,0,2
BRDA:223,23,1,8
BRDA:223,24,0,10
BRDA:223,24,1,2
BRDA:223,24,2,2
BRDA:225,25,0,2
BRDA:225,25,1,1
BRDA:232,26,0,3
BRDA:232,26,1,1
BRDA:240,27,0,2
BRDA:240,27,1,2
BRDA:245,28,0,1
BRDA:245,28,1,3
BRDA:250,29,0,1
BRDA:250,29,1,3
BRDA:255,30,0,1
BRDA:255,30,1,3
BRDA:295,31,0,1
BRDA:295,31,1,2
BRDA:295,32,0,3
BRDA:295,32,1,2
BRDA:306,33,0,1
BRDA:306,33,1,1
BRDA:331,34,0,1
BRDA:331,34,1,1
BRDA:338,35,0,2
BRDA:338,35,1,7
BRDA:339,36,0,1
BRDA:339,36,1,1
BRDA:349,37,0,5
BRDA:349,37,1,1
BRDA:354,38,0,2
BRDA:354,38,1,7
BRDA:375,39,0,1
BRDA:375,39,1,3
BRDA:385,40,0,1
BRDA:385,40,1,1
BRDA:409,41,0,1
BRDA:409,41,1,2
BRDA:409,42,0,3
BRDA:409,42,1,3
BRDA:418,43,0,1
BRDA:418,43,1,1
BRDA:435,44,0,1
BRDA:435,44,1,6
BRDA:440,45,0,1
BRDA:440,45,1,6
BRDA:440,46,0,7
BRDA:440,46,1,4
BRDA:445,47,0,1
BRDA:445,47,1,4
BRDA:454,48,0,3
BRDA:454,48,1,1
BRDA:463,49,0,1
BRDA:463,49,1,6
BRDA:482,50,0,16
BRDA:482,50,1,16
BRDA:483,51,0,2
BRDA:483,51,1,14
BRDA:483,52,0,16
BRDA:483,52,1,4
BRDA:483,52,2,14
BRDA:490,53,0,3
BRDA:490,53,1,11
BRDA:498,54,0,1
BRDA:498,54,1,2
BRDA:502,55,0,1
BRDA:502,55,1,2
BRDA:504,56,0,1
BRDA:504,56,1,2
BRDA:537,57,0,1
BRDA:537,57,1,2
BRDA:537,58,0,3
BRDA:537,58,1,2
BRDA:547,59,0,2
BRDA:547,59,1,1
BRDA:558,60,0,1
BRDA:558,60,1,2
BRDA:558,61,0,3
BRDA:558,61,1,2
BRF:126
BRH:126
end_of_record
TN:
SF:src/components/chat/utils.ts
FN:5,triggerExportDownload
FN:34,extractFileChip
FN:61,buildConversationTitle
FN:71,groupConversations
FN:122,(anonymous_4)
FN:123,(anonymous_5)
FNF:6
FNH:6
FNDA:3,triggerExportDownload
FNDA:5,extractFileChip
FNDA:7,buildConversationTitle
FNDA:149,groupConversations
FNDA:745,(anonymous_4)
FNDA:30,(anonymous_5)
DA:10,3
DA:11,3
DA:12,2
DA:13,2
DA:14,2
DA:15,2
DA:16,2
DA:17,2
DA:20,1
DA:23,1
DA:24,1
DA:25,1
DA:26,1
DA:27,1
DA:28,1
DA:30,1
DA:38,5
DA:39,2
DA:40,2
DA:46,3
DA:47,3
DA:48,3
DA:49,2
DA:50,2
DA:52,2
DA:58,1
DA:62,7
DA:75,149
DA:76,149
DA:77,149
DA:79,149
DA:80,149
DA:82,149
DA:83,149
DA:85,149
DA:86,149
DA:88,149
DA:96,149
DA:97,37
DA:98,37
DA:100,37
DA:101,1
DA:102,36
DA:103,1
DA:104,35
DA:105,33
DA:106,2
DA:107,1
DA:109,1
DA:113,149
DA:122,745
DA:123,30
LF:52
LH:52
BRDA:11,0,0,2
BRDA:11,0,1,1
BRDA:38,1,0,2
BRDA:38,1,1,3
BRDA:42,2,0,1
BRDA:42,2,1,1
BRDA:48,3,0,2
BRDA:48,3,1,1
BRDA:54,4,0,1
BRDA:54,4,1,1
BRDA:62,5,0,7
BRDA:62,5,1,3
BRDA:63,6,0,7
BRDA:63,6,1,2
BRDA:100,7,0,1
BRDA:100,7,1,36
BRDA:102,8,0,1
BRDA:102,8,1,35
BRDA:104,9,0,33
BRDA:104,9,1,2
BRDA:106,10,0,1
BRDA:106,10,1,1
BRF:22
BRH:22
end_of_record
TN:
SF:src/components/dashboard/AIRecommendationsCard.tsx
FN:22,AIRecommendationsCard
FN:59,(anonymous_1)
FN:76,(anonymous_2)
FN:91,(anonymous_3)
FNF:4
FNH:4
FNDA:7,AIRecommendationsCard
FNDA:2,(anonymous_1)
FNDA:3,(anonymous_2)
FNDA:1,(anonymous_3)
DA:29,7
DA:31,7
DA:60,2
DA:77,3
DA:91,1
LF:5
LH:5
BRDA:47,0,0,1
BRDA:47,0,1,6
BRDA:57,1,0,1
BRDA:57,1,1,6
BRDA:66,2,0,4
BRDA:66,2,1,2
BRDA:66,3,0,6
BRDA:66,3,1,3
BRDA:99,4,0,1
BRDA:99,4,1,2
BRF:10
BRH:10
end_of_record
TN:
SF:src/components/dashboard/BudgetOverviewCard.tsx
FN:27,BudgetOverviewCard
FNF:1
FNH:1
FNDA:5,BudgetOverviewCard
DA:36,5
DA:38,5
LF:2
LH:2
BRDA:44,0,0,4
BRDA:44,0,1,1
BRDA:52,1,0,1
BRDA:52,1,1,3
BRDA:55,2,0,3
BRDA:55,2,1,1
BRDA:71,3,0,4
BRDA:71,3,1,1
BRDA:77,4,0,1
BRDA:77,4,1,3
BRDA:84,5,0,1
BRDA:84,5,1,3
BRDA:92,6,0,2
BRDA:92,6,1,1
BRDA:113,7,0,2
BRDA:113,7,1,3
BRDA:116,8,0,1
BRDA:116,8,1,1
BRDA:118,9,0,1
BRDA:118,9,1,0
BRDA:146,10,0,5
BRDA:146,10,1,1
BRF:22
BRH:21
end_of_record
TN:
SF:src/components/dashboard/CostHistoryCard.tsx
FN:25,CostHistoryCard
FN:90,(anonymous_1)
FNF:2
FNH:2
FNDA:4,CostHistoryCard
FNDA:1,(anonymous_1)
DA:29,4
DA:31,4
DA:90,1
LF:3
LH:3
BRDA:40,0,0,2
BRDA:40,0,1,1
BRF:2
BRH:2
end_of_record
TN:
SF:src/components/dashboard/DashboardHeader.tsx
FN:9,DashboardHeader
FNF:1
FNH:1
FNDA:1,DashboardHeader
DA:13,1
DA:15,1
LF:2
LH:2
BRF:0
BRH:0
end_of_record
TN:
SF:src/components/dashboard/SummaryCard.tsx
FN:5,SummaryCard
FNF:1
FNH:1
FNDA:2,SummaryCard
DA:22,2
LF:1
LH:1
BRDA:31,0,0,2
BRDA:31,0,1,2
BRDA:34,1,0,1
BRDA:34,1,1,1
BRDA:40,2,0,2
BRDA:40,2,1,1
BRDA:50,3,0,1
BRDA:50,3,1,1
BRF:8
BRH:8
end_of_record
TN:
SF:src/components/dashboard/useDashboardDerivedData.ts
FN:21,useDashboardDerivedData
FN:26,(anonymous_1)
FN:28,(anonymous_2)
FNF:3
FNH:3
FNDA:3,useDashboardDerivedData
FNDA:3,(anonymous_1)
FNDA:12,(anonymous_2)
DA:26,3
DA:28,12
DA:35,3
DA:37,3
DA:40,3
DA:42,3
LF:6
LH:6
BRDA:28,0,0,3
BRDA:28,0,1,1
BRDA:35,1,0,3
BRDA:35,1,1,1
BRDA:37,2,0,2
BRDA:37,2,1,1
BRDA:37,3,0,3
BRDA:37,3,1,2
BRF:8
BRH:8
end_of_record
TN:
SF:src/components/settings/ai/AIModelSelector.tsx
FN:19,AIModelSelector
FN:32,(anonymous_1)
FN:58,(anonymous_2)
FN:62,(anonymous_3)
FN:88,(anonymous_4)
FN:94,(anonymous_5)
FN:98,(anonymous_6)
FN:128,(anonymous_7)
FNF:8
FNH:8
FNDA:86,AIModelSelector
FNDA:39,(anonymous_1)
FNDA:6,(anonymous_2)
FNDA:5,(anonymous_3)
FNDA:3,(anonymous_4)
FNDA:37,(anonymous_5)
FNDA:1,(anonymous_6)
FNDA:1,(anonymous_7)
DA:27,86
DA:28,86
DA:29,86
DA:30,86
DA:32,86
DA:33,39
DA:36,86
DA:59,6
DA:60,6
DA:61,5
DA:62,5
DA:88,3
DA:95,37
DA:99,1
DA:100,1
DA:128,1
LF:16
LH:16
BRDA:45,0,0,86
BRDA:45,0,1,77
BRDA:49,1,0,8
BRDA:49,1,1,78
BRDA:51,2,0,8
BRDA:51,2,1,78
BRDA:55,3,0,20
BRDA:55,3,1,66
BRDA:60,4,0,5
BRDA:60,4,1,1
BRDA:73,5,0,20
BRDA:73,5,1,17
BRDA:74,6,0,20
BRDA:74,6,1,17
BRDA:105,7,0,37
BRDA:105,7,1,3
BRDA:111,8,0,3
BRDA:111,8,1,34
BRDA:117,9,0,20
BRDA:117,9,1,1
BRDA:134,10,0,86
BRDA:134,10,1,66
BRF:22
BRH:22
end_of_record
TN:
SF:src/components/settings/ai/AITab.tsx
FN:18,AITab
FN:36,(anonymous_1)
FN:41,(anonymous_2)
FN:61,(anonymous_3)
FN:86,(anonymous_4)
FN:113,(anonymous_5)
FN:124,(anonymous_6)
FN:127,(anonymous_7)
FN:175,(anonymous_8)
FN:186,(anonymous_9)
FN:205,(anonymous_10)
FN:218,(anonymous_11)
FN:248,(anonymous_12)
FNF:13
FNH:13
FNDA:99,AITab
FNDA:1,(anonymous_1)
FNDA:68,(anonymous_2)
FNDA:8,(anonymous_3)
FNDA:8,(anonymous_4)
FNDA:7,(anonymous_5)
FNDA:1,(anonymous_6)
FNDA:1,(anonymous_7)
FNDA:1,(anonymous_8)
FNDA:2,(anonymous_9)
FNDA:3,(anonymous_10)
FNDA:2,(anonymous_11)
FNDA:7,(anonymous_12)
DA:19,99
DA:20,99
DA:21,99
DA:23,99
DA:24,99
DA:25,99
DA:26,99
DA:27,99
DA:28,99
DA:29,99
DA:30,99
DA:31,99
DA:32,99
DA:34,99
DA:36,1
DA:41,99
DA:42,68
DA:43,30
DA:44,30
DA:45,30
DA:46,30
DA:47,30
DA:48,30
DA:49,30
DA:50,30
DA:52,68
DA:53,3
DA:54,3
DA:55,3
DA:59,99
DA:61,99
DA:62,8
DA:63,7
DA:64,7
DA:65,7
DA:66,7
DA:67,5
DA:69,8
DA:70,2
DA:72,3
DA:74,3
DA:75,3
DA:78,2
DA:79,2
DA:81,7
DA:85,99
DA:87,8
DA:88,8
DA:97,8
DA:98,1
DA:99,1
DA:100,7
DA:101,1
DA:102,1
DA:103,6
DA:104,1
DA:105,1
DA:108,8
DA:109,7
DA:111,1
DA:114,7
DA:115,7
DA:116,7
DA:117,7
DA:118,1
DA:119,6
DA:120,1
DA:122,7
DA:124,1
DA:127,99
DA:128,1
DA:129,1
DA:132,99
DA:133,35
DA:136,64
DA:175,1
DA:186,2
DA:206,3
DA:207,3
DA:219,2
DA:220,2
DA:248,7
LF:82
LH:82
BRDA:35,0,0,99
BRDA:35,0,1,4
BRDA:42,1,0,30
BRDA:42,1,1,38
BRDA:42,2,0,68
BRDA:42,2,1,60
BRDA:43,3,0,30
BRDA:43,3,1,1
BRDA:44,4,0,30
BRDA:44,4,1,1
BRDA:45,5,0,30
BRDA:45,5,1,1
BRDA:47,6,0,30
BRDA:47,6,1,1
BRDA:49,7,0,30
BRDA:49,7,1,1
BRDA:52,8,0,3
BRDA:52,8,1,65
BRDA:52,9,0,68
BRDA:52,9,1,6
BRDA:62,10,0,1
BRDA:62,10,1,7
BRDA:67,11,0,5
BRDA:67,11,1,1
BRDA:69,12,0,2
BRDA:69,12,1,3
BRDA:74,13,0,1
BRDA:74,13,1,2
BRDA:74,14,0,3
BRDA:74,14,1,3
BRDA:78,15,0,1
BRDA:78,15,1,1
BRDA:89,16,0,8
BRDA:89,16,1,7
BRDA:91,17,0,8
BRDA:91,17,1,1
BRDA:97,18,0,1
BRDA:97,18,1,7
BRDA:100,19,0,1
BRDA:100,19,1,6
BRDA:103,20,0,1
BRDA:103,20,1,5
BRDA:103,21,0,6
BRDA:103,21,1,5
BRDA:108,22,0,7
BRDA:108,22,1,1
BRDA:114,23,0,7
BRDA:114,23,1,1
BRDA:117,24,0,1
BRDA:117,24,1,6
BRDA:119,25,0,1
BRDA:119,25,1,5
BRDA:132,26,0,35
BRDA:132,26,1,64
BRDA:132,27,0,99
BRDA:132,27,1,98
BRDA:151,28,0,56
BRDA:151,28,1,8
BRDA:160,29,0,8
BRDA:160,29,1,56
BRDA:199,30,0,99
BRDA:199,30,1,56
BRDA:199,30,2,53
BRDA:222,31,0,53
BRDA:222,31,1,11
BRDA:222,32,0,99
BRDA:222,32,1,56
BRDA:226,33,0,3
BRDA:226,33,1,61
BRDA:228,34,0,53
BRDA:228,34,1,8
BRF:71
BRH:71
end_of_record
TN:
SF:src/components/settings/api-keys/ApiKeyEndpointsReference.tsx
FN:135,getMethodColor
FN:150,buildEndpointGroups
FN:395,ApiKeyEndpointsReference
FN:405,(anonymous_3)
FN:408,(anonymous_4)
FN:411,(anonymous_5)
FN:412,(anonymous_6)
FN:425,(anonymous_7)
FN:426,(anonymous_8)
FN:443,(anonymous_9)
FN:443,(anonymous_10)
FN:473,(anonymous_11)
FN:483,(anonymous_12)
FN:490,(anonymous_13)
FN:516,(anonymous_14)
FN:547,(anonymous_15)
FN:562,(anonymous_16)
FN:581,(anonymous_17)
FNF:18
FNH:17
FNDA:104,getMethodColor
FNDA:39,buildEndpointGroups
FNDA:39,ApiKeyEndpointsReference
FNDA:3,(anonymous_3)
FNDA:0,(anonymous_4)
FNDA:8,(anonymous_5)
FNDA:8,(anonymous_6)
FNDA:4,(anonymous_7)
FNDA:4,(anonymous_8)
FNDA:12,(anonymous_9)
FNDA:12,(anonymous_10)
FNDA:1,(anonymous_11)
FNDA:182,(anonymous_12)
FNDA:8,(anonymous_13)
FNDA:104,(anonymous_14)
FNDA:1,(anonymous_15)
FNDA:4,(anonymous_16)
FNDA:1,(anonymous_17)
DA:23,2
DA:40,2
DA:45,2
DA:49,2
DA:53,2
DA:59,2
DA:77,2
DA:81,2
DA:85,2
DA:89,2
DA:95,2
DA:99,2
DA:104,2
DA:111,2
DA:116,2
DA:136,104
DA:138,26
DA:140,39
DA:142,13
DA:144,13
DA:146,13
DA:154,39
DA:396,39
DA:397,39
DA:398,39
DA:399,39
DA:400,39
DA:401,39
DA:403,39
DA:405,39
DA:406,3
DA:407,3
DA:408,3
DA:411,39
DA:412,8
DA:413,8
DA:415,8
DA:416,1
DA:418,7
DA:421,8
DA:425,39
DA:426,4
DA:427,4
DA:429,4
DA:430,1
DA:432,3
DA:435,4
DA:439,39
DA:443,12
DA:473,1
DA:484,182
DA:486,182
DA:490,8
DA:517,104
DA:518,104
DA:520,104
DA:547,1
DA:562,4
DA:581,1
LF:59
LH:59
BRDA:136,0,0,26
BRDA:136,0,1,39
BRDA:136,0,2,13
BRDA:136,0,3,13
BRDA:136,0,4,13
BRDA:415,1,0,1
BRDA:415,1,1,7
BRDA:429,2,0,1
BRDA:429,2,1,3
BRDA:454,3,0,26
BRDA:454,3,1,13
BRDA:459,4,0,26
BRDA:459,4,1,13
BRDA:475,5,0,1
BRDA:475,5,1,25
BRDA:508,6,0,13
BRDA:508,6,1,169
BRDA:514,7,0,13
BRDA:514,7,1,169
BRDA:550,8,0,2
BRDA:550,8,1,102
BRDA:558,9,0,65
BRDA:558,9,1,39
BRDA:566,10,0,4
BRDA:566,10,1,61
BRDA:574,11,0,4
BRDA:574,11,1,61
BRF:27
BRH:27
end_of_record
TN:
SF:src/components/settings/api-keys/ApiKeyFormDialog.tsx
FN:37,getOrderedPermissions
FN:38,(anonymous_1)
FN:38,(anonymous_2)
FN:43,ApiKeyFormDialog
FN:62,(anonymous_4)
FN:71,(anonymous_5)
FN:72,(anonymous_6)
FN:85,(anonymous_7)
FN:94,(anonymous_8)
FN:106,(anonymous_9)
FN:114,(anonymous_10)
FN:121,(anonymous_11)
FN:142,(anonymous_12)
FN:143,(anonymous_13)
FN:160,(anonymous_14)
FN:163,(anonymous_15)
FN:166,(anonymous_16)
FN:183,(anonymous_17)
FN:200,(anonymous_18)
FN:257,CreateApiKeyDialog
FN:302,EditApiKeyDialog
FNF:21
FNH:21
FNDA:4,getOrderedPermissions
FNDA:52,(anonymous_1)
FNDA:5,(anonymous_2)
FNDA:63,ApiKeyFormDialog
FNDA:25,(anonymous_4)
FNDA:3,(anonymous_5)
FNDA:3,(anonymous_6)
FNDA:3,(anonymous_7)
FNDA:2,(anonymous_8)
FNDA:6,(anonymous_9)
FNDA:2,(anonymous_10)
FNDA:1,(anonymous_11)
FNDA:7,(anonymous_12)
FNDA:4,(anonymous_13)
FNDA:504,(anonymous_14)
FNDA:3339,(anonymous_15)
FNDA:4851,(anonymous_16)
FNDA:2,(anonymous_17)
FNDA:3,(anonymous_18)
FNDA:2,CreateApiKeyDialog
FNDA:2,EditApiKeyDialog
DA:21,2
DA:38,52
DA:39,5
DA:56,63
DA:57,63
DA:58,63
DA:62,63
DA:63,25
DA:64,1
DA:67,24
DA:68,24
DA:71,63
DA:72,3
DA:73,3
DA:75,3
DA:76,2
DA:78,1
DA:81,3
DA:85,63
DA:89,3
DA:90,1
DA:91,1
DA:94,2
DA:95,2
DA:96,2
DA:98,2
DA:99,1
DA:102,2
DA:106,63
DA:107,6
DA:108,2
DA:111,4
DA:114,63
DA:115,2
DA:116,2
DA:117,2
DA:120,63
DA:121,1
DA:142,7
DA:144,4
DA:145,3
DA:161,504
DA:162,504
DA:163,504
DA:164,3339
DA:166,504
DA:167,4851
DA:170,504
DA:183,2
DA:201,3
DA:269,2
DA:271,2
DA:274,2
DA:307,2
DA:309,2
LF:55
LH:55
BRDA:51,0,0,63
BRDA:52,1,0,63
BRDA:63,2,0,1
BRDA:63,2,1,24
BRDA:75,3,0,2
BRDA:75,3,1,1
BRDA:89,4,0,1
BRDA:89,4,1,2
BRDA:98,5,0,1
BRDA:98,5,1,1
BRDA:107,6,0,2
BRDA:107,6,1,4
BRDA:107,7,0,6
BRDA:107,7,1,5
BRDA:121,8,0,1
BRDA:121,8,1,1
BRDA:126,9,0,63
BRDA:126,9,1,53
BRDA:144,10,0,3
BRDA:144,10,1,1
BRDA:180,11,0,504
BRDA:180,11,1,441
BRDA:185,12,0,24
BRDA:185,12,1,417
BRDA:190,13,0,441
BRDA:190,13,1,24
BRDA:197,14,0,504
BRDA:197,14,1,378
BRDA:203,15,0,2
BRDA:203,15,1,1
BRDA:207,16,0,5
BRDA:207,16,1,373
BRDA:212,17,0,378
BRDA:212,17,1,5
BRDA:224,18,0,6
BRDA:224,18,1,57
BRDA:239,19,0,63
BRDA:239,19,1,17
BRDA:239,19,2,13
BRDA:242,20,0,2
BRDA:242,20,1,61
BRDA:271,21,0,2
BRDA:271,21,1,2
BRF:43
BRH:43
end_of_record
TN:
SF:src/components/settings/api-keys/ApiKeyListCard.tsx
FN:9,KeyRowSkeleton
FN:38,KeyRow
FN:69,(anonymous_2)
FN:91,(anonymous_3)
FN:100,(anonymous_4)
FN:118,ApiKeyListCard
FN:176,(anonymous_6)
FNF:7
FNH:7
FNDA:4,KeyRowSkeleton
FNDA:6,KeyRow
FNDA:6,(anonymous_2)
FNDA:1,(anonymous_3)
FNDA:1,(anonymous_4)
FNDA:11,ApiKeyListCard
FNDA:6,(anonymous_6)
DA:10,4
DA:39,6
DA:41,6
DA:47,6
DA:55,6
DA:70,6
DA:91,1
DA:100,1
DA:125,11
DA:127,11
DA:177,6
LF:11
LH:11
BRDA:47,0,0,1
BRDA:47,0,1,5
BRDA:132,1,0,9
BRDA:132,1,1,2
BRDA:148,2,0,2
BRDA:148,2,1,9
BRDA:153,3,0,3
BRDA:153,3,1,6
BRF:8
BRH:8
end_of_record
TN:
SF:src/components/settings/api-keys/ApiKeyRevealDialog.tsx
FN:23,ApiKeyRevealDialog
FN:30,(anonymous_1)
FN:37,(anonymous_2)
FN:41,(anonymous_3)
FN:67,(anonymous_4)
FN:97,(anonymous_5)
FNF:6
FNH:5
FNDA:10,ApiKeyRevealDialog
FNDA:1,(anonymous_1)
FNDA:0,(anonymous_2)
FNDA:1,(anonymous_3)
FNDA:1,(anonymous_4)
FNDA:14,(anonymous_5)
DA:27,10
DA:28,10
DA:30,10
DA:31,1
DA:32,0
DA:35,1
DA:36,1
DA:37,1
DA:40,10
DA:41,1
DA:68,1
DA:98,14
LF:12
LH:11
BRDA:31,0,0,0
BRDA:31,0,1,1
BRDA:41,1,0,1
BRDA:41,1,1,1
BRDA:65,2,0,10
BRDA:65,2,1,2
BRDA:72,3,0,1
BRDA:72,3,1,9
BRDA:78,4,0,1
BRDA:78,4,1,9
BRDA:85,5,0,1
BRDA:85,5,1,9
BRDA:93,6,0,7
BRDA:93,6,1,3
BRDA:93,7,0,10
BRDA:93,7,1,8
BRF:16
BRH:15
end_of_record
TN:
SF:src/components/settings/api-keys/ApiKeyTab.tsx
FN:21,ApiKeyTab
FN:35,(anonymous_1)
FN:40,(anonymous_2)
FN:47,(anonymous_3)
FN:52,(anonymous_4)
FN:58,(anonymous_5)
FN:67,(anonymous_6)
FN:72,(anonymous_7)
FN:78,(anonymous_8)
FN:79,(anonymous_9)
FN:83,(anonymous_10)
FN:88,(anonymous_11)
FN:89,(anonymous_12)
FN:111,(anonymous_13)
FN:120,(anonymous_14)
FN:121,(anonymous_15)
FN:129,(anonymous_16)
FN:134,(anonymous_17)
FN:137,(anonymous_18)
FN:140,(anonymous_19)
FN:154,(anonymous_20)
FN:155,(anonymous_21)
FNF:22
FNH:22
FNDA:78,ApiKeyTab
FNDA:26,(anonymous_1)
FNDA:4,(anonymous_2)
FNDA:2,(anonymous_3)
FNDA:1,(anonymous_4)
FNDA:3,(anonymous_5)
FNDA:1,(anonymous_6)
FNDA:1,(anonymous_7)
FNDA:2,(anonymous_8)
FNDA:1,(anonymous_9)
FNDA:1,(anonymous_10)
FNDA:7,(anonymous_11)
FNDA:7,(anonymous_12)
FNDA:6,(anonymous_13)
FNDA:1,(anonymous_14)
FNDA:4,(anonymous_15)
FNDA:1,(anonymous_16)
FNDA:2,(anonymous_17)
FNDA:35,(anonymous_18)
FNDA:2,(anonymous_19)
FNDA:1,(anonymous_20)
FNDA:4,(anonymous_21)
DA:22,78
DA:23,78
DA:24,78
DA:26,78
DA:28,78
DA:29,78
DA:30,78
DA:31,78
DA:33,78
DA:35,26
DA:39,78
DA:46,4
DA:48,2
DA:49,2
DA:50,2
DA:53,1
DA:57,78
DA:66,3
DA:68,1
DA:69,1
DA:70,1
DA:73,1
DA:77,78
DA:78,2
DA:80,1
DA:81,1
DA:84,1
DA:88,78
DA:89,7
DA:90,1
DA:93,6
DA:96,78
DA:111,6
DA:120,1
DA:122,4
DA:129,1
DA:134,2
DA:137,35
DA:146,2
DA:154,1
DA:156,4
DA:157,1
DA:160,3
LF:43
LH:43
BRDA:26,0,0,78
BRDA:26,0,1,1
BRDA:33,1,0,78
BRDA:89,2,0,1
BRDA:89,2,1,6
BRDA:134,3,0,2
BRDA:134,3,1,1
BRDA:137,4,0,78
BRDA:137,4,1,72
BRDA:152,5,0,78
BRDA:152,5,1,71
BRDA:153,6,0,78
BRDA:153,6,1,71
BRDA:156,7,0,1
BRDA:156,7,1,3
BRF:15
BRH:15
end_of_record
TN:
SF:src/components/settings/api-keys/PermissionBadge.tsx
FN:13,PermissionBadge
FN:15,(anonymous_1)
FNF:2
FNH:2
FNDA:2,PermissionBadge
FNDA:3,(anonymous_1)
DA:14,2
DA:15,3
DA:17,2
LF:3
LH:3
BRDA:21,0,0,2
BRDA:21,0,1,1
BRF:2
BRH:2
end_of_record
TN:
SF:src/components/settings/api-keys/config.ts
FNF:0
FNH:0
DA:14,3
DA:77,3
DA:90,3
LF:3
LH:3
BRF:0
BRH:0
end_of_record
TN:
SF:src/components/settings/categories/CategoriesTab.tsx
FN:16,CategoriesTab
FN:29,(anonymous_1)
FN:34,(anonymous_2)
FN:35,(anonymous_3)
FN:43,(anonymous_4)
FN:47,(anonymous_5)
FN:49,(anonymous_6)
FN:56,(anonymous_7)
FN:60,(anonymous_8)
FN:61,(anonymous_9)
FN:67,(anonymous_10)
FN:70,(anonymous_11)
FN:75,(anonymous_12)
FN:92,(anonymous_13)
FN:109,(anonymous_14)
FN:115,(anonymous_15)
FN:128,(anonymous_16)
FN:134,(anonymous_17)
FN:135,(anonymous_18)
FN:141,(anonymous_19)
FN:145,(anonymous_20)
FN:156,(anonymous_21)
FN:161,(anonymous_22)
FNF:23
FNH:23
FNDA:60,CategoriesTab
FNDA:1,(anonymous_1)
FNDA:1,(anonymous_2)
FNDA:3,(anonymous_3)
FNDA:1,(anonymous_4)
FNDA:1,(anonymous_5)
FNDA:3,(anonymous_6)
FNDA:1,(anonymous_7)
FNDA:1,(anonymous_8)
FNDA:2,(anonymous_9)
FNDA:1,(anonymous_10)
FNDA:3,(anonymous_11)
FNDA:2,(anonymous_12)
FNDA:7,(anonymous_13)
FNDA:1,(anonymous_14)
FNDA:3,(anonymous_15)
FNDA:57,(anonymous_16)
FNDA:2,(anonymous_17)
FNDA:1,(anonymous_18)
FNDA:5,(anonymous_19)
FNDA:4,(anonymous_20)
FNDA:2,(anonymous_21)
FNDA:2,(anonymous_22)
DA:17,60
DA:18,60
DA:19,60
DA:21,60
DA:22,60
DA:23,60
DA:24,60
DA:25,60
DA:27,60
DA:29,1
DA:33,60
DA:34,1
DA:36,3
DA:39,3
DA:40,3
DA:41,3
DA:43,1
DA:46,60
DA:48,1
DA:50,3
DA:53,3
DA:54,3
DA:56,1
DA:59,60
DA:60,1
DA:62,2
DA:65,2
DA:67,1
DA:70,60
DA:71,3
DA:72,2
DA:75,60
DA:76,2
DA:77,1
DA:80,60
DA:92,7
DA:109,1
DA:116,3
DA:129,57
DA:134,2
DA:135,1
DA:142,5
DA:143,5
DA:146,4
DA:157,2
DA:162,2
DA:163,1
DA:164,1
LF:48
LH:48
BRDA:27,0,0,60
BRDA:28,1,0,60
BRDA:28,1,1,2
BRDA:37,2,0,3
BRDA:37,2,1,1
BRDA:51,3,0,3
BRDA:51,3,1,1
BRDA:63,4,0,2
BRDA:63,4,1,1
BRDA:71,5,0,1
BRDA:71,5,1,2
BRDA:76,6,0,1
BRDA:76,6,1,1
BRDA:90,7,0,60
BRDA:90,7,1,50
BRDA:104,8,0,60
BRDA:104,8,1,9
BRDA:113,9,0,1
BRDA:113,9,1,58
BRDA:122,10,0,1
BRDA:122,10,1,57
BRDA:122,11,0,58
BRDA:122,11,1,1
BRDA:129,12,0,7
BRDA:129,12,1,50
BRDA:157,13,0,1
BRDA:157,13,1,1
BRDA:162,14,0,1
BRDA:162,14,1,1
BRF:29
BRH:29
end_of_record
TN:
SF:src/components/settings/categories/CategoryFormRow.tsx
FN:14,CategoryFormRow
FN:27,(anonymous_1)
FN:30,(anonymous_2)
FNF:3
FNH:3
FNDA:22,CategoryFormRow
FNDA:5,(anonymous_1)
FNDA:5,(anonymous_2)
DA:20,22
DA:22,22
DA:27,5
DA:30,5
LF:4
LH:4
BRDA:30,0,0,5
BRDA:30,0,1,4
BRF:2
BRH:2
end_of_record
TN:
SF:src/components/settings/categories/CategoryListItem.tsx
FN:11,CategoryListItem
FNF:1
FNH:1
FNDA:53,CategoryListItem
DA:16,53
LF:1
LH:1
BRF:0
BRH:0
end_of_record
TN:
SF:src/components/settings/currencies/CurrenciesTab.tsx
FN:19,CurrenciesTab
FN:40,(anonymous_1)
FN:47,(anonymous_2)
FN:52,(anonymous_3)
FN:54,(anonymous_4)
FN:62,(anonymous_5)
FN:66,(anonymous_6)
FN:68,(anonymous_7)
FN:75,(anonymous_8)
FN:79,(anonymous_9)
FN:80,(anonymous_10)
FN:86,(anonymous_11)
FN:89,(anonymous_12)
FN:94,(anonymous_13)
FN:99,(anonymous_14)
FN:101,(anonymous_15)
FN:117,(anonymous_16)
FN:122,(anonymous_17)
FN:141,(anonymous_18)
FN:159,(anonymous_19)
FN:162,(anonymous_20)
FN:165,(anonymous_21)
FN:169,(anonymous_22)
FN:175,(anonymous_23)
FN:188,(anonymous_24)
FN:204,(anonymous_25)
FN:207,(anonymous_26)
FN:210,(anonymous_27)
FN:213,(anonymous_28)
FN:214,(anonymous_29)
FN:222,(anonymous_30)
FN:223,(anonymous_31)
FN:231,(anonymous_32)
FN:242,(anonymous_33)
FN:247,(anonymous_34)
FNF:35
FNH:35
FNDA:85,CurrenciesTab
FNDA:1,(anonymous_1)
FNDA:1,(anonymous_2)
FNDA:1,(anonymous_3)
FNDA:2,(anonymous_4)
FNDA:1,(anonymous_5)
FNDA:1,(anonymous_6)
FNDA:2,(anonymous_7)
FNDA:1,(anonymous_8)
FNDA:1,(anonymous_9)
FNDA:2,(anonymous_10)
FNDA:1,(anonymous_11)
FNDA:2,(anonymous_12)
FNDA:4,(anonymous_13)
FNDA:9,(anonymous_14)
FNDA:11,(anonymous_15)
FNDA:3,(anonymous_16)
FNDA:1,(anonymous_17)
FNDA:6,(anonymous_18)
FNDA:1,(anonymous_19)
FNDA:1,(anonymous_20)
FNDA:1,(anonymous_21)
FNDA:1,(anonymous_22)
FNDA:3,(anonymous_23)
FNDA:84,(anonymous_24)
FNDA:2,(anonymous_25)
FNDA:1,(anonymous_26)
FNDA:1,(anonymous_27)
FNDA:4,(anonymous_28)
FNDA:1,(anonymous_29)
FNDA:9,(anonymous_30)
FNDA:10,(anonymous_31)
FNDA:4,(anonymous_32)
FNDA:2,(anonymous_33)
FNDA:2,(anonymous_34)
DA:20,85
DA:21,85
DA:22,85
DA:24,85
DA:25,85
DA:30,85
DA:31,85
DA:36,85
DA:38,85
DA:40,1
DA:45,85
DA:47,1
DA:51,85
DA:53,1
DA:55,2
DA:58,2
DA:59,2
DA:60,2
DA:62,1
DA:65,85
DA:67,1
DA:69,2
DA:72,2
DA:73,2
DA:75,1
DA:78,85
DA:79,1
DA:81,2
DA:84,2
DA:86,1
DA:89,85
DA:90,2
DA:91,1
DA:94,85
DA:95,4
DA:96,3
DA:99,85
DA:100,9
DA:101,11
DA:102,9
DA:103,2
DA:105,9
DA:107,8
DA:108,8
DA:111,9
DA:114,9
DA:115,4
DA:118,3
DA:125,1
DA:129,85
DA:141,6
DA:160,1
DA:163,1
DA:166,1
DA:169,1
DA:176,3
DA:189,84
DA:205,2
DA:208,1
DA:211,1
DA:213,4
DA:214,1
DA:222,9
DA:224,10
DA:225,10
DA:232,4
DA:243,2
DA:248,2
DA:249,1
DA:250,1
LF:70
LH:70
BRDA:38,0,0,85
BRDA:39,1,0,85
BRDA:39,1,1,7
BRDA:46,2,0,85
BRDA:46,2,1,7
BRDA:56,3,0,2
BRDA:56,3,1,1
BRDA:70,4,0,2
BRDA:70,4,1,1
BRDA:82,5,0,2
BRDA:82,5,1,1
BRDA:90,6,0,1
BRDA:90,6,1,1
BRDA:95,7,0,1
BRDA:95,7,1,3
BRDA:109,8,0,8
BRDA:109,8,1,1
BRDA:114,9,0,4
BRDA:114,9,1,5
BRDA:119,10,0,3
BRDA:119,10,1,1
BRDA:139,11,0,85
BRDA:139,11,1,75
BRDA:153,12,0,85
BRDA:153,12,1,9
BRDA:173,13,0,1
BRDA:173,13,1,83
BRDA:182,14,0,1
BRDA:182,14,1,82
BRDA:182,15,0,83
BRDA:182,15,1,1
BRDA:189,16,0,14
BRDA:189,16,1,70
BRDA:193,17,0,1
BRDA:193,17,1,13
BRDA:243,18,0,1
BRDA:243,18,1,1
BRDA:248,19,0,1
BRDA:248,19,1,1
BRF:39
BRH:39
end_of_record
TN:
SF:src/components/settings/currencies/CurrencyFormRow.tsx
FN:19,CurrencyFormRow
FN:37,(anonymous_1)
FN:43,(anonymous_2)
FN:49,(anonymous_3)
FN:52,(anonymous_4)
FNF:5
FNH:5
FNDA:31,CurrencyFormRow
FNDA:4,(anonymous_1)
FNDA:3,(anonymous_2)
FNDA:3,(anonymous_3)
FNDA:7,(anonymous_4)
DA:30,31
DA:32,31
DA:37,4
DA:43,3
DA:49,3
DA:52,7
LF:6
LH:6
BRDA:23,0,0,31
BRDA:52,1,0,7
BRDA:52,1,1,6
BRF:3
BRH:3
end_of_record
TN:
SF:src/components/settings/currencies/CurrencyListItem.tsx
FN:13,CurrencyListItem
FN:30,(anonymous_1)
FNF:2
FNH:2
FNDA:8,CurrencyListItem
FNDA:2,(anonymous_1)
DA:19,8
DA:30,2
LF:2
LH:2
BRDA:22,0,0,2
BRDA:22,0,1,6
BRDA:30,1,0,2
BRDA:30,1,1,1
BRDA:32,2,0,2
BRDA:32,2,1,6
BRDA:36,3,0,2
BRDA:36,3,1,6
BRDA:39,4,0,2
BRDA:39,4,1,6
BRDA:47,5,0,8
BRDA:47,5,1,7
BRDA:55,6,0,8
BRDA:55,6,1,6
BRDA:65,7,0,8
BRDA:65,7,1,6
BRF:16
BRH:16
end_of_record
TN:
SF:src/components/settings/delete-account/DeleteAccountTab.tsx
FN:12,DeleteAccountTab
FN:19,(anonymous_1)
FN:38,(anonymous_2)
FN:76,(anonymous_3)
FNF:4
FNH:4
FNDA:46,DeleteAccountTab
FNDA:8,(anonymous_1)
FNDA:4,(anonymous_2)
FNDA:14,(anonymous_3)
DA:13,46
DA:14,46
DA:15,46
DA:16,46
DA:17,46
DA:19,46
DA:20,8
DA:21,8
DA:22,8
DA:23,8
DA:24,7
DA:25,4
DA:28,3
DA:30,8
DA:34,46
DA:39,4
DA:40,4
DA:76,14
LF:18
LH:18
BRDA:20,0,0,0
BRDA:20,0,1,8
BRDA:23,1,0,7
BRDA:23,1,1,1
BRDA:39,2,0,2
BRDA:39,2,1,2
BRDA:42,3,0,46
BRDA:42,3,1,39
BRDA:43,4,0,46
BRDA:43,4,1,39
BRDA:44,5,0,46
BRDA:44,5,1,39
BRDA:86,6,0,46
BRDA:86,6,1,22
BRDA:89,7,0,0
BRDA:89,7,1,46
BRF:16
BRH:14
end_of_record
TN:
SF:src/components/settings/display/DisplayTab.tsx
FN:13,DisplayTab
FN:18,(anonymous_1)
FN:32,(anonymous_2)
FN:38,(anonymous_3)
FN:57,(anonymous_4)
FNF:5
FNH:5
FNDA:6,DisplayTab
FNDA:3,(anonymous_1)
FNDA:48,(anonymous_2)
FNDA:2,(anonymous_3)
FNDA:1,(anonymous_4)
DA:14,6
DA:15,6
DA:16,6
DA:18,6
DA:19,3
DA:22,6
DA:33,48
DA:38,2
DA:57,1
LF:9
LH:9
BRF:0
BRH:0
end_of_record
TN:
SF:src/components/settings/display/DisplayToggleCard.tsx
FN:13,DisplayToggleCard
FNF:1
FNH:1
FNDA:3,DisplayToggleCard
DA:19,3
DA:21,3
LF:2
LH:2
BRDA:26,0,0,3
BRDA:26,0,1,1
BRF:2
BRH:2
end_of_record
TN:
SF:src/components/settings/exchange-rates/FixerActions.tsx
FN:15,FixerActions
FNF:1
FNH:1
FNDA:61,FixerActions
DA:23,61
DA:25,61
LF:2
LH:2
BRDA:29,0,0,61
BRDA:29,0,1,57
BRDA:33,1,0,4
BRDA:33,1,1,57
BRDA:39,2,0,61
BRDA:39,2,1,60
BRDA:43,3,0,1
BRDA:43,3,1,60
BRF:8
BRH:8
end_of_record
TN:
SF:src/components/settings/exchange-rates/FixerApiKeyField.tsx
FN:17,FixerApiKeyField
FN:49,(anonymous_1)
FNF:2
FNH:2
FNDA:62,FixerApiKeyField
FNDA:4,(anonymous_1)
DA:26,62
DA:28,62
DA:49,4
LF:3
LH:3
BRDA:32,0,0,62
BRDA:32,0,1,19
BRDA:32,0,2,14
BRDA:51,1,0,14
BRDA:51,1,1,48
BRDA:51,2,0,62
BRDA:51,2,1,19
BRDA:59,3,0,5
BRDA:59,3,1,57
BRDA:61,4,0,14
BRDA:61,4,1,43
BRDA:72,5,0,61
BRDA:72,5,1,1
BRF:13
BRH:13
end_of_record
TN:
SF:src/components/settings/exchange-rates/FixerProviderSelect.tsx
FN:16,FixerProviderSelect
FNF:1
FNH:1
FNDA:54,FixerProviderSelect
DA:20,54
DA:22,54
LF:2
LH:2
BRF:0
BRH:0
end_of_record
TN:
SF:src/components/settings/exchange-rates/FixerTab.tsx
FN:17,FixerTab
FN:29,(anonymous_1)
FN:33,(anonymous_2)
FN:43,(anonymous_3)
FN:69,(anonymous_4)
FN:80,(anonymous_5)
FN:84,(anonymous_6)
FN:85,(anonymous_7)
FN:89,(anonymous_8)
FN:117,(anonymous_9)
FN:121,(anonymous_10)
FN:132,(anonymous_11)
FN:133,(anonymous_12)
FNF:13
FNH:13
FNDA:53,FixerTab
FNDA:1,(anonymous_1)
FNDA:35,(anonymous_2)
FNDA:5,(anonymous_3)
FNDA:5,(anonymous_4)
FNDA:1,(anonymous_5)
FNDA:1,(anonymous_6)
FNDA:2,(anonymous_7)
FNDA:2,(anonymous_8)
FNDA:3,(anonymous_9)
FNDA:3,(anonymous_10)
FNDA:1,(anonymous_11)
FNDA:1,(anonymous_12)
DA:18,53
DA:19,53
DA:20,53
DA:22,53
DA:23,53
DA:24,53
DA:25,53
DA:27,53
DA:29,1
DA:33,53
DA:34,35
DA:35,15
DA:36,15
DA:37,15
DA:38,15
DA:42,53
DA:44,5
DA:46,5
DA:48,5
DA:54,5
DA:55,1
DA:56,1
DA:57,4
DA:58,1
DA:59,1
DA:60,3
DA:61,2
DA:62,2
DA:65,5
DA:70,5
DA:71,5
DA:72,5
DA:73,5
DA:74,1
DA:75,4
DA:76,1
DA:78,5
DA:80,1
DA:83,53
DA:84,1
DA:86,2
DA:87,2
DA:89,2
DA:92,53
DA:94,53
DA:96,53
DA:118,3
DA:119,3
DA:122,3
DA:123,3
DA:132,1
DA:133,1
LF:52
LH:52
BRDA:28,0,0,53
BRDA:28,0,1,4
BRDA:34,1,0,15
BRDA:34,1,1,20
BRDA:36,2,0,15
BRDA:36,2,1,1
BRDA:38,3,0,15
BRDA:38,3,1,1
BRDA:46,4,0,5
BRDA:46,4,1,4
BRDA:46,4,2,3
BRDA:54,5,0,1
BRDA:54,5,1,4
BRDA:57,6,0,1
BRDA:57,6,1,3
BRDA:60,7,0,2
BRDA:60,7,1,1
BRDA:60,8,0,3
BRDA:60,8,1,1
BRDA:65,9,0,2
BRDA:65,9,1,3
BRDA:70,10,0,5
BRDA:70,10,1,1
BRDA:73,11,0,1
BRDA:73,11,1,4
BRDA:75,12,0,1
BRDA:75,12,1,3
BRDA:86,13,0,2
BRDA:86,13,1,1
BRDA:89,14,0,2
BRDA:89,14,1,1
BRDA:92,15,0,53
BRDA:92,15,1,50
BRDA:92,15,2,47
BRDA:94,16,0,53
BRDA:94,16,1,50
BRDA:94,16,2,39
BRDA:136,17,0,53
BRDA:136,17,1,14
BRDA:136,17,2,11
BRF:40
BRH:40
end_of_record
TN:
SF:src/components/settings/exchange-rates/fixer.constants.ts
FNF:0
FNH:0
DA:1,2
LF:1
LH:1
BRF:0
BRH:0
end_of_record
TN:
SF:src/components/settings/household/HouseholdMemberFormRow.tsx
FN:14,HouseholdMemberFormRow
FN:27,(anonymous_1)
FN:30,(anonymous_2)
FNF:3
FNH:3
FNDA:20,HouseholdMemberFormRow
FNDA:4,(anonymous_1)
FNDA:5,(anonymous_2)
DA:20,20
DA:22,20
DA:27,4
DA:30,5
LF:4
LH:4
BRDA:30,0,0,5
BRDA:30,0,1,4
BRF:2
BRH:2
end_of_record
TN:
SF:src/components/settings/household/HouseholdMemberListItem.tsx
FN:11,HouseholdMemberListItem
FNF:1
FNH:1
FNDA:50,HouseholdMemberListItem
DA:16,50
LF:1
LH:1
BRF:0
BRH:0
end_of_record
TN:
SF:src/components/settings/household/HouseholdTab.tsx
FN:16,HouseholdTab
FN:29,(anonymous_1)
FN:34,(anonymous_2)
FN:35,(anonymous_3)
FN:43,(anonymous_4)
FN:47,(anonymous_5)
FN:49,(anonymous_6)
FN:56,(anonymous_7)
FN:60,(anonymous_8)
FN:61,(anonymous_9)
FN:67,(anonymous_10)
FN:70,(anonymous_11)
FN:75,(anonymous_12)
FN:92,(anonymous_13)
FN:109,(anonymous_14)
FN:115,(anonymous_15)
FN:128,(anonymous_16)
FN:134,(anonymous_17)
FN:135,(anonymous_18)
FN:141,(anonymous_19)
FN:145,(anonymous_20)
FN:156,(anonymous_21)
FN:161,(anonymous_22)
FNF:23
FNH:23
FNDA:57,HouseholdTab
FNDA:1,(anonymous_1)
FNDA:1,(anonymous_2)
FNDA:3,(anonymous_3)
FNDA:1,(anonymous_4)
FNDA:1,(anonymous_5)
FNDA:3,(anonymous_6)
FNDA:1,(anonymous_7)
FNDA:1,(anonymous_8)
FNDA:2,(anonymous_9)
FNDA:1,(anonymous_10)
FNDA:2,(anonymous_11)
FNDA:2,(anonymous_12)
FNDA:6,(anonymous_13)
FNDA:1,(anonymous_14)
FNDA:3,(anonymous_15)
FNDA:54,(anonymous_16)
FNDA:2,(anonymous_17)
FNDA:1,(anonymous_18)
FNDA:5,(anonymous_19)
FNDA:4,(anonymous_20)
FNDA:2,(anonymous_21)
FNDA:2,(anonymous_22)
DA:17,57
DA:18,57
DA:19,57
DA:21,57
DA:22,57
DA:23,57
DA:24,57
DA:25,57
DA:27,57
DA:29,1
DA:33,57
DA:34,1
DA:36,3
DA:39,3
DA:40,3
DA:41,3
DA:43,1
DA:46,57
DA:48,1
DA:50,3
DA:53,3
DA:54,3
DA:56,1
DA:59,57
DA:60,1
DA:62,2
DA:65,2
DA:67,1
DA:70,57
DA:71,2
DA:72,1
DA:75,57
DA:76,2
DA:77,1
DA:80,57
DA:92,6
DA:109,1
DA:116,3
DA:129,54
DA:134,2
DA:135,1
DA:142,5
DA:143,5
DA:146,4
DA:157,2
DA:162,2
DA:163,1
DA:164,1
LF:48
LH:48
BRDA:27,0,0,57
BRDA:28,1,0,57
BRDA:28,1,1,2
BRDA:37,2,0,3
BRDA:37,2,1,1
BRDA:51,3,0,3
BRDA:51,3,1,1
BRDA:63,4,0,2
BRDA:63,4,1,1
BRDA:71,5,0,1
BRDA:71,5,1,1
BRDA:76,6,0,1
BRDA:76,6,1,1
BRDA:90,7,0,57
BRDA:90,7,1,49
BRDA:104,8,0,57
BRDA:104,8,1,7
BRDA:113,9,0,1
BRDA:113,9,1,55
BRDA:122,10,0,1
BRDA:122,10,1,54
BRDA:122,11,0,55
BRDA:122,11,1,1
BRDA:129,12,0,7
BRDA:129,12,1,47
BRDA:157,13,0,1
BRDA:157,13,1,1
BRDA:162,14,0,1
BRDA:162,14,1,1
BRF:29
BRH:29
end_of_record
TN:
SF:src/components/settings/notifications/NotificationsTab.tsx
FN:24,NotificationsTab
FN:31,(anonymous_1)
FN:38,(anonymous_2)
FN:49,(anonymous_3)
FN:50,(anonymous_4)
FN:54,(anonymous_5)
FN:62,(anonymous_6)
FN:66,(anonymous_7)
FN:71,(anonymous_8)
FN:88,(anonymous_9)
FN:96,(anonymous_10)
FN:130,(anonymous_11)
FN:134,(anonymous_12)
FN:143,(anonymous_13)
FN:155,(anonymous_14)
FNF:15
FNH:15
FNDA:52,NotificationsTab
FNDA:19,(anonymous_1)
FNDA:33,(anonymous_2)
FNDA:1,(anonymous_3)
FNDA:1,(anonymous_4)
FNDA:6,(anonymous_5)
FNDA:4,(anonymous_6)
FNDA:1,(anonymous_7)
FNDA:3,(anonymous_8)
FNDA:96,(anonymous_9)
FNDA:360,(anonymous_10)
FNDA:335,(anonymous_11)
FNDA:360,(anonymous_12)
FNDA:3,(anonymous_13)
FNDA:6,(anonymous_14)
DA:25,52
DA:26,52
DA:27,52
DA:29,52
DA:31,19
DA:35,52
DA:36,52
DA:38,52
DA:39,33
DA:40,6
DA:41,6
DA:49,52
DA:50,1
DA:53,52
DA:55,6
DA:56,6
DA:57,2
DA:59,4
DA:63,4
DA:64,4
DA:66,1
DA:69,52
DA:71,52
DA:72,3
DA:73,3
DA:74,3
DA:75,1
DA:77,1
DA:79,2
DA:83,52
DA:84,16
DA:89,96
DA:96,360
DA:98,36
DA:131,335
DA:132,335
DA:133,335
DA:135,360
DA:143,3
DA:155,6
LF:40
LH:40
BRDA:30,0,0,52
BRDA:30,0,1,3
BRDA:39,1,0,6
BRDA:39,1,1,27
BRDA:42,2,0,1
BRDA:42,2,1,5
BRDA:42,3,0,6
BRDA:42,3,1,2
BRDA:56,4,0,2
BRDA:56,4,1,4
BRDA:63,5,0,4
BRDA:63,5,1,1
BRDA:83,6,0,16
BRDA:83,6,1,36
BRDA:122,7,0,36
BRDA:122,7,1,3
BRDA:133,8,0,331
BRDA:133,8,1,4
BRDA:133,9,0,1
BRDA:133,9,1,3
BRDA:137,10,0,4
BRDA:137,10,1,356
BRDA:160,11,0,1
BRDA:160,11,1,35
BRF:24
BRH:24
end_of_record
TN:
SF:src/components/settings/notifications/ProviderCard.tsx
FN:19,ProviderCard
FN:64,(anonymous_1)
FN:79,(anonymous_2)
FN:87,(anonymous_3)
FNF:4
FNH:4
FNDA:4,ProviderCard
FNDA:1,(anonymous_1)
FNDA:5,(anonymous_2)
FNDA:16,(anonymous_3)
DA:26,4
DA:27,4
DA:28,4
DA:30,4
DA:64,1
DA:80,5
DA:87,16
LF:7
LH:7
BRDA:33,0,0,3
BRDA:33,0,1,1
BRDA:41,1,0,3
BRDA:41,1,1,1
BRDA:51,2,0,3
BRDA:51,2,1,1
BRDA:56,3,0,4
BRDA:56,3,1,3
BRDA:70,4,0,3
BRDA:70,4,1,1
BRDA:76,5,0,1
BRDA:76,5,1,3
BRDA:86,6,0,5
BRDA:86,6,1,4
BRDA:104,7,0,1
BRDA:104,7,1,3
BRF:16
BRH:16
end_of_record
TN:
SF:src/components/settings/notifications/RemindersEditor.tsx
FN:15,RemindersEditor
FN:24,(anonymous_1)
FN:30,(anonymous_2)
FN:32,(anonymous_3)
FN:33,(anonymous_4)
FN:34,(anonymous_5)
FN:35,(anonymous_6)
FN:41,(anonymous_7)
FN:83,(anonymous_8)
FN:90,(anonymous_9)
FN:96,(anonymous_10)
FN:114,(anonymous_11)
FN:120,(anonymous_12)
FN:134,(anonymous_13)
FNF:14
FNH:14
FNDA:2,RemindersEditor
FNDA:26,(anonymous_1)
FNDA:50,(anonymous_2)
FNDA:1,(anonymous_3)
FNDA:1,(anonymous_4)
FNDA:2,(anonymous_5)
FNDA:2,(anonymous_6)
FNDA:4,(anonymous_7)
FNDA:2,(anonymous_8)
FNDA:1,(anonymous_9)
FNDA:24,(anonymous_10)
FNDA:1,(anonymous_11)
FNDA:48,(anonymous_12)
FNDA:1,(anonymous_13)
DA:22,2
DA:24,2
DA:25,26
DA:26,24
DA:27,21
DA:30,50
DA:32,2
DA:33,2
DA:34,2
DA:35,2
DA:40,2
DA:42,4
DA:46,2
DA:84,2
DA:90,1
DA:97,24
DA:114,1
DA:121,48
DA:134,1
LF:19
LH:19
BRDA:25,0,0,2
BRDA:25,0,1,24
BRDA:26,1,0,3
BRDA:26,1,1,21
BRDA:42,2,0,2
BRDA:42,2,1,2
BRDA:74,3,0,1
BRDA:74,3,1,1
BRF:8
BRH:8
end_of_record
TN:
SF:src/components/settings/notifications/config.ts
FNF:0
FNH:0
DA:32,4
DA:216,4
DA:217,4
LF:3
LH:3
BRF:0
BRH:0
end_of_record
TN:
SF:src/components/settings/payment-methods/IconPicker.tsx
FN:14,IconPicker
FN:42,(anonymous_1)
FN:66,(anonymous_2)
FNF:3
FNH:3
FNDA:9,IconPicker
FNDA:1,(anonymous_1)
FNDA:2,(anonymous_2)
DA:20,9
DA:21,9
DA:23,9
DA:42,1
DA:67,2
DA:68,2
DA:70,1
DA:71,1
DA:72,1
LF:9
LH:9
BRDA:25,0,0,3
BRDA:25,0,1,6
BRDA:45,1,0,3
BRDA:45,1,1,6
BRDA:48,2,0,9
BRDA:48,2,1,1
BRDA:68,3,0,1
BRDA:68,3,1,1
BRF:8
BRH:8
end_of_record
TN:
SF:src/components/settings/payment-methods/PaymentMethodIcon.tsx
FN:57,getMethodIconSrc
FN:69,PaymentMethodIcon
FN:88,(anonymous_2)
FN:95,(anonymous_3)
FNF:4
FNH:4
FNDA:5,getMethodIconSrc
FNDA:5,PaymentMethodIcon
FNDA:1,(anonymous_2)
FNDA:3,(anonymous_3)
DA:6,2
DA:58,5
DA:59,5
DA:61,4
DA:62,4
DA:63,3
DA:66,1
DA:76,5
DA:77,5
DA:79,5
DA:80,3
DA:88,1
DA:93,2
DA:95,3
DA:100,2
LF:15
LH:15
BRDA:59,0,0,1
BRDA:59,0,1,4
BRDA:62,1,0,3
BRDA:62,1,1,1
BRDA:71,2,0,5
BRDA:79,3,0,3
BRDA:79,3,1,2
BRDA:79,4,0,5
BRDA:79,4,1,4
BRF:9
BRH:9
end_of_record
TN:
SF:src/components/settings/payment-methods/PaymentMethodsTab.tsx
FN:32,PaymentMethodsTab
FN:51,(anonymous_1)
FN:55,resetAddForm
FN:63,resetEditState
FN:73,(anonymous_4)
FN:81,(anonymous_5)
FN:88,(anonymous_6)
FN:92,(anonymous_7)
FN:114,(anonymous_8)
FN:121,(anonymous_9)
FN:125,(anonymous_10)
FN:126,(anonymous_11)
FN:132,(anonymous_12)
FN:135,(anonymous_13)
FN:140,(anonymous_14)
FN:152,(anonymous_15)
FN:167,(anonymous_16)
FN:169,(anonymous_17)
FN:178,(anonymous_18)
FN:198,(anonymous_19)
FN:216,(anonymous_20)
FN:219,(anonymous_21)
FN:241,(anonymous_22)
FN:246,(anonymous_23)
FN:257,(anonymous_24)
FN:272,(anonymous_25)
FN:278,(anonymous_26)
FN:285,(anonymous_27)
FN:301,(anonymous_28)
FN:305,(anonymous_29)
FN:314,(anonymous_30)
FN:338,(anonymous_31)
FN:345,(anonymous_32)
FN:373,(anonymous_33)
FN:381,(anonymous_34)
FN:403,(anonymous_35)
FN:408,(anonymous_36)
FNF:37
FNH:37
FNDA:137,PaymentMethodsTab
FNDA:1,(anonymous_1)
FNDA:5,resetAddForm
FNDA:5,resetEditState
FNDA:2,(anonymous_4)
FNDA:2,(anonymous_5)
FNDA:1,(anonymous_6)
FNDA:5,(anonymous_7)
FNDA:2,(anonymous_8)
FNDA:1,(anonymous_9)
FNDA:1,(anonymous_10)
FNDA:2,(anonymous_11)
FNDA:1,(anonymous_12)
FNDA:4,(anonymous_13)
FNDA:5,(anonymous_14)
FNDA:7,(anonymous_15)
FNDA:11,(anonymous_16)
FNDA:4,(anonymous_17)
FNDA:17,(anonymous_18)
FNDA:15,(anonymous_19)
FNDA:3,(anonymous_20)
FNDA:2,(anonymous_21)
FNDA:7,(anonymous_22)
FNDA:3,(anonymous_23)
FNDA:3,(anonymous_24)
FNDA:133,(anonymous_25)
FNDA:139,(anonymous_26)
FNDA:139,(anonymous_27)
FNDA:3,(anonymous_28)
FNDA:4,(anonymous_29)
FNDA:1,(anonymous_30)
FNDA:6,(anonymous_31)
FNDA:4,(anonymous_32)
FNDA:17,(anonymous_33)
FNDA:4,(anonymous_34)
FNDA:2,(anonymous_35)
FNDA:2,(anonymous_36)
DA:33,137
DA:34,137
DA:35,137
DA:37,137
DA:38,137
DA:39,137
DA:40,137
DA:42,137
DA:43,137
DA:44,137
DA:45,137
DA:46,137
DA:47,137
DA:49,137
DA:51,1
DA:56,5
DA:57,5
DA:58,5
DA:59,5
DA:60,5
DA:64,5
DA:65,5
DA:66,5
DA:67,5
DA:68,5
DA:69,5
DA:72,137
DA:74,2
DA:75,2
DA:76,2
DA:77,2
DA:78,2
DA:79,2
DA:82,2
DA:85,2
DA:86,2
DA:88,1
DA:91,137
DA:102,5
DA:103,5
DA:104,4
DA:105,4
DA:106,5
DA:108,4
DA:109,4
DA:110,4
DA:112,1
DA:115,2
DA:118,2
DA:119,2
DA:121,1
DA:124,137
DA:125,1
DA:127,2
DA:130,2
DA:132,1
DA:135,137
DA:136,4
DA:137,3
DA:140,137
DA:141,5
DA:142,4
DA:152,137
DA:153,7
DA:154,2
DA:156,5
DA:157,5
DA:158,5
DA:161,5
DA:167,7
DA:168,11
DA:169,10
DA:170,4
DA:178,137
DA:179,17
DA:180,17
DA:181,17
DA:182,17
DA:183,17
DA:186,137
DA:198,15
DA:216,3
DA:219,2
DA:242,7
DA:243,7
DA:244,7
DA:247,3
DA:248,3
DA:249,3
DA:258,3
DA:273,133
DA:279,139
DA:286,139
DA:302,3
DA:306,4
DA:314,1
DA:339,6
DA:340,1
DA:341,6
DA:342,6
DA:343,6
DA:346,4
DA:347,1
DA:348,4
DA:349,4
DA:350,4
DA:373,17
DA:382,4
DA:404,2
DA:409,2
DA:410,1
DA:411,1
LF:112
LH:112
BRDA:49,0,0,137
BRDA:50,1,0,137
BRDA:50,1,1,4
BRDA:57,2,0,1
BRDA:57,2,1,4
BRDA:66,3,0,1
BRDA:66,3,1,4
BRDA:78,4,0,1
BRDA:78,4,1,1
BRDA:83,5,0,2
BRDA:83,5,1,1
BRDA:103,6,0,4
BRDA:103,6,1,1
BRDA:103,7,0,5
BRDA:103,7,1,3
BRDA:106,8,0,4
BRDA:106,8,1,1
BRDA:108,9,0,2
BRDA:108,9,1,2
BRDA:109,10,0,2
BRDA:109,10,1,2
BRDA:116,11,0,2
BRDA:116,11,1,1
BRDA:128,12,0,2
BRDA:128,12,1,1
BRDA:136,13,0,1
BRDA:136,13,1,3
BRDA:141,14,0,1
BRDA:141,14,1,4
BRDA:153,15,0,2
BRDA:153,15,1,5
BRDA:153,16,0,7
BRDA:153,16,1,6
BRDA:162,17,0,5
BRDA:162,17,1,2
BRDA:168,18,0,10
BRDA:168,18,1,1
BRDA:171,19,0,4
BRDA:171,19,1,2
BRDA:196,20,0,137
BRDA:196,20,1,108
BRDA:210,21,0,137
BRDA:210,21,1,28
BRDA:219,22,0,2
BRDA:219,22,1,2
BRDA:242,23,0,1
BRDA:242,23,1,6
BRDA:247,24,0,2
BRDA:247,24,1,1
BRDA:255,25,0,1
BRDA:255,25,1,135
BRDA:264,26,0,1
BRDA:264,26,1,134
BRDA:264,27,0,135
BRDA:264,27,1,1
BRDA:290,28,0,1
BRDA:290,28,1,138
BRDA:295,29,0,30
BRDA:295,29,1,109
BRDA:306,30,0,4
BRDA:306,30,1,4
BRDA:329,31,0,4
BRDA:329,31,1,26
BRDA:331,32,0,26
BRDA:331,32,1,20
BRDA:335,33,0,30
BRDA:335,33,1,26
BRDA:335,33,2,20
BRDA:339,34,0,1
BRDA:339,34,1,5
BRDA:346,35,0,1
BRDA:346,35,1,3
BRDA:404,36,0,1
BRDA:404,36,1,1
BRDA:409,37,0,1
BRDA:409,37,1,1
BRF:76
BRH:76
end_of_record
TN:
SF:src/components/settings/profile/ProfileAvatarCard.tsx
FN:15,ProfileAvatarCard
FN:29,(anonymous_1)
FN:42,(anonymous_2)
FN:48,(anonymous_3)
FN:54,(anonymous_4)
FN:66,(anonymous_5)
FNF:6
FNH:6
FNDA:3,ProfileAvatarCard
FNDA:1,(anonymous_1)
FNDA:1,(anonymous_2)
FNDA:6,(anonymous_3)
FNDA:1,(anonymous_4)
FNDA:1,(anonymous_5)
DA:22,3
DA:24,3
DA:29,1
DA:42,1
DA:49,6
DA:54,1
DA:66,1
LF:7
LH:7
BRDA:32,0,0,1
BRDA:32,0,1,2
BRDA:54,1,0,1
BRDA:54,1,1,1
BRF:4
BRH:4
end_of_record
TN:
SF:src/components/settings/profile/ProfileBudgetCard.tsx
FN:13,ProfileBudgetCard
FNF:1
FNH:1
FNDA:1,ProfileBudgetCard
DA:19,1
DA:21,1
LF:2
LH:2
BRF:0
BRH:0
end_of_record
TN:
SF:src/components/settings/profile/ProfileTab.tsx
FN:30,ProfileTab
FN:41,(anonymous_1)
FN:48,(anonymous_2)
FN:86,(anonymous_3)
FN:109,(anonymous_4)
FN:221,(anonymous_5)
FN:227,(anonymous_6)
FNF:7
FNH:7
FNDA:67,ProfileTab
FNDA:13,(anonymous_1)
FNDA:14,(anonymous_2)
FNDA:5,(anonymous_3)
FNDA:1,(anonymous_4)
FNDA:64,(anonymous_5)
FNDA:128,(anonymous_6)
DA:31,67
DA:32,67
DA:33,67
DA:34,67
DA:35,67
DA:36,67
DA:37,67
DA:39,67
DA:42,13
DA:43,13
DA:48,67
DA:49,14
DA:50,13
DA:51,13
DA:52,13
DA:56,67
DA:63,67
DA:86,67
DA:87,5
DA:88,5
DA:89,5
DA:90,5
DA:91,5
DA:92,5
DA:93,5
DA:94,1
DA:95,1
DA:96,1
DA:98,5
DA:99,5
DA:100,3
DA:101,3
DA:102,3
DA:103,3
DA:105,2
DA:109,67
DA:110,1
DA:111,1
DA:112,1
DA:115,67
DA:222,64
DA:228,128
LF:42
LH:42
BRDA:37,0,0,67
BRDA:37,0,1,8
BRDA:40,1,0,67
BRDA:40,1,1,2
BRDA:49,2,0,13
BRDA:49,2,1,1
BRDA:51,3,0,10
BRDA:51,3,1,3
BRDA:52,4,0,13
BRDA:52,4,1,2
BRDA:67,5,0,67
BRDA:67,5,1,2
BRDA:67,5,2,2
BRDA:68,6,0,67
BRDA:68,6,1,2
BRDA:72,7,0,67
BRDA:72,7,1,2
BRDA:92,8,0,5
BRDA:92,8,1,0
BRDA:93,9,0,1
BRDA:93,9,1,4
BRDA:93,10,0,5
BRDA:93,10,1,1
BRDA:98,11,0,1
BRDA:98,11,1,4
BRDA:105,12,0,1
BRDA:105,12,1,1
BRDA:126,13,0,67
BRDA:126,13,1,2
BRDA:126,13,2,2
BRDA:143,14,0,67
BRDA:143,14,1,0
BRDA:155,15,0,67
BRDA:155,15,1,0
BRDA:183,16,0,67
BRDA:183,16,1,0
BRDA:194,17,0,67
BRDA:194,17,1,0
BRDA:205,18,0,67
BRDA:205,18,1,0
BRDA:245,19,0,67
BRDA:245,19,1,57
BRF:42
BRH:36
end_of_record
TN:
SF:src/components/settings/profile/profile.schema.ts
FN:12,buildProfileSchema
FN:24,(anonymous_1)
FN:28,(anonymous_2)
FN:32,(anonymous_3)
FNF:4
FNH:4
FNDA:70,buildProfileSchema
FNDA:8,(anonymous_1)
FNDA:8,(anonymous_2)
FNDA:8,(anonymous_3)
DA:15,70
DA:24,8
DA:28,8
DA:32,8
LF:4
LH:4
BRDA:24,0,0,8
BRDA:24,0,1,3
BRDA:28,1,0,8
BRDA:28,1,1,3
BRDA:32,2,0,8
BRDA:32,2,1,3
BRF:6
BRH:6
end_of_record
TN:
SF:src/components/settings/shared/useUserSettingsMutation.ts
FN:7,useUserSettingsMutation
FN:12,(anonymous_1)
FN:14,(anonymous_2)
FNF:3
FNH:3
FNDA:2,useUserSettingsMutation
FNDA:1,(anonymous_1)
FNDA:1,(anonymous_2)
DA:8,2
DA:9,2
DA:11,2
DA:13,1
DA:15,1
DA:16,1
LF:6
LH:6
BRF:0
BRH:0
end_of_record
TN:
SF:src/components/settings/theme/AccentColorSelector.tsx
FN:12,AccentColorSelector
FN:28,(anonymous_1)
FN:36,(anonymous_2)
FNF:3
FNH:3
FNDA:3,AccentColorSelector
FNDA:6,(anonymous_1)
FNDA:1,(anonymous_2)
DA:16,3
DA:18,3
DA:29,6
DA:31,6
DA:36,1
LF:5
LH:5
BRDA:43,0,0,3
BRDA:43,0,1,3
BRDA:49,1,0,6
BRDA:49,1,1,3
BRDA:59,2,0,3
BRDA:59,2,1,3
BRF:6
BRH:6
end_of_record
TN:
SF:src/components/settings/theme/ThemeModeSelector.tsx
FN:11,ThemeModeSelector
FN:22,(anonymous_1)
FN:30,(anonymous_2)
FNF:3
FNH:3
FNDA:3,ThemeModeSelector
FNDA:9,(anonymous_1)
FNDA:1,(anonymous_2)
DA:15,3
DA:17,3
DA:23,9
DA:24,9
DA:26,9
DA:30,1
LF:6
LH:6
BRDA:32,0,0,3
BRDA:32,0,1,6
BRF:2
BRH:2
end_of_record
TN:
SF:src/components/settings/theme/ThemeTab.tsx
FN:19,ThemeTab
FN:29,applyColor
FN:55,(anonymous_2)
FN:73,(anonymous_3)
FNF:4
FNH:4
FNDA:10,ThemeTab
FNDA:2,applyColor
FNDA:1,(anonymous_2)
FNDA:1,(anonymous_3)
DA:20,10
DA:21,10
DA:22,10
DA:25,10
DA:30,2
DA:31,2
DA:33,2
DA:34,2
DA:35,1
DA:36,1
DA:37,1
DA:39,2
DA:40,2
DA:43,10
DA:55,1
DA:73,1
LF:16
LH:16
BRDA:26,0,0,10
BRDA:26,0,1,9
BRDA:26,0,2,6
BRDA:34,1,0,1
BRDA:34,1,1,1
BRDA:72,2,0,10
BRDA:72,2,1,9
BRF:7
BRH:7
end_of_record
TN:
SF:src/components/settings/two-factor/BackupCodesGrid.tsx
FN:8,BackupCodesGrid
FN:28,(anonymous_1)
FN:28,(anonymous_2)
FN:40,(anonymous_3)
FN:55,(anonymous_4)
FNF:5
FNH:5
FNDA:11,BackupCodesGrid
FNDA:3,(anonymous_1)
FNDA:3,(anonymous_2)
FNDA:1,(anonymous_3)
FNDA:33,(anonymous_4)
DA:15,11
DA:16,11
DA:18,11
DA:28,3
DA:41,1
DA:42,1
DA:56,33
LF:7
LH:7
BRDA:31,0,0,9
BRDA:31,0,1,2
BRDA:59,1,0,27
BRDA:59,1,1,6
BRF:4
BRH:4
end_of_record
TN:
SF:src/components/settings/two-factor/OtpDialog.tsx
FN:28,OtpDialog
FN:44,(anonymous_1)
FN:50,(anonymous_2)
FN:55,(anonymous_3)
FN:76,(anonymous_4)
FN:94,(anonymous_5)
FN:108,(anonymous_6)
FN:109,(anonymous_7)
FNF:8
FNH:8
FNDA:41,OtpDialog
FNDA:6,(anonymous_1)
FNDA:4,(anonymous_2)
FNDA:4,(anonymous_3)
FNDA:3,(anonymous_4)
FNDA:2,(anonymous_5)
FNDA:5,(anonymous_6)
FNDA:5,(anonymous_7)
DA:38,41
DA:39,41
DA:40,41
DA:41,41
DA:42,41
DA:44,41
DA:45,6
DA:46,6
DA:47,6
DA:50,41
DA:51,4
DA:52,4
DA:55,41
DA:56,4
DA:57,4
DA:59,4
DA:60,4
DA:61,2
DA:63,2
DA:65,4
DA:69,41
DA:73,41
DA:77,3
DA:94,2
DA:109,5
DA:110,5
DA:111,5
LF:27
LH:27
BRDA:34,0,0,41
BRDA:36,1,0,41
BRDA:56,2,0,1
BRDA:56,2,1,3
BRDA:63,3,0,1
BRDA:63,3,1,1
BRDA:69,4,0,7
BRDA:69,4,1,34
BRDA:77,5,0,2
BRDA:77,5,1,1
BRDA:87,6,0,34
BRDA:87,6,1,7
BRDA:103,7,0,41
BRDA:103,7,1,14
BRDA:114,8,0,7
BRDA:114,8,1,7
BRDA:129,9,0,41
BRDA:129,9,1,37
BRDA:131,10,0,4
BRDA:131,10,1,37
BRF:20
BRH:20
end_of_record
TN:
SF:src/components/settings/two-factor/TwoFactorTab.tsx
FN:29,TwoFactorTab
FN:51,(anonymous_1)
FN:64,(anonymous_2)
FN:82,(anonymous_3)
FN:98,(anonymous_4)
FN:106,(anonymous_5)
FN:113,(anonymous_6)
FN:183,(anonymous_7)
FN:200,(anonymous_8)
FN:218,(anonymous_9)
FN:221,(anonymous_10)
FN:244,(anonymous_11)
FN:249,(anonymous_12)
FN:266,(anonymous_13)
FN:274,(anonymous_14)
FN:286,(anonymous_15)
FN:295,(anonymous_16)
FN:304,(anonymous_17)
FNF:18
FNH:18
FNDA:140,TwoFactorTab
FNDA:10,(anonymous_1)
FNDA:4,(anonymous_2)
FNDA:6,(anonymous_3)
FNDA:3,(anonymous_4)
FNDA:1,(anonymous_5)
FNDA:4,(anonymous_6)
FNDA:1,(anonymous_7)
FNDA:1,(anonymous_8)
FNDA:4,(anonymous_9)
FNDA:2,(anonymous_10)
FNDA:7,(anonymous_11)
FNDA:9,(anonymous_12)
FNDA:1,(anonymous_13)
FNDA:6,(anonymous_14)
FNDA:2,(anonymous_15)
FNDA:1,(anonymous_16)
FNDA:1,(anonymous_17)
DA:30,140
DA:31,140
DA:33,140
DA:34,140
DA:37,140
DA:38,140
DA:39,140
DA:42,140
DA:43,140
DA:44,140
DA:45,140
DA:48,140
DA:51,140
DA:52,10
DA:53,10
DA:54,10
DA:55,7
DA:56,7
DA:58,2
DA:60,9
DA:64,140
DA:67,4
DA:68,4
DA:69,4
DA:70,1
DA:71,1
DA:72,1
DA:73,1
[...]
LF:39
LH:39
BRDA:13,0,0,3
BRDA:13,0,1,1
BRDA:13,1,0,4
BRDA:13,1,1,3
BRDA:13,1,2,2
BRDA:48,2,0,78
BRDA:72,3,0,23
BRDA:72,3,1,1
BRDA:73,4,0,1
BRDA:73,4,1,2
BRDA:73,4,2,14
BRDA:73,4,3,5
BRDA:73,4,4,1
BRDA:90,5,0,4
BRDA:91,6,0,1
BRDA:91,6,1,3
BRDA:114,7,0,3
BRDA:114,7,1,6
BRDA:117,8,0,2
BRDA:117,8,1,4
BRDA:117,9,0,6
BRDA:117,9,1,4
BRDA:145,10,0,1
BRDA:145,10,1,5
BRDA:145,11,0,6
BRDA:145,11,1,5
BRDA:149,12,0,2
BRDA:149,12,1,3
BRF:28
BRH:28
end_of_record
TN:
SF:src/pages/AdminPage.tsx
FN:13,AdminPage
FN:20,(anonymous_1)
FNF:2
FNH:2
FNDA:4,AdminPage
FNDA:1,(anonymous_1)
DA:14,4
DA:15,4
DA:16,4
DA:17,4
DA:18,4
DA:19,4
DA:20,4
DA:21,1
DA:23,4
DA:24,1
DA:32,3
DA:34,4
LF:12
LH:12
BRDA:18,0,0,4
BRDA:18,0,1,1
BRDA:23,1,0,1
BRDA:23,1,1,3
BRDA:32,2,0,3
BRDA:32,2,1,1
BRF:6
BRH:6
end_of_record
TN:
SF:src/pages/CalendarPage.tsx
FN:32,CalendarPage
FN:53,(anonymous_1)
FN:59,(anonymous_2)
FN:64,(anonymous_3)
FN:70,(anonymous_4)
FN:76,(anonymous_5)
FN:82,(anonymous_6)
FN:88,(anonymous_7)
FN:93,(anonymous_8)
FN:94,(anonymous_9)
FN:127,(anonymous_10)
FN:133,(anonymous_11)
FN:138,(anonymous_12)
FN:142,(anonymous_13)
FN:145,(anonymous_14)
FN:150,(anonymous_15)
FN:154,(anonymous_16)
FN:157,(anonymous_17)
FN:231,(anonymous_18)
FN:232,(anonymous_19)
FN:252,(anonymous_20)
FN:253,(anonymous_21)
FN:258,(anonymous_22)
FN:276,(anonymous_23)
FN:277,(anonymous_24)
FN:295,(anonymous_25)
FN:299,(anonymous_26)
FNF:27
FNH:27
FNDA:30,CalendarPage
FNDA:2,(anonymous_1)
FNDA:4,(anonymous_2)
FNDA:2,(anonymous_3)
FNDA:2,(anonymous_4)
FNDA:2,(anonymous_5)
FNDA:2,(anonymous_6)
FNDA:1,(anonymous_7)
FNDA:1,(anonymous_8)
FNDA:1,(anonymous_9)
FNDA:1,(anonymous_10)
FNDA:2,(anonymous_11)
FNDA:1,(anonymous_12)
FNDA:1,(anonymous_13)
FNDA:2,(anonymous_14)
FNDA:1,(anonymous_15)
FNDA:1,(anonymous_16)
FNDA:2,(anonymous_17)
FNDA:6,(anonymous_18)
FNDA:1,(anonymous_19)
FNDA:1,(anonymous_20)
FNDA:2,(anonymous_21)
FNDA:2,(anonymous_22)
FNDA:1,(anonymous_23)
FNDA:1,(anonymous_24)
FNDA:1,(anonymous_25)
FNDA:1,(anonymous_26)
DA:33,30
DA:34,30
DA:35,30
DA:36,30
DA:38,30
DA:39,30
DA:40,30
DA:41,30
DA:42,30
DA:43,30
DA:46,30
DA:47,30
DA:49,30
DA:51,30
DA:53,2
DA:57,30
DA:59,4
DA:62,30
DA:64,2
DA:68,30
DA:70,2
DA:74,30
DA:76,2
DA:80,30
DA:82,2
DA:86,30
DA:89,1
DA:90,1
DA:91,1
DA:93,1
DA:94,1
DA:95,1
DA:96,1
DA:111,30
DA:121,30
DA:122,30
DA:125,30
DA:127,30
DA:128,1
DA:129,1
DA:130,1
DA:133,30
DA:134,2
DA:136,2
DA:137,1
DA:138,1
DA:139,1
DA:142,1
DA:145,30
DA:146,2
DA:148,2
DA:149,1
DA:150,1
DA:151,1
DA:154,1
DA:157,30
DA:158,2
DA:159,2
DA:165,2
DA:166,1
DA:169,1
DA:170,1
DA:171,1
DA:172,1
DA:173,1
DA:174,1
DA:175,1
DA:176,1
DA:177,1
DA:179,1
DA:183,30
DA:231,6
DA:232,1
DA:252,1
DA:254,2
DA:255,2
DA:256,2
DA:259,2
DA:260,2
DA:276,1
DA:278,1
DA:279,1
DA:296,1
DA:297,1
DA:300,1
DA:301,1
DA:302,1
LF:87
LH:87
BRDA:35,0,0,30
BRDA:35,0,1,10
BRDA:51,1,0,30
BRDA:57,2,0,30
BRDA:62,3,0,30
BRDA:68,4,0,30
BRDA:74,5,0,30
BRDA:80,6,0,30
BRDA:86,7,0,30
BRDA:96,8,0,1
BRDA:96,8,1,1
BRDA:100,9,0,30
BRDA:100,9,1,20
BRDA:121,10,0,30
BRDA:121,10,1,10
BRDA:122,11,0,30
BRDA:122,11,1,20
BRDA:125,12,0,30
BRDA:125,12,1,23
BRDA:136,13,0,1
BRDA:136,13,1,1
BRDA:148,14,0,1
BRDA:148,14,1,1
BRDA:165,15,0,1
BRDA:165,15,1,1
BRDA:218,16,0,18
BRDA:218,16,1,12
BRDA:236,17,0,6
BRDA:236,17,1,24
BRDA:244,18,0,5
BRDA:244,18,1,1
BRDA:266,19,0,2
BRDA:266,19,1,28
BRDA:287,20,0,2
BRDA:287,20,1,28
BRDA:287,21,0,30
BRDA:287,21,1,2
BRF:37
BRH:37
end_of_record
TN:
SF:src/pages/ChatPage.tsx
FN:11,ChatPage
FN:56,(anonymous_1)
FN:69,(anonymous_2)
FN:81,(anonymous_3)
FN:88,(anonymous_4)
FN:95,(anonymous_5)
FN:95,(anonymous_6)
FN:107,(anonymous_7)
FN:120,(anonymous_8)
FN:121,(anonymous_9)
FNF:10
FNH:10
FNDA:1,ChatPage
FNDA:2,(anonymous_1)
FNDA:1,(anonymous_2)
FNDA:1,(anonymous_3)
FNDA:1,(anonymous_4)
FNDA:1,(anonymous_5)
FNDA:2,(anonymous_6)
FNDA:1,(anonymous_7)
FNDA:1,(anonymous_8)
FNDA:1,(anonymous_9)
DA:12,1
DA:49,1
DA:52,1
DA:57,2
DA:58,1
DA:69,1
DA:81,1
DA:88,1
DA:95,2
DA:107,1
DA:120,1
DA:122,1
DA:123,1
LF:13
LH:13
BRDA:57,0,0,1
BRDA:57,0,1,1
BRDA:66,1,0,1
BRDA:66,1,1,1
BRF:4
BRH:4
end_of_record
TN:
SF:src/pages/DashboardPage.tsx
FN:22,DashboardPage
FN:33,(anonymous_1)
FN:34,(anonymous_2)
FN:43,(anonymous_3)
FN:55,(anonymous_4)
FN:56,(anonymous_5)
FN:62,(anonymous_6)
FN:66,(anonymous_7)
FN:67,(anonymous_8)
FN:74,(anonymous_9)
FN:142,(anonymous_10)
FN:143,(anonymous_11)
FNF:12
FNH:12
FNDA:8,DashboardPage
FNDA:5,(anonymous_1)
FNDA:5,(anonymous_2)
FNDA:8,(anonymous_3)
FNDA:2,(anonymous_4)
FNDA:1,(anonymous_5)
FNDA:1,(anonymous_6)
FNDA:1,(anonymous_7)
FNDA:1,(anonymous_8)
FNDA:28,(anonymous_9)
FNDA:2,(anonymous_10)
FNDA:1,(anonymous_11)
DA:23,8
DA:24,8
DA:25,8
DA:26,8
DA:28,8
DA:29,8
DA:30,8
DA:32,8
DA:33,5
DA:35,5
DA:41,8
DA:43,8
DA:44,8
DA:50,5
DA:54,8
DA:55,2
DA:57,1
DA:58,1
DA:62,1
DA:65,8
DA:66,1
DA:68,1
DA:73,8
DA:74,28
DA:77,8
DA:84,8
DA:86,8
DA:142,2
DA:143,1
LF:29
LH:29
BRDA:26,0,0,8
BRDA:26,0,1,1
BRDA:44,1,0,5
BRDA:44,1,1,3
BRDA:45,2,0,8
BRDA:45,2,1,8
BRDA:45,2,2,8
BRDA:45,2,3,8
BRDA:75,3,0,28
BRDA:75,3,1,4
BRDA:84,4,0,8
BRDA:84,4,1,2
BRDA:84,4,2,1
BRDA:90,5,0,8
BRDA:90,5,1,1
BRDA:96,6,0,7
BRDA:96,6,1,1
BRDA:103,7,0,7
BRDA:103,7,1,1
BRDA:110,8,0,7
BRDA:110,8,1,1
BRDA:117,9,0,7
BRDA:117,9,1,1
BRF:23
BRH:23
end_of_record
TN:
SF:src/pages/SettingsPage.tsx
FN:12,SettingsPage
FN:18,(anonymous_1)
FNF:2
FNH:2
FNDA:3,SettingsPage
FNDA:1,(anonymous_1)
DA:13,3
DA:14,3
DA:15,3
DA:16,3
DA:17,3
DA:18,3
DA:19,1
DA:21,3
DA:23,3
LF:9
LH:9
BRDA:16,0,0,3
BRDA:16,0,1,1
BRDA:21,1,0,3
BRDA:21,1,1,1
BRF:4
BRH:4
end_of_record
TN:
SF:src/pages/StatisticsPage.tsx
FN:18,StatisticsPage
FN:26,(anonymous_1)
FN:32,(anonymous_2)
FN:38,(anonymous_3)
FNF:4
FNH:4
FNDA:5,StatisticsPage
FNDA:1,(anonymous_1)
FNDA:1,(anonymous_2)
FNDA:1,(anonymous_3)
DA:19,5
DA:20,5
DA:21,5
DA:22,5
DA:24,5
DA:26,1
DA:30,5
DA:32,1
DA:36,5
DA:38,1
DA:42,5
DA:50,5
DA:55,5
DA:63,5
LF:14
LH:14
BRDA:21,0,0,5
BRDA:21,0,1,1
BRDA:24,1,0,5
BRDA:30,2,0,5
BRDA:36,3,0,5
BRDA:56,4,0,3
BRDA:56,4,1,2
BRDA:58,5,0,1
BRDA:58,5,1,1
BRF:9
BRH:9
end_of_record
TN:
SF:src/pages/SubscriptionsPage.tsx
FN:27,SubscriptionsPage
FN:50,(anonymous_1)
FN:56,(anonymous_2)
FN:62,(anonymous_3)
FN:68,(anonymous_4)
FN:74,(anonymous_5)
FN:78,(anonymous_6)
FN:81,(anonymous_7)
FN:82,(anonymous_8)
FN:89,(anonymous_9)
FN:93,(anonymous_10)
FN:94,(anonymous_11)
FN:100,(anonymous_12)
FN:104,(anonymous_13)
FN:105,(anonymous_14)
FN:111,(anonymous_15)
FN:123,(anonymous_16)
FN:150,(anonymous_17)
FN:197,(anonymous_18)
FN:198,(anonymous_19)
FN:201,(anonymous_20)
FN:206,(anonymous_21)
FN:225,(anonymous_22)
FN:225,(anonymous_23)
FN:245,(anonymous_24)
FN:246,(anonymous_25)
FN:258,(anonymous_26)
FN:259,(anonymous_27)
FN:270,(anonymous_28)
FN:273,(anonymous_29)
FNF:30
FNH:30
FNDA:40,SubscriptionsPage
FNDA:9,(anonymous_1)
FNDA:8,(anonymous_2)
FNDA:8,(anonymous_3)
FNDA:8,(anonymous_4)
FNDA:8,(anonymous_5)
FNDA:28,(anonymous_6)
FNDA:2,(anonymous_7)
FNDA:1,(anonymous_8)
FNDA:1,(anonymous_9)
FNDA:2,(anonymous_10)
FNDA:1,(anonymous_11)
FNDA:1,(anonymous_12)
FNDA:2,(anonymous_13)
FNDA:1,(anonymous_14)
FNDA:1,(anonymous_15)
FNDA:3,(anonymous_16)
FNDA:5,(anonymous_17)
FNDA:2,(anonymous_18)
FNDA:2,(anonymous_19)
FNDA:2,(anonymous_20)
FNDA:1,(anonymous_21)
FNDA:1,(anonymous_22)
FNDA:1,(anonymous_23)
FNDA:2,(anonymous_24)
FNDA:2,(anonymous_25)
FNDA:1,(anonymous_26)
FNDA:1,(anonymous_27)
FNDA:1,(anonymous_28)
FNDA:2,(anonymous_29)
DA:28,40
DA:29,40
DA:30,40
DA:31,40
DA:33,40
DA:34,40
DA:35,40
DA:36,40
DA:39,40
DA:40,40
DA:43,40
DA:44,40
DA:45,40
DA:46,40
DA:48,40
DA:50,9
DA:54,40
DA:56,8
DA:60,40
DA:62,8
DA:66,40
DA:68,8
DA:72,40
DA:74,8
DA:78,40
DA:80,40
DA:81,2
DA:83,1
DA:84,1
DA:87,1
DA:89,1
DA:92,40
DA:93,2
DA:95,1
DA:96,1
DA:100,1
DA:103,40
DA:104,2
DA:106,1
DA:107,1
DA:111,1
DA:114,40
DA:123,40
DA:124,3
DA:125,3
DA:127,2
DA:128,1
DA:131,1
DA:132,1
DA:133,1
DA:134,1
DA:135,1
DA:136,1
DA:137,1
DA:140,1
DA:141,1
DA:142,1
DA:143,1
DA:144,1
DA:146,1
DA:150,40
DA:151,5
DA:153,5
DA:154,1
DA:157,4
DA:158,4
DA:160,4
DA:161,4
DA:162,4
DA:164,4
DA:170,5
DA:171,1
DA:172,1
DA:175,2
DA:176,2
DA:180,2
DA:181,1
DA:188,1
DA:191,1
DA:193,4
DA:197,40
DA:198,2
DA:201,40
DA:202,2
DA:203,2
DA:206,40
DA:207,1
DA:208,1
DA:211,40
DA:225,1
DA:245,2
DA:246,2
DA:258,1
DA:260,1
DA:261,1
DA:270,1
DA:273,2
LF:97
LH:97
BRDA:31,0,0,40
BRDA:31,0,1,1
BRDA:48,1,0,40
BRDA:54,2,0,40
BRDA:60,3,0,40
BRDA:66,4,0,40
BRDA:72,5,0,40
BRDA:127,6,0,1
BRDA:127,6,1,1
BRDA:153,7,0,1
BRDA:153,7,1,4
BRDA:164,8,0,1
BRDA:164,8,1,2
BRDA:166,9,0,1
BRDA:166,9,1,1
BRDA:170,10,0,1
BRDA:170,10,1,4
BRDA:180,11,0,1
BRDA:180,11,1,1
BRDA:198,12,0,1
BRDA:198,12,1,1
BRDA:229,13,0,5
BRDA:229,13,1,34
BRDA:250,14,0,6
BRDA:250,14,1,33
BRDA:270,15,0,1
BRDA:270,15,1,1
BRDA:273,16,0,2
BRDA:273,16,1,2
BRF:29
BRH:29
end_of_record
TN:
SF:src/pages/auth/LoginPage.tsx
FN:28,LoginPage
FN:44,(anonymous_1)
FN:60,(anonymous_2)
FN:62,(anonymous_3)
FN:63,(anonymous_4)
FN:68,(anonymous_5)
FNF:6
FNH:6
FNDA:34,LoginPage
FNDA:4,(anonymous_1)
FNDA:9,(anonymous_2)
FNDA:8,(anonymous_3)
FNDA:8,(anonymous_4)
FNDA:1,(anonymous_5)
DA:29,34
DA:30,34
DA:31,34
DA:33,34
DA:41,34
DA:44,34
DA:45,4
DA:46,4
DA:47,1
DA:49,3
DA:50,1
DA:51,1
DA:52,1
DA:55,2
DA:56,3
DA:60,34
DA:61,9
DA:62,8
DA:64,8
DA:65,1
DA:71,34
LF:21
LH:21
BRDA:49,0,0,1
BRDA:49,0,1,2
BRDA:55,1,0,1
BRDA:55,1,1,1
BRDA:62,2,0,7
BRDA:62,2,1,1
BRDA:64,3,0,1
BRDA:64,3,1,7
BRDA:64,4,0,8
BRDA:64,4,1,7
BRDA:90,5,0,34
BRDA:90,5,1,1
BRDA:102,6,0,34
BRDA:102,6,1,1
BRDA:115,7,0,10
BRDA:115,7,1,24
BRF:16
BRH:16
end_of_record
TN:
SF:src/pages/auth/PasswordResetPage.tsx
FN:25,PasswordResetPage
FN:39,(anonymous_1)
FNF:2
FNH:2
FNDA:20,PasswordResetPage
FNDA:3,(anonymous_1)
DA:26,20
DA:27,20
DA:29,20
DA:36,20
DA:39,20
DA:40,3
DA:41,3
DA:42,1
DA:43,1
DA:45,2
DA:46,2
DA:50,20
LF:12
LH:12
BRDA:45,0,0,1
BRDA:45,0,1,1
BRDA:56,1,0,2
BRDA:56,1,1,18
BRDA:60,2,0,18
BRDA:60,2,1,2
BRDA:70,3,0,18
BRDA:70,3,1,1
BRDA:75,4,0,7
BRDA:75,4,1,11
BRF:10
BRH:10
end_of_record
TN:
SF:src/pages/auth/RegisterPage.tsx
FN:52,RegisterPage
FN:69,(anonymous_1)
FN:87,(anonymous_2)
FN:104,(anonymous_3)
FN:105,(anonymous_4)
FN:177,(anonymous_5)
FN:183,(anonymous_6)
FN:198,(anonymous_7)
FN:204,(anonymous_8)
FNF:9
FNH:9
FNDA:34,RegisterPage
FNDA:7,(anonymous_1)
FNDA:6,(anonymous_2)
FNDA:4,(anonymous_3)
FNDA:3,(anonymous_4)
FNDA:35,(anonymous_5)
FNDA:280,(anonymous_6)
FNDA:34,(anonymous_7)
FNDA:68,(anonymous_8)
DA:32,1
DA:53,34
DA:54,34
DA:55,34
DA:57,34
DA:69,7
DA:78,34
DA:87,34
DA:88,6
DA:89,6
DA:97,4
DA:98,4
DA:101,4
DA:102,3
DA:103,3
DA:104,4
DA:105,3
DA:106,3
DA:107,2
DA:108,2
DA:109,2
DA:116,4
DA:117,4
DA:118,4
DA:120,2
DA:121,2
DA:125,34
DA:178,35
DA:184,280
DA:199,34
DA:205,68
LF:31
LH:31
BRDA:83,0,0,34
BRDA:83,0,1,34
BRDA:101,1,0,3
BRDA:101,1,1,1
BRDA:106,2,0,2
BRDA:106,2,1,1
BRDA:107,3,0,1
BRDA:107,3,1,1
BRDA:120,4,0,1
BRDA:120,4,1,1
BRDA:139,5,0,34
BRDA:139,5,1,1
BRDA:146,6,0,34
BRDA:146,6,1,1
BRDA:157,7,0,34
BRDA:157,7,1,1
BRDA:168,8,0,34
BRDA:168,8,1,1
BRDA:215,9,0,13
BRDA:215,9,1,21
BRF:20
BRH:20
end_of_record
TN:
SF:src/pages/auth/TotpPage.tsx
FN:28,clearStoredTotpChallenge
FN:32,readStoredTotpChallenge
FN:63,verifyLogin
FN:85,OtpScreen
FN:101,(anonymous_4)
FN:148,(anonymous_5)
FN:162,BackupScreen
FN:177,(anonymous_7)
FN:207,(anonymous_8)
FN:239,TotpPage
FN:245,(anonymous_10)
FN:258,(anonymous_11)
FN:281,(anonymous_12)
FN:287,(anonymous_13)
FNF:14
FNH:14
FNDA:8,clearStoredTotpChallenge
FNDA:14,readStoredTotpChallenge
FNDA:6,verifyLogin
FNDA:22,OtpScreen
FNDA:4,(anonymous_4)
FNDA:1,(anonymous_5)
FNDA:15,BackupScreen
FNDA:4,(anonymous_7)
FNDA:4,(anonymous_8)
FNDA:30,TotpPage
FNDA:14,(anonymous_10)
FNDA:2,(anonymous_11)
FNDA:5,(anonymous_12)
FNDA:1,(anonymous_13)
DA:24,1
DA:29,8
DA:33,14
DA:34,14
DA:36,13
DA:37,13
DA:38,13
DA:43,1
DA:44,1
DA:47,11
DA:48,1
DA:49,1
DA:52,10
DA:58,1
DA:59,1
DA:69,6
DA:70,2
DA:72,2
DA:73,1
DA:79,2
DA:80,2
DA:94,22
DA:95,22
DA:96,22
DA:97,22
DA:98,22
DA:99,22
DA:101,22
DA:102,4
DA:103,4
DA:104,3
DA:105,3
DA:106,3
DA:107,1
DA:109,2
DA:110,2
DA:111,1
DA:112,1
DA:113,1
DA:114,1
DA:116,1
DA:117,1
DA:119,3
DA:123,22
DA:149,1
DA:150,1
DA:171,15
DA:172,15
DA:173,15
DA:174,15
DA:175,15
DA:177,15
DA:178,4
DA:179,4
DA:180,4
DA:181,3
DA:182,3
DA:183,3
DA:184,1
DA:186,2
DA:187,2
DA:188,1
DA:189,1
DA:190,1
DA:191,1
DA:193,1
DA:194,1
DA:196,3
DA:200,15
DA:207,4
DA:240,30
DA:241,30
DA:242,30
DA:243,30
DA:245,30
DA:246,14
DA:247,14
DA:248,4
DA:249,4
DA:251,10
DA:254,30
DA:255,14
DA:258,16
DA:259,2
DA:262,16
DA:281,5
DA:287,1
LF:87
LH:87
BRDA:34,0,0,1
BRDA:34,0,1,13
BRDA:38,1,0,1
BRDA:38,1,1,12
BRDA:39,2,0,13
BRDA:39,2,1,12
BRDA:39,2,2,11
BRDA:47,3,0,1
BRDA:47,3,1,10
BRDA:72,4,0,1
BRDA:72,4,1,1
BRDA:103,5,0,1
BRDA:103,5,1,3
BRDA:109,6,0,1
BRDA:109,6,1,1
BRDA:110,7,0,1
BRDA:110,7,1,1
BRDA:137,8,0,22
BRDA:137,8,1,19
BRDA:138,9,0,3
BRDA:138,9,1,19
BRDA:180,10,0,1
BRDA:180,10,1,3
BRDA:186,11,0,1
BRDA:186,11,1,1
BRDA:187,12,0,1
BRDA:187,12,1,1
BRDA:223,13,0,15
BRDA:223,13,1,12
BRDA:225,14,0,3
BRDA:225,14,1,12
BRDA:247,15,0,4
BRDA:247,15,1,10
BRDA:254,16,0,14
BRDA:254,16,1,16
BRDA:271,17,0,11
BRDA:271,17,1,5
BRDA:277,18,0,11
BRDA:277,18,1,5
BRF:39
BRH:39
end_of_record
TN:
SF:src/services/admin.ts
FN:9,(anonymous_0)
FN:11,(anonymous_1)
FN:20,(anonymous_2)
FN:25,(anonymous_3)
FN:27,(anonymous_4)
FN:31,(anonymous_5)
FN:36,(anonymous_6)
FN:38,(anonymous_7)
FN:43,(anonymous_8)
FN:45,(anonymous_9)
FN:48,(anonymous_10)
FN:53,(anonymous_11)
FN:58,(anonymous_12)
FN:63,(anonymous_13)
FN:67,(anonymous_14)
FNF:15
FNH:15
FNDA:1,(anonymous_0)
FNDA:1,(anonymous_1)
FNDA:1,(anonymous_2)
FNDA:1,(anonymous_3)
FNDA:1,(anonymous_4)
FNDA:1,(anonymous_5)
FNDA:1,(anonymous_6)
FNDA:1,(anonymous_7)
FNDA:1,(anonymous_8)
FNDA:1,(anonymous_9)
FNDA:1,(anonymous_10)
FNDA:1,(anonymous_11)
FNDA:1,(anonymous_12)
FNDA:1,(anonymous_13)
FNDA:1,(anonymous_14)
DA:6,2
DA:9,1
DA:18,1
DA:23,1
DA:25,1
DA:28,1
DA:32,1
DA:36,1
DA:39,1
DA:43,1
DA:46,1
DA:48,1
DA:54,1
DA:59,1
DA:63,1
DA:67,1
LF:16
LH:16
BRF:0
BRH:0
end_of_record
TN:
SF:src/services/ai.ts
FN:6,(anonymous_0)
FN:17,(anonymous_1)
FN:20,(anonymous_2)
FN:23,(anonymous_3)
FN:28,(anonymous_4)
FN:31,(anonymous_5)
FN:33,(anonymous_6)
FN:39,(anonymous_7)
FN:46,(anonymous_8)
FN:51,(anonymous_9)
FN:54,(anonymous_10)
FN:59,(anonymous_11)
FN:62,(anonymous_12)
FNF:13
FNH:13
FNDA:3,(anonymous_0)
FNDA:1,(anonymous_1)
FNDA:1,(anonymous_2)
FNDA:1,(anonymous_3)
FNDA:1,(anonymous_4)
FNDA:1,(anonymous_5)
FNDA:2,(anonymous_6)
FNDA:2,(anonymous_7)
FNDA:4,(anonymous_8)
FNDA:1,(anonymous_9)
FNDA:1,(anonymous_10)
FNDA:1,(anonymous_11)
FNDA:1,(anonymous_12)
DA:5,2
DA:7,3
DA:8,3
DA:11,2
DA:13,1
DA:18,1
DA:21,1
DA:24,1
DA:29,1
DA:31,1
DA:34,2
DA:45,2
DA:46,4
DA:52,1
DA:55,1
DA:60,1
DA:63,1
LF:17
LH:17
BRDA:11,0,0,2
BRDA:11,0,1,1
BRDA:35,1,0,1
BRDA:35,1,1,1
BRDA:36,2,0,1
BRDA:36,2,1,1
BRDA:47,3,0,2
BRDA:47,3,1,1
BRDA:48,4,0,2
BRDA:48,4,1,1
BRF:10
BRH:10
end_of_record
TN:
SF:src/services/apiKeys.ts
FN:5,(anonymous_0)
FN:10,(anonymous_1)
FN:14,(anonymous_2)
FN:18,(anonymous_3)
FNF:4
FNH:4
FNDA:2,(anonymous_0)
FNDA:1,(anonymous_1)
FNDA:1,(anonymous_2)
FNDA:1,(anonymous_3)
DA:4,2
DA:6,2
DA:7,2
DA:11,1
DA:15,1
DA:19,1
LF:6
LH:6
BRDA:7,0,0,2
BRDA:7,0,1,1
BRF:2
BRH:2
end_of_record
TN:
SF:src/services/auth.ts
FN:25,(anonymous_0)
FN:32,isTotpRequiredError
FN:37,(anonymous_2)
FN:39,(anonymous_3)
FN:41,(anonymous_4)
FN:43,(anonymous_5)
FN:45,(anonymous_6)
FN:47,(anonymous_7)
FN:51,(anonymous_8)
FN:54,(anonymous_9)
FN:63,(anonymous_10)
FN:66,(anonymous_11)
FN:68,(anonymous_12)
FN:77,(anonymous_13)
FNF:14
FNH:14
FNDA:1,(anonymous_0)
FNDA:2,isTotpRequiredError
FNDA:1,(anonymous_2)
FNDA:1,(anonymous_3)
FNDA:1,(anonymous_4)
FNDA:1,(anonymous_5)
FNDA:1,(anonymous_6)
FNDA:1,(anonymous_7)
FNDA:1,(anonymous_8)
FNDA:1,(anonymous_9)
FNDA:1,(anonymous_10)
FNDA:1,(anonymous_11)
FNDA:1,(anonymous_12)
FNDA:1,(anonymous_13)
DA:26,1
DA:27,1
DA:28,1
DA:33,2
DA:36,3
DA:37,1
DA:39,1
DA:41,1
DA:43,1
DA:45,1
DA:48,1
DA:52,1
DA:55,1
DA:56,1
DA:64,1
DA:66,1
DA:75,1
DA:78,1
LF:18
LH:18
BRF:0
BRH:0
end_of_record
TN:
SF:src/services/categories.ts
FN:5,(anonymous_0)
FN:11,(anonymous_1)
FN:14,(anonymous_2)
FN:17,(anonymous_3)
FNF:4
FNH:4
FNDA:1,(anonymous_0)
FNDA:1,(anonymous_1)
FNDA:1,(anonymous_2)
FNDA:1,(anonymous_3)
DA:4,2
DA:6,1
DA:12,1
DA:15,1
DA:17,1
LF:5
LH:5
BRF:0
BRH:0
end_of_record
TN:
SF:src/services/currencies.ts
FN:5,(anonymous_0)
FN:11,(anonymous_1)
FN:16,(anonymous_2)
FN:19,(anonymous_3)
FN:22,(anonymous_4)
FNF:5
FNH:5
FNDA:1,(anonymous_0)
FNDA:1,(anonymous_1)
FNDA:2,(anonymous_2)
FNDA:1,(anonymous_3)
FNDA:1,(anonymous_4)
DA:4,2
DA:6,1
DA:12,1
DA:17,2
DA:20,1
DA:22,1
LF:6
LH:6
BRDA:17,0,0,2
BRDA:17,0,1,1
BRF:2
BRH:2
end_of_record
TN:
SF:src/services/cycles.ts
FN:6,(anonymous_0)
FNF:1
FNH:1
FNDA:2,(anonymous_0)
DA:4,2
DA:6,2
LF:2
LH:2
BRF:0
BRH:0
end_of_record
TN:
SF:src/services/fixer.ts
FN:6,(anonymous_0)
FN:17,(anonymous_1)
FN:20,(anonymous_2)
FN:23,(anonymous_3)
FN:27,(anonymous_4)
FNF:5
FNH:5
FNDA:3,(anonymous_0)
FNDA:1,(anonymous_1)
FNDA:1,(anonymous_2)
FNDA:1,(anonymous_3)
FNDA:5,(anonymous_4)
DA:5,2
DA:7,3
DA:8,3
DA:11,2
DA:13,1
DA:18,1
DA:21,1
DA:24,1
DA:28,5
DA:29,5
DA:32,4
DA:34,1
LF:12
LH:12
BRDA:11,0,0,2
BRDA:11,0,1,1
BRDA:32,1,0,4
BRDA:32,1,1,3
BRDA:32,1,2,2
BRF:5
BRH:5
end_of_record
TN:
SF:src/services/household.ts
FN:5,(anonymous_0)
FN:11,(anonymous_1)
FN:14,(anonymous_2)
FN:17,(anonymous_3)
FNF:4
FNH:4
FNDA:1,(anonymous_0)
FNDA:1,(anonymous_1)
FNDA:1,(anonymous_2)
FNDA:1,(anonymous_3)
DA:4,2
DA:6,1
DA:12,1
DA:15,1
DA:17,1
LF:5
LH:5
BRF:0
BRH:0
end_of_record
TN:
SF:src/services/notifications.ts
FN:6,(anonymous_0)
FN:17,(anonymous_1)
FN:20,(anonymous_2)
FN:23,(anonymous_3)
FNF:4
FNH:4
FNDA:3,(anonymous_0)
FNDA:1,(anonymous_1)
FNDA:1,(anonymous_2)
FNDA:1,(anonymous_3)
DA:5,2
DA:7,3
DA:8,3
DA:11,2
DA:13,1
DA:18,1
DA:21,1
DA:24,1
LF:8
LH:8
BRDA:11,0,0,2
BRDA:11,0,1,1
BRF:2
BRH:2
end_of_record
TN:
SF:src/services/paymentMethods.ts
FN:5,(anonymous_0)
FN:12,(anonymous_1)
FN:18,(anonymous_2)
FN:21,(anonymous_3)
FN:24,(anonymous_4)
FN:26,(anonymous_5)
FNF:6
FNH:6
FNDA:1,(anonymous_0)
FNDA:1,(anonymous_1)
FNDA:1,(anonymous_2)
FNDA:1,(anonymous_3)
FNDA:1,(anonymous_4)
FNDA:2,(anonymous_5)
DA:4,2
DA:6,1
DA:13,1
DA:19,1
DA:22,1
DA:24,1
DA:27,2
LF:7
LH:7
BRDA:27,0,0,1
BRDA:27,0,1,1
BRF:2
BRH:2
end_of_record
TN:
SF:src/services/paymentRecords.ts
FN:5,(anonymous_0)
FN:10,(anonymous_1)
FN:15,(anonymous_2)
FN:18,(anonymous_3)
FN:21,(anonymous_4)
FNF:5
FNH:5
FNDA:1,(anonymous_0)
FNDA:1,(anonymous_1)
FNDA:1,(anonymous_2)
FNDA:1,(anonymous_3)
FNDA:2,(anonymous_4)
DA:4,1
DA:6,1
DA:11,1
DA:16,1
DA:19,1
DA:22,2
LF:6
LH:6
BRDA:22,0,0,1
BRDA:22,0,1,1
BRF:2
BRH:2
end_of_record
TN:
SF:src/services/subscriptions.ts
FN:9,(anonymous_0)
FN:16,(anonymous_1)
FN:23,(anonymous_2)
FN:29,(anonymous_3)
FN:32,(anonymous_4)
FN:35,(anonymous_5)
FN:37,(anonymous_6)
FN:40,(anonymous_7)
FN:43,(anonymous_8)
FN:46,(anonymous_9)
FN:52,(anonymous_10)
FNF:11
FNH:11
FNDA:1,(anonymous_0)
FNDA:1,(anonymous_1)
FNDA:1,(anonymous_2)
FNDA:1,(anonymous_3)
FNDA:1,(anonymous_4)
FNDA:1,(anonymous_5)
FNDA:1,(anonymous_6)
FNDA:1,(anonymous_7)
FNDA:1,(anonymous_8)
FNDA:1,(anonymous_9)
FNDA:2,(anonymous_10)
DA:5,102
DA:7,102
DA:10,1
DA:17,1
DA:24,1
DA:30,1
DA:33,1
DA:35,1
DA:38,1
DA:41,1
DA:44,1
DA:47,1
DA:53,2
DA:54,1
LF:14
LH:14
BRDA:53,0,0,1
BRDA:53,0,1,1
BRF:2
BRH:2
end_of_record
TN:
SF:src/services/totp.ts
FN:16,(anonymous_0)
FN:18,(anonymous_1)
FN:21,(anonymous_2)
FN:24,(anonymous_3)
FN:26,(anonymous_4)
FN:28,(anonymous_5)
FNF:6
FNH:6
FNDA:1,(anonymous_0)
FNDA:1,(anonymous_1)
FNDA:1,(anonymous_2)
FNDA:1,(anonymous_3)
FNDA:1,(anonymous_4)
FNDA:1,(anonymous_5)
DA:15,2
DA:16,1
DA:19,1
DA:22,1
DA:24,1
DA:26,1
DA:28,1
LF:7
LH:7
BRF:0
BRH:0
end_of_record
TN:
SF:src/services/users.ts
FN:5,(anonymous_0)
FN:8,(anonymous_1)
FN:10,(anonymous_2)
FNF:3
FNH:3
FNDA:1,(anonymous_0)
FNDA:1,(anonymous_1)
FNDA:2,(anonymous_2)
DA:4,2
DA:6,1
DA:8,1
DA:11,2
LF:4
LH:4
BRDA:11,0,0,1
BRDA:11,0,1,1
BRF:2
BRH:2
end_of_record
TN:
SF:src/services/yearlyCosts.ts
FN:6,(anonymous_0)
FN:12,(anonymous_1)
FNF:2
FNH:2
FNDA:1,(anonymous_0)
FNDA:1,(anonymous_1)
DA:5,1
DA:7,1
DA:12,1
LF:3
LH:3
BRF:0
BRH:0
end_of_record
