TN:
SF:pb_hooks/lib/date-helpers.js
FN:8,advanceDate
FN:37,getPricePerMonth
FNF:2
FNH:2
FNDA:5,advanceDate
FNDA:6,getPricePerMonth
DA:9,5
DA:11,5
DA:13,2
DA:14,2
DA:16,1
DA:17,1
DA:19,1
DA:20,1
DA:22,1
DA:23,1
DA:26,5
DA:38,6
DA:40,6
DA:42,1
DA:44,1
DA:46,2
DA:48,1
DA:50,1
DA:54,1
LF:19
LH:19
BRDA:11,0,0,2
BRDA:11,0,1,1
BRDA:11,0,2,1
BRDA:11,0,3,1
BRDA:38,1,0,6
BRDA:38,1,1,2
BRDA:40,2,0,1
BRDA:40,2,1,1
BRDA:40,2,2,2
BRDA:40,2,3,1
BRDA:40,2,4,1
BRF:11
BRH:11
end_of_record
TN:
SF:pb_hooks/lib/totp.js
FN:4,generateBackupCodes
FN:5,(anonymous_1)
FNF:2
FNH:2
FNDA:2,generateBackupCodes
FNDA:16,(anonymous_1)
DA:1,1
DA:2,1
DA:5,2
DA:6,16
DA:9,2
DA:10,2
DA:11,2
DA:12,16
DA:14,2
DA:17,1
LF:10
LH:10
BRDA:1,0,0,0
BRDA:1,0,1,1
BRDA:5,1,0,2
BRDA:5,1,1,16
BRF:4
BRH:3
end_of_record
TN:
SF:pb_hooks/lib/pure/ai-parsers.js
FN:1,cleanModelName
FN:5,parseModels
FN:27,getRawResponseText
FN:33,stripJsonFence
FN:37,detectGeminiUrl
FN:41,buildRecommendationRequest
FN:76,extractRecommendationText
FNF:7
FNH:7
FNDA:9,cleanModelName
FNDA:3,parseModels
FNDA:4,getRawResponseText
FNDA:1,stripJsonFence
FNDA:10,detectGeminiUrl
FNDA:4,buildRecommendationRequest
FNDA:4,extractRecommendationText
DA:2,9
DA:6,3
DA:8,3
DA:9,1
DA:10,2
DA:12,2
DA:13,1
DA:14,2
DA:16,1
DA:17,1
DA:18,3
DA:19,2
DA:20,1
DA:24,3
DA:28,4
DA:29,3
DA:30,2
DA:34,1
DA:38,10
DA:42,4
DA:44,4
DA:45,2
DA:58,2
DA:77,4
DA:78,1
DA:80,3
DA:81,1
DA:83,2
DA:84,1
DA:86,1
DA:89,2
LF:31
LH:31
BRDA:2,0,0,9
BRDA:2,0,1,0
BRDA:8,1,0,1
BRDA:8,1,1,2
BRDA:8,2,0,3
BRDA:8,2,1,3
BRDA:8,2,2,1
BRDA:10,3,0,2
BRDA:10,3,1,0
BRDA:10,4,0,2
BRDA:10,4,1,2
BRDA:12,5,0,1
BRDA:12,5,1,1
BRDA:12,6,0,2
BRDA:12,6,1,2
BRDA:12,6,2,1
BRDA:14,7,0,2
BRDA:14,7,1,0
BRDA:14,8,0,2
BRDA:14,8,1,2
BRDA:16,9,0,1
BRDA:16,9,1,0
BRDA:18,10,0,1
BRDA:18,10,1,2
BRDA:19,11,0,1
BRDA:19,11,1,1
BRDA:19,12,0,2
BRDA:19,12,1,2
BRDA:20,13,0,1
BRDA:20,13,1,0
BRDA:20,14,0,1
BRDA:20,14,1,1
BRDA:28,15,0,1
BRDA:28,15,1,3
BRDA:28,16,0,4
BRDA:28,16,1,3
BRDA:29,17,0,1
BRDA:29,17,1,2
BRDA:29,18,0,3
BRDA:29,18,1,2
BRDA:30,19,0,2
BRDA:30,19,1,1
BRDA:34,20,0,1
BRDA:34,20,1,0
BRDA:38,21,0,10
BRDA:38,21,1,0
BRDA:44,22,0,2
BRDA:44,22,1,2
BRDA:47,23,0,2
BRDA:47,23,1,2
BRDA:50,24,0,1
BRDA:50,24,1,1
BRDA:63,25,0,1
BRDA:63,25,1,1
BRDA:66,26,0,4
BRDA:66,26,1,0
BRDA:77,27,0,1
BRDA:77,27,1,3
BRDA:80,28,0,1
BRDA:80,28,1,2
BRDA:80,29,0,3
BRDA:80,29,1,1
BRDA:83,30,0,1
BRDA:83,30,1,1
BRDA:83,31,0,2
BRDA:83,31,1,1
BRF:66
BRH:58
end_of_record
TN:
SF:pb_hooks/lib/pure/auth-headers.js
FN:1,extractBearerToken
FNF:1
FNH:1
FNDA:3,extractBearerToken
DA:2,3
DA:5,1
LF:2
LH:2
BRDA:2,0,0,3
BRDA:2,0,1,0
BRF:2
BRH:1
end_of_record
TN:
SF:pb_hooks/lib/pure/calendar-utils.js
FN:1,buildMonthRange
FN:9,formatIcalDate
FN:15,buildIcalEvent
FNF:3
FNH:3
FNDA:2,buildMonthRange
FNDA:2,formatIcalDate
FNDA:1,buildIcalEvent
DA:2,2
DA:3,2
DA:4,2
DA:5,2
DA:6,2
DA:10,2
DA:11,2
DA:12,2
DA:16,1
DA:17,1
DA:28,1
LF:11
LH:11
BRDA:3,0,0,1
BRDA:3,0,1,1
BRDA:4,1,0,1
BRDA:4,1,1,1
BRF:4
BRH:4
end_of_record
TN:
SF:pb_hooks/lib/pure/chat-ai.js
FN:3,buildGeminiContents
FN:58,buildGeminiToolDeclarations
FN:70,buildChatRequest
FN:124,parseChatResponse
FNF:4
FNH:4
FNDA:4,buildGeminiContents
FNDA:2,buildGeminiToolDeclarations
FNDA:4,buildChatRequest
FNDA:7,parseChatResponse
DA:1,1
DA:4,4
DA:5,4
DA:7,4
DA:8,9
DA:9,9
DA:10,2
DA:11,2
DA:14,7
DA:15,1
DA:16,1
DA:17,2
DA:18,2
DA:24,2
DA:26,1
DA:27,1
DA:30,6
DA:31,2
DA:32,2
DA:33,2
DA:34,2
DA:43,2
DA:44,2
DA:45,2
DA:48,4
DA:52,9
DA:55,4
DA:59,2
DA:60,2
DA:61,1
DA:67,2
DA:71,4
DA:73,4
DA:74,2
DA:75,2
DA:76,2
DA:77,1
DA:78,1
DA:82,2
DA:83,2
DA:87,2
DA:88,1
DA:90,2
DA:91,1
DA:94,2
DA:102,2
DA:108,2
DA:109,1
DA:110,1
DA:113,2
DA:125,7
DA:126,3
DA:127,3
DA:128,1
DA:131,2
DA:132,2
DA:133,2
DA:134,2
DA:136,2
DA:137,1
DA:138,1
DA:139,1
DA:140,1
DA:146,1
DA:149,1
DA:150,1
DA:151,1
DA:153,1
DA:156,4
DA:157,2
DA:158,2
DA:159,1
DA:161,1
DA:164,2
DA:165,2
DA:166,1
DA:167,1
DA:168,1
DA:169,1
DA:177,1
DA:183,1
DA:186,1
LF:82
LH:82
BRDA:9,0,0,2
BRDA:9,0,1,7
BRDA:14,1,0,1
BRDA:14,1,1,6
BRDA:16,2,0,1
BRDA:16,2,1,2
BRDA:30,3,0,2
BRDA:30,3,1,4
BRDA:30,4,0,6
BRDA:30,4,1,3
BRDA:37,5,0,1
BRDA:37,5,1,1
BRDA:39,6,0,1
BRDA:39,6,1,1
BRDA:49,7,0,1
BRDA:49,7,1,3
BRDA:50,8,0,9
BRDA:50,8,1,9
BRDA:73,9,0,2
BRDA:73,9,1,2
BRDA:76,10,0,1
BRDA:76,10,1,1
BRDA:82,11,0,0
BRDA:82,11,1,2
BRDA:87,12,0,1
BRDA:87,12,1,1
BRDA:90,13,0,1
BRDA:90,13,1,1
BRDA:96,14,0,2
BRDA:96,14,1,2
BRDA:96,15,0,1
BRDA:96,15,1,2
BRDA:103,16,0,0
BRDA:103,16,1,0
BRDA:108,17,0,1
BRDA:108,17,1,1
BRDA:108,18,0,2
BRDA:108,18,1,2
BRDA:118,19,0,1
BRDA:118,19,1,4
BRDA:125,20,0,3
BRDA:125,20,1,4
BRDA:126,21,0,3
BRDA:126,21,1,2
BRDA:127,22,0,1
BRDA:127,22,1,2
BRDA:127,23,0,2
BRDA:127,23,1,2
BRDA:127,23,2,2
BRDA:134,24,0,1
BRDA:134,24,1,1
BRDA:136,25,0,1
BRDA:136,25,1,1
BRDA:143,26,0,1
BRDA:143,26,1,1
BRDA:151,27,0,1
BRDA:151,27,1,0
BRDA:156,28,0,2
BRDA:156,28,1,2
BRDA:157,29,0,2
BRDA:157,29,1,0
BRDA:157,30,0,2
BRDA:157,30,1,2
BRDA:158,31,0,1
BRDA:158,31,1,1
BRDA:158,32,0,1
BRDA:158,32,1,1
BRDA:165,33,0,1
BRDA:165,33,1,1
BRDA:165,34,0,1
BRDA:165,34,1,1
BRDA:172,35,0,1
BRDA:172,35,1,0
BRDA:174,36,0,0
BRDA:174,36,1,1
BRDA:179,37,0,1
BRDA:179,37,1,1
BRDA:183,38,0,7
BRDA:183,38,1,1
BRF:79
BRH:72
end_of_record
TN:
SF:pb_hooks/lib/pure/exchange-rates.js
FN:1,normalizeRatesByMainCurrency
FNF:1
FNH:1
FNDA:4,normalizeRatesByMainCurrency
DA:2,4
DA:3,4
DA:5,4
DA:6,4
DA:7,1
DA:10,3
DA:11,3
DA:12,8
DA:13,8
DA:14,3
DA:15,5
DA:16,4
DA:20,3
DA:23,1
LF:14
LH:14
BRDA:2,0,0,4
BRDA:2,0,1,0
BRDA:6,1,0,1
BRDA:6,1,1,3
BRDA:13,2,0,3
BRDA:13,2,1,5
BRDA:15,3,0,4
BRDA:15,3,1,1
BRF:8
BRH:7
end_of_record
TN:
SF:pb_hooks/lib/pure/logo-utils.js
FN:1,extractImageUrlsFromPage
FN:5,(anonymous_1)
FN:15,(anonymous_2)
FNF:3
FNH:3
FNDA:4,extractImageUrlsFromPage
FNDA:9,(anonymous_1)
FNDA:9,(anonymous_2)
DA:2,4
DA:3,4
DA:5,4
DA:6,9
DA:7,5
DA:8,5
DA:11,4
DA:12,4
DA:13,4
DA:15,4
DA:16,9
DA:17,9
DA:18,8
DA:19,8
DA:20,7
DA:21,7
DA:22,7
DA:23,7
DA:24,7
DA:25,7
DA:26,7
DA:28,6
DA:29,6
DA:30,9
DA:31,9
DA:32,9
DA:33,9
DA:34,9
DA:35,9
DA:37,1
DA:40,4
DA:44,4
DA:45,9
DA:46,9
DA:47,9
DA:48,9
DA:49,9
DA:50,9
DA:51,4
DA:52,4
DA:55,4
DA:56,4
DA:62,4
DA:64,12
DA:65,8
DA:66,8
DA:67,8
DA:68,8
DA:69,7
DA:70,7
DA:71,7
DA:72,7
DA:74,7
DA:75,7
DA:76,7
DA:77,8
DA:78,8
DA:79,8
DA:80,8
DA:82,2
DA:85,5
DA:90,4
DA:93,1
LF:63
LH:63
BRDA:6,0,0,4
BRDA:6,0,1,5
BRDA:6,1,0,9
BRDA:6,1,1,9
BRDA:6,1,2,5
BRDA:17,2,0,1
BRDA:17,2,1,8
BRDA:18,3,0,0
BRDA:18,3,1,8
BRDA:19,4,0,1
BRDA:19,4,1,7
BRDA:20,5,0,0
BRDA:20,5,1,7
BRDA:20,6,0,7
BRDA:20,6,1,2
BRDA:21,7,0,0
BRDA:21,7,1,7
BRDA:22,8,0,0
BRDA:22,8,1,7
BRDA:23,9,0,0
BRDA:23,9,1,7
BRDA:24,10,0,0
BRDA:24,10,1,7
BRDA:25,11,0,0
BRDA:25,11,1,7
BRDA:25,12,0,7
BRDA:25,12,1,7
BRDA:25,12,2,7
BRDA:26,13,0,1
BRDA:26,13,1,6
BRDA:26,14,0,7
BRDA:26,14,1,6
BRDA:29,15,0,2
BRDA:29,15,1,4
BRDA:31,16,0,9
BRDA:31,16,1,0
BRDA:35,17,0,1
BRDA:35,17,1,8
BRDA:35,18,0,9
BRDA:35,18,1,1
BRDA:35,18,2,1
BRDA:44,19,0,4
BRDA:44,19,1,9
BRDA:47,20,0,0
BRDA:47,20,1,9
BRDA:48,21,0,9
BRDA:48,21,1,1
BRDA:48,21,2,8
BRDA:49,22,0,9
BRDA:49,22,1,0
BRDA:50,23,0,5
BRDA:50,23,1,4
BRDA:50,24,0,9
BRDA:50,24,1,9
BRDA:51,25,0,2
BRDA:51,25,1,2
BRDA:55,26,0,4
BRDA:55,26,1,0
BRDA:64,27,0,12
BRDA:64,27,1,9
BRDA:65,28,0,8
BRDA:65,28,1,0
BRDA:66,29,0,0
BRDA:66,29,1,8
BRDA:68,30,0,1
BRDA:68,30,1,7
BRDA:69,31,0,0
BRDA:69,31,1,7
BRDA:70,32,0,0
BRDA:70,32,1,7
BRDA:71,33,0,0
BRDA:71,33,1,7
BRDA:72,34,0,0
BRDA:72,34,1,7
BRDA:72,35,0,7
BRDA:72,35,1,7
BRDA:76,36,0,7
BRDA:76,36,1,0
BRDA:80,37,0,0
BRDA:80,37,1,8
BRDA:80,38,0,8
BRDA:80,38,1,2
BRDA:80,38,2,1
BRF:83
BRH:64
end_of_record
TN:
SF:pb_hooks/lib/pure/subscription-import.js
FN:1,detectWallosFormat
FN:6,parseCycleAndFrequency
FN:37,parseWallosPrice
FNF:3
FNH:3
FNDA:3,detectWallosFormat
FNDA:5,parseCycleAndFrequency
FNDA:4,parseWallosPrice
DA:2,3
DA:7,5
DA:8,4
DA:9,4
DA:15,4
DA:17,3
DA:18,3
DA:20,2
DA:31,2
DA:38,4
DA:39,4
DA:40,4
DA:41,1
DA:43,3
DA:49,1
LF:15
LH:15
BRDA:2,0,0,3
BRDA:2,0,1,2
BRDA:2,1,0,3
BRDA:2,1,1,0
BRDA:3,2,0,2
BRDA:3,2,1,0
BRDA:7,3,0,1
BRDA:7,3,1,4
BRDA:15,4,0,1
BRDA:15,4,1,3
BRDA:18,5,0,1
BRDA:18,5,1,2
BRDA:32,6,0,2
BRDA:32,6,1,0
BRDA:38,7,0,4
BRDA:38,7,1,0
BRDA:40,8,0,1
BRDA:40,8,1,3
BRDA:41,9,0,1
BRDA:41,9,1,1
BRDA:45,10,0,3
BRDA:45,10,1,0
BRF:22
BRH:17
end_of_record
TN:
SF:pb_hooks/lib/pure/totp-core.js
FN:1,_sha1
FN:73,_hmacSha1
FN:79,(anonymous_2)
FN:80,(anonymous_3)
FN:84,_base32Decode
FN:105,counterToBytes
FN:115,truncateHmacToOtp
FN:126,generateTOTPAt
FN:134,verifyTOTPAt
FN:148,verifyTOTP
FN:160,normalizeBackupCode
FN:164,findBackupCodeIndex
FNF:12
FNH:12
FNDA:124,_sha1
FNDA:54,_hmacSha1
FNDA:3456,(anonymous_2)
FNDA:3456,(anonymous_3)
FNDA:125,_base32Decode
FNDA:49,counterToBytes
FNDA:49,truncateHmacToOtp
FNDA:1,generateTOTPAt
FNDA:24,verifyTOTPAt
FNDA:22,verifyTOTP
FNDA:7,normalizeBackupCode
FNDA:3,findBackupCodeIndex
DA:2,124
DA:3,124
DA:4,124
DA:5,124
DA:6,124
DA:8,124
DA:9,124
DA:10,5151
DA:12,124
DA:13,124
DA:14,124
DA:16,124
DA:17,243
DA:18,243
DA:19,3888
DA:20,3888
DA:22,243
DA:23,15552
DA:24,15552
DA:27,243
DA:28,243
DA:29,243
DA:30,243
DA:31,243
DA:32,243
DA:35,19440
DA:36,4860
DA:37,4860
DA:38,14580
DA:39,4860
DA:40,4860
DA:41,9720
DA:42,4860
DA:43,4860
DA:45,4860
DA:46,4860
DA:49,19440
DA:50,19440
DA:51,19440
DA:52,19440
DA:53,19440
DA:54,19440
DA:57,243
DA:58,243
DA:59,243
DA:60,243
DA:61,243
DA:64,124
DA:74,54
DA:75,54
DA:76,54
DA:77,54
DA:78,2381
DA:79,3456
DA:80,3456
DA:81,54
DA:85,125
DA:86,125
DA:87,125
DA:88,125
DA:89,125
DA:91,125
DA:92,3914
DA:93,3914
DA:94,3912
DA:95,3912
DA:96,3912
DA:97,2444
DA:98,2444
DA:102,125
DA:106,49
DA:116,49
DA:117,49
DA:118,49
DA:122,49
DA:123,49
DA:127,1
DA:128,1
DA:129,1
DA:130,1
DA:131,1
DA:135,24
DA:136,24
DA:137,24
DA:138,24
DA:140,24
DA:141,48
DA:142,48
DA:143,48
DA:145,3
DA:149,22
DA:150,22
DA:161,7
DA:165,3
DA:166,3
DA:167,2
DA:168,3
DA:170,1
DA:173,1
LF:99
LH:99
BRDA:35,0,0,4860
BRDA:35,0,1,14580
BRDA:38,1,0,4860
BRDA:38,1,1,9720
BRDA:41,2,0,4860
BRDA:41,2,1,4860
BRDA:77,3,0,1
BRDA:77,3,1,53
BRDA:86,4,0,125
BRDA:86,4,1,125
BRDA:93,5,0,2
BRDA:93,5,1,3912
BRDA:96,6,0,2444
BRDA:96,6,1,1468
BRDA:116,7,0,49
BRDA:116,7,1,49
BRDA:127,8,0,1
BRDA:127,8,1,1
BRDA:131,9,0,1
BRDA:131,9,1,1
BRDA:135,10,0,2
BRDA:135,10,1,2
BRDA:136,11,0,24
BRDA:136,11,1,24
BRDA:143,12,0,21
BRDA:143,12,1,27
BRDA:143,13,0,48
BRDA:143,13,1,48
BRDA:149,14,0,22
BRDA:149,14,1,22
BRDA:153,15,0,22
BRDA:153,15,1,0
BRDA:161,16,0,0
BRDA:161,16,1,7
BRDA:166,17,0,1
BRDA:166,17,1,2
BRDA:168,18,0,1
BRDA:168,18,1,2
BRF:38
BRH:36
end_of_record
