TN:
SF:pb_hooks/lib/date-helpers.js
FN:8,advanceDate
FN:37,getPricePerMonth
FNF:2
FNH:2
FNDA:5,advanceDate
FNDA:6,getPricePerMonth
DA:9,5
DA:11,5
DA:13,2
DA:14,2
DA:16,1
DA:17,1
DA:19,1
DA:20,1
DA:22,1
DA:23,1
DA:26,5
DA:38,6
DA:40,6
DA:42,1
DA:44,1
DA:46,2
DA:48,1
DA:50,1
DA:54,1
LF:19
LH:19
BRDA:11,0,0,2
BRDA:11,0,1,1
BRDA:11,0,2,1
BRDA:11,0,3,1
BRDA:38,1,0,6
BRDA:38,1,1,2
BRDA:40,2,0,1
BRDA:40,2,1,1
BRDA:40,2,2,2
BRDA:40,2,3,1
BRDA:40,2,4,1
BRF:11
BRH:11
end_of_record
TN:
SF:pb_hooks/lib/totp.js
FN:4,generateBackupCodes
FN:5,(anonymous_1)
FNF:2
FNH:2
FNDA:2,generateBackupCodes
FNDA:16,(anonymous_1)
DA:1,2
DA:2,2
DA:5,2
DA:6,16
DA:9,2
DA:10,2
DA:11,2
DA:12,16
DA:14,2
DA:17,2
LF:10
LH:10
BRDA:1,0,0,1
BRDA:1,0,1,1
BRDA:5,1,0,2
BRDA:5,1,1,16
BRF:4
BRH:4
end_of_record
TN:
SF:pb_hooks/lib/pure/ai-parsers.js
FN:1,cleanModelName
FN:5,parseModels
FN:27,getRawResponseText
FN:33,stripJsonFence
FN:37,detectGeminiUrl
FN:41,buildRecommendationRequest
FN:76,extractRecommendationText
FNF:7
FNH:7
FNDA:12,cleanModelName
FNDA:10,parseModels
FNDA:4,getRawResponseText
FNDA:3,stripJsonFence
FNDA:14,detectGeminiUrl
FNDA:5,buildRecommendationRequest
FNDA:4,extractRecommendationText
DA:2,12
DA:6,10
DA:8,10
DA:9,2
DA:10,4
DA:12,8
DA:13,2
DA:14,4
DA:16,6
DA:17,2
DA:18,4
DA:19,3
DA:20,2
DA:24,10
DA:28,4
DA:29,3
DA:30,2
DA:34,3
DA:38,14
DA:42,5
DA:44,5
DA:45,2
DA:58,3
DA:77,4
DA:78,1
DA:80,3
DA:81,1
DA:83,2
DA:84,1
DA:86,1
DA:89,2
LF:31
LH:31
BRDA:2,0,0,12
BRDA:2,0,1,1
BRDA:8,1,0,2
BRDA:8,1,1,8
BRDA:8,2,0,10
BRDA:8,2,1,9
BRDA:8,2,2,2
BRDA:10,3,0,3
BRDA:10,3,1,1
BRDA:10,4,0,4
BRDA:10,4,1,4
BRDA:12,5,0,2
BRDA:12,5,1,6
BRDA:12,6,0,8
BRDA:12,6,1,7
BRDA:12,6,2,2
BRDA:14,7,0,3
BRDA:14,7,1,1
BRDA:14,8,0,4
BRDA:14,8,1,4
BRDA:16,9,0,2
BRDA:16,9,1,4
BRDA:18,10,0,1
BRDA:18,10,1,3
BRDA:19,11,0,1
BRDA:19,11,1,2
BRDA:19,12,0,3
BRDA:19,12,1,3
BRDA:20,13,0,1
BRDA:20,13,1,1
BRDA:20,14,0,2
BRDA:20,14,1,2
BRDA:28,15,0,1
BRDA:28,15,1,3
BRDA:28,16,0,4
BRDA:28,16,1,3
BRDA:29,17,0,1
BRDA:29,17,1,2
BRDA:29,18,0,3
BRDA:29,18,1,2
BRDA:30,19,0,2
BRDA:30,19,1,1
BRDA:34,20,0,3
BRDA:34,20,1,2
BRDA:38,21,0,14
BRDA:38,21,1,1
BRDA:44,22,0,2
BRDA:44,22,1,3
BRDA:47,23,0,2
BRDA:47,23,1,2
BRDA:50,24,0,1
BRDA:50,24,1,1
BRDA:63,25,0,2
BRDA:63,25,1,1
BRDA:66,26,0,5
BRDA:66,26,1,1
BRDA:77,27,0,1
BRDA:77,27,1,3
BRDA:80,28,0,1
BRDA:80,28,1,2
BRDA:80,29,0,3
BRDA:80,29,1,1
BRDA:83,30,0,1
BRDA:83,30,1,1
BRDA:83,31,0,2
BRDA:83,31,1,1
BRF:66
BRH:66
end_of_record
TN:
SF:pb_hooks/lib/pure/auth-headers.js
FN:1,extractBearerToken
FNF:1
FNH:1
FNDA:5,extractBearerToken
DA:2,5
DA:5,1
LF:2
LH:2
BRDA:2,0,0,5
BRDA:2,0,1,2
BRF:2
BRH:2
end_of_record
TN:
SF:pb_hooks/lib/pure/calendar-utils.js
FN:1,buildMonthRange
FN:9,formatIcalDate
FN:15,buildIcalEvent
FNF:3
FNH:3
FNDA:2,buildMonthRange
FNDA:2,formatIcalDate
FNDA:1,buildIcalEvent
DA:2,2
DA:3,2
DA:4,2
DA:5,2
DA:6,2
DA:10,2
DA:11,2
DA:12,2
DA:16,1
DA:17,1
DA:28,1
LF:11
LH:11
BRDA:3,0,0,1
BRDA:3,0,1,1
BRDA:4,1,0,1
BRDA:4,1,1,1
BRF:4
BRH:4
end_of_record
TN:
SF:pb_hooks/lib/pure/chat-ai.js
FN:3,buildGeminiContents
FN:58,buildGeminiToolDeclarations
FN:70,buildChatRequest
FN:124,parseChatResponse
FNF:4
FNH:4
FNDA:5,buildGeminiContents
FNDA:3,buildGeminiToolDeclarations
FNDA:6,buildChatRequest
FNDA:10,parseChatResponse
DA:1,1
DA:4,5
DA:5,5
DA:7,5
DA:8,10
DA:9,10
DA:10,2
DA:11,2
DA:14,8
DA:15,1
DA:16,1
DA:17,2
DA:18,2
DA:24,2
DA:26,1
DA:27,1
DA:30,7
DA:31,2
DA:32,2
DA:33,2
DA:34,2
DA:43,2
DA:44,2
DA:45,2
DA:48,5
DA:52,10
DA:55,5
DA:59,3
DA:60,3
DA:61,1
DA:67,3
DA:71,6
DA:73,6
DA:74,3
DA:75,3
DA:76,3
DA:77,1
DA:78,1
DA:82,3
DA:83,3
DA:87,3
DA:88,1
DA:90,3
DA:91,1
DA:94,3
DA:102,3
DA:108,3
DA:109,1
DA:110,1
DA:113,3
DA:125,10
DA:126,4
DA:127,4
DA:128,1
DA:131,3
DA:132,3
DA:133,3
DA:134,4
DA:136,3
DA:137,1
DA:138,1
DA:139,1
DA:140,1
DA:146,1
DA:149,2
DA:150,2
DA:151,3
DA:153,2
DA:156,6
DA:157,4
DA:158,3
DA:159,1
DA:161,2
DA:164,3
DA:165,3
DA:166,2
DA:167,2
DA:168,2
DA:169,2
DA:177,2
DA:183,1
DA:186,1
LF:82
LH:82
BRDA:9,0,0,2
BRDA:9,0,1,8
BRDA:14,1,0,1
BRDA:14,1,1,7
BRDA:16,2,0,1
BRDA:16,2,1,2
BRDA:30,3,0,2
BRDA:30,3,1,5
BRDA:30,4,0,7
BRDA:30,4,1,3
BRDA:37,5,0,1
BRDA:37,5,1,1
BRDA:39,6,0,1
BRDA:39,6,1,1
BRDA:49,7,0,1
BRDA:49,7,1,4
BRDA:50,8,0,10
BRDA:50,8,1,10
BRDA:73,9,0,3
BRDA:73,9,1,3
BRDA:76,10,0,1
BRDA:76,10,1,2
BRDA:82,11,0,1
BRDA:82,11,1,3
BRDA:87,12,0,1
BRDA:87,12,1,2
BRDA:90,13,0,1
BRDA:90,13,1,2
BRDA:96,14,0,3
BRDA:96,14,1,3
BRDA:96,15,0,1
BRDA:96,15,1,3
BRDA:103,16,0,1
BRDA:103,16,1,1
BRDA:108,17,0,1
BRDA:108,17,1,2
BRDA:108,18,0,3
BRDA:108,18,1,3
BRDA:118,19,0,2
BRDA:118,19,1,6
BRDA:125,20,0,4
BRDA:125,20,1,6
BRDA:126,21,0,4
BRDA:126,21,1,3
BRDA:127,22,0,1
BRDA:127,22,1,3
BRDA:127,23,0,3
BRDA:127,23,1,3
BRDA:127,23,2,3
BRDA:134,24,0,1
BRDA:134,24,1,3
BRDA:136,25,0,1
BRDA:136,25,1,2
BRDA:143,26,0,1
BRDA:143,26,1,1
BRDA:151,27,0,2
BRDA:151,27,1,1
BRDA:156,28,0,4
BRDA:156,28,1,4
BRDA:157,29,0,3
BRDA:157,29,1,1
BRDA:157,30,0,4
BRDA:157,30,1,3
BRDA:158,31,0,1
BRDA:158,31,1,2
BRDA:158,32,0,1
BRDA:158,32,1,1
BRDA:165,33,0,2
BRDA:165,33,1,1
BRDA:165,34,0,2
BRDA:165,34,1,2
BRDA:172,35,0,1
BRDA:172,35,1,1
BRDA:174,36,0,1
BRDA:174,36,1,2
BRDA:179,37,0,2
BRDA:179,37,1,1
BRDA:183,38,0,10
BRDA:183,38,1,1
BRF:79
BRH:79
end_of_record
TN:
SF:pb_hooks/lib/pure/exchange-rates.js
FN:1,normalizeRatesByMainCurrency
FNF:1
FNH:1
FNDA:5,normalizeRatesByMainCurrency
DA:2,5
DA:3,5
DA:5,5
DA:6,5
DA:7,1
DA:10,4
DA:11,4
DA:12,9
DA:13,9
DA:14,4
DA:15,5
DA:16,4
DA:20,4
DA:23,1
LF:14
LH:14
BRDA:2,0,0,5
BRDA:2,0,1,1
BRDA:6,1,0,1
BRDA:6,1,1,4
BRDA:13,2,0,4
BRDA:13,2,1,5
BRDA:15,3,0,4
BRDA:15,3,1,1
BRF:8
BRH:8
end_of_record
TN:
SF:pb_hooks/lib/pure/logo-utils.js
FN:1,extractImageUrlsFromPage
FN:5,(anonymous_1)
FN:15,(anonymous_2)
FNF:3
FNH:3
FNDA:11,extractImageUrlsFromPage
FNDA:18,(anonymous_1)
FNDA:18,(anonymous_2)
DA:2,11
DA:3,11
DA:5,11
DA:6,18
DA:7,12
DA:8,12
DA:11,11
DA:12,11
DA:13,11
DA:15,11
DA:16,18
DA:17,18
DA:18,17
DA:19,15
DA:20,14
DA:23,13
DA:26,12
DA:27,11
DA:28,10
DA:30,9
DA:31,9
DA:32,18
DA:35,18
DA:36,18
DA:37,18
DA:38,18
DA:40,1
DA:43,7
DA:47,11
DA:48,19
DA:49,19
DA:50,19
DA:51,18
DA:54,19
DA:55,7
DA:56,7
DA:59,11
DA:60,10
DA:66,10
DA:68,30
DA:73,21
DA:74,21
DA:77,18
DA:78,17
DA:79,15
DA:80,14
DA:82,13
DA:83,13
DA:86,21
DA:87,21
DA:88,21
DA:92,2
DA:95,11
DA:100,11
DA:103,1
LF:55
LH:55
BRDA:6,0,0,6
BRDA:6,0,1,12
BRDA:6,1,0,18
BRDA:6,1,1,18
BRDA:6,1,2,12
BRDA:17,2,0,1
BRDA:17,2,1,17
BRDA:18,3,0,2
BRDA:18,3,1,15
BRDA:19,4,0,1
BRDA:19,4,1,14
BRDA:20,5,0,1
BRDA:20,5,1,13
BRDA:20,6,0,14
BRDA:20,6,1,3
BRDA:23,7,0,1
BRDA:23,7,1,12
BRDA:26,8,0,1
BRDA:26,8,1,11
BRDA:27,9,0,1
BRDA:27,9,1,10
BRDA:27,10,0,11
BRDA:27,10,1,10
BRDA:27,10,2,10
BRDA:28,11,0,1
BRDA:28,11,1,9
BRDA:28,12,0,10
BRDA:28,12,1,9
BRDA:31,13,0,2
BRDA:31,13,1,7
BRDA:38,14,0,1
BRDA:38,14,1,17
BRDA:38,15,0,18
BRDA:38,15,1,1
BRDA:38,15,2,1
BRDA:47,16,0,11
BRDA:47,16,1,19
BRDA:50,17,0,1
BRDA:50,17,1,18
BRDA:51,18,0,18
BRDA:51,18,1,1
BRDA:51,18,2,17
BRDA:54,19,0,11
BRDA:54,19,1,8
BRDA:54,20,0,19
BRDA:54,20,1,18
BRDA:55,21,0,2
BRDA:55,21,1,5
BRDA:59,22,0,10
BRDA:59,22,1,1
BRDA:68,23,0,30
BRDA:68,23,1,22
BRDA:74,24,0,3
BRDA:74,24,1,18
BRDA:77,25,0,1
BRDA:77,25,1,17
BRDA:78,26,0,2
BRDA:78,26,1,15
BRDA:79,27,0,1
BRDA:79,27,1,14
BRDA:79,28,0,15
BRDA:79,28,1,14
BRDA:80,29,0,1
BRDA:80,29,1,13
BRDA:80,30,0,14
BRDA:80,30,1,13
BRDA:80,30,2,13
BRF:67
BRH:67
end_of_record
TN:
SF:pb_hooks/lib/pure/reminder-slots.js
FN:15,normalizeReminderSlots
FNF:1
FNH:1
FNDA:14,normalizeReminderSlots
DA:16,14
DA:17,14
DA:19,14
DA:20,2
DA:21,2
DA:23,1
DA:27,14
DA:28,14
DA:29,8
DA:30,6
DA:31,1
DA:32,2
DA:36,14
DA:37,14
DA:38,16
DA:39,16
DA:41,16
DA:42,5
DA:45,11
DA:51,14
DA:54,1
LF:21
LH:21
BRDA:19,0,0,2
BRDA:19,0,1,12
BRDA:19,1,0,14
BRDA:19,1,1,3
BRDA:28,2,0,8
BRDA:28,2,1,6
BRDA:30,3,0,1
BRDA:30,3,1,5
BRDA:30,4,0,6
BRDA:30,4,1,3
BRDA:30,4,2,2
BRDA:38,5,0,16
BRDA:38,5,1,14
BRDA:39,6,0,16
BRDA:39,6,1,14
BRDA:41,7,0,5
BRDA:41,7,1,11
BRDA:41,8,0,16
BRDA:41,8,1,12
BRDA:51,9,0,6
BRDA:51,9,1,8
BRF:21
BRH:21
end_of_record
TN:
SF:pb_hooks/lib/pure/subscription-import.js
FN:1,detectWallosFormat
FN:6,parseCycleAndFrequency
FN:38,parseWallosPrice
FNF:3
FNH:3
FNDA:4,detectWallosFormat
FNDA:5,parseCycleAndFrequency
FNDA:6,parseWallosPrice
DA:2,4
DA:7,5
DA:8,4
DA:9,4
DA:15,4
DA:17,3
DA:18,3
DA:20,2
DA:31,2
DA:39,6
DA:40,6
DA:41,6
DA:42,1
DA:44,5
DA:50,1
LF:15
LH:15
BRDA:2,0,0,4
BRDA:2,0,1,3
BRDA:2,1,0,4
BRDA:2,1,1,1
BRDA:3,2,0,3
BRDA:3,2,1,1
BRDA:7,3,0,1
BRDA:7,3,1,4
BRDA:15,4,0,1
BRDA:15,4,1,3
BRDA:18,5,0,1
BRDA:18,5,1,2
BRDA:39,6,0,6
BRDA:39,6,1,1
BRDA:41,7,0,1
BRDA:41,7,1,5
BRDA:42,8,0,1
BRDA:42,8,1,1
BRDA:46,9,0,5
BRDA:46,9,1,2
BRF:20
BRH:20
end_of_record
TN:
SF:pb_hooks/lib/pure/totp-core.js
FN:1,_sha1
FN:73,_hmacSha1
FN:79,(anonymous_2)
FN:80,(anonymous_3)
FN:84,_base32Decode
FN:105,counterToBytes
FN:115,truncateHmacToOtp
FN:126,generateTOTPAt
FN:134,verifyTOTPAt
FN:148,verifyTOTP
FN:160,normalizeBackupCode
FN:164,findBackupCodeIndex
FNF:12
FNH:12
FNDA:134,_sha1
FNDA:59,_hmacSha1
FNDA:3776,(anonymous_2)
FNDA:3776,(anonymous_3)
FNDA:131,_base32Decode
FNDA:54,counterToBytes
FNDA:54,truncateHmacToOtp
FNDA:1,generateTOTPAt
FNDA:26,verifyTOTPAt
FNDA:24,verifyTOTP
FNDA:9,normalizeBackupCode
FNDA:3,findBackupCodeIndex
DA:2,134
DA:3,134
DA:4,134
DA:5,134
DA:6,134
DA:8,134
DA:9,134
DA:10,5561
DA:12,134
DA:13,134
DA:14,134
DA:16,134
DA:17,263
DA:18,263
DA:19,4208
DA:20,4208
DA:22,263
DA:23,16832
DA:24,16832
DA:27,263
DA:28,263
DA:29,263
DA:30,263
DA:31,263
DA:32,263
DA:35,21040
DA:36,5260
DA:37,5260
DA:38,15780
DA:39,5260
DA:40,5260
DA:41,10520
DA:42,5260
DA:43,5260
DA:45,5260
DA:46,5260
DA:49,21040
DA:50,21040
DA:51,21040
DA:52,21040
DA:53,21040
DA:54,21040
DA:57,263
DA:58,263
DA:59,263
DA:60,263
DA:61,263
DA:64,134
DA:74,59
DA:75,59
DA:76,59
DA:77,59
DA:78,2601
DA:79,3776
DA:80,3776
DA:81,59
DA:85,131
DA:86,131
DA:87,131
DA:88,131
DA:89,131
DA:91,131
DA:92,4106
DA:93,4106
DA:94,4104
DA:95,4104
DA:96,4104
DA:97,2564
DA:98,2564
DA:102,131
DA:106,54
DA:116,54
DA:117,54
DA:118,54
DA:122,54
DA:123,54
DA:127,1
DA:128,1
DA:129,1
DA:130,1
DA:131,1
DA:135,26
DA:136,26
DA:137,26
DA:138,26
DA:140,26
DA:141,53
DA:142,53
DA:143,53
DA:145,4
DA:149,24
DA:150,24
DA:161,9
DA:165,3
DA:166,3
DA:167,2
DA:168,3
DA:170,1
DA:173,1
LF:99
LH:99
BRDA:35,0,0,5260
BRDA:35,0,1,15780
BRDA:38,1,0,5260
BRDA:38,1,1,10520
BRDA:41,2,0,5260
BRDA:41,2,1,5260
BRDA:77,3,0,1
BRDA:77,3,1,58
BRDA:86,4,0,131
BRDA:86,4,1,131
BRDA:93,5,0,2
BRDA:93,5,1,4104
BRDA:96,6,0,2564
BRDA:96,6,1,1540
BRDA:116,7,0,54
BRDA:116,7,1,54
BRDA:127,8,0,1
BRDA:127,8,1,1
BRDA:131,9,0,1
BRDA:131,9,1,1
BRDA:135,10,0,2
BRDA:135,10,1,2
BRDA:136,11,0,26
BRDA:136,11,1,26
BRDA:143,12,0,22
BRDA:143,12,1,31
BRDA:143,13,0,53
BRDA:143,13,1,53
BRDA:149,14,0,24
BRDA:149,14,1,24
BRDA:153,15,0,22
BRDA:153,15,1,2
BRDA:161,16,0,2
BRDA:161,16,1,9
BRDA:166,17,0,1
BRDA:166,17,1,2
BRDA:168,18,0,1
BRDA:168,18,1,2
BRF:38
BRH:38
end_of_record
